-- The C compiler identification is GNU 13.3.0
-- The CXX compiler identification is GNU 13.3.0
-- Detecting C compiler ABI info
-- Detecting C compiler ABI info - done
-- Check for working C compiler: /usr/lib/ccache/cc - skipped
-- Detecting C compile features
-- Detecting C compile features - done
-- Detecting CXX compiler ABI info
-- Detecting CXX compiler ABI info - done
-- Check for working CXX compiler: /usr/lib/ccache/c++ - skipped
-- Detecting CXX compile features
-- Detecting CXX compile features - done
-- Found ament_cmake: 2.5.5 (/opt/ros/jazzy/share/ament_cmake/cmake)
-- Found Python3: /home/menna/venv-ardupilot/bin/python3 (found version "3.12.3") found components: Interpreter 
-- Found rosidl_default_generators: 1.6.0 (/opt/ros/jazzy/share/rosidl_default_generators/cmake)
-- Using all available rosidl_typesupport_c: rosidl_typesupport_fastrtps_c;rosidl_typesupport_introspection_c
-- Using all available rosidl_typesupport_cpp: rosidl_typesupport_fastrtps_cpp;rosidl_typesupport_introspection_cpp
-- Found rosidl_adapter: 4.6.7 (/opt/ros/jazzy/share/rosidl_adapter/cmake)
-- Found ament_cmake_ros: 0.12.0 (/opt/ros/jazzy/share/ament_cmake_ros/cmake)
-- Using all available rosidl_typesupport_c: rosidl_typesupport_fastrtps_c;rosidl_typesupport_introspection_c
-- Using all available rosidl_typesupport_cpp: rosidl_typesupport_fastrtps_cpp;rosidl_typesupport_introspection_cpp
-- Found python_cmake_module: 0.11.1 (/opt/ros/jazzy/share/python_cmake_module/cmake)
-- Found PythonExtra: /home/menna/venv-ardupilot/bin/python3  
-- Found Python3: /home/menna/venv-ardupilot/bin/python3 (found version "3.12.3") found components: Interpreter Development NumPy Development.Module Development.Embed 
-- Configuring done (14.0s)
-- Generating done (0.1s)
-- Build files have been written to: /home/menna/Distributed-Smart-Exam-Proctoring-System-using-ROS2/build/exam_proctoring_interfaces
[  2%] [34m[1mGenerating type hashes for ROS interfaces[0m
[  2%] Built target exam_proctoring_interfaces__rosidl_generator_type_description
[  2%] Built target ament_cmake_python_copy_exam_proctoring_interfaces
[  5%] [34m[1mGenerating C code for ROS interfaces[0m
[  8%] [32mBuilding C object CMakeFiles/exam_proctoring_interfaces__rosidl_generator_c.dir/rosidl_generator_c/exam_proctoring_interfaces/action/detail/alert__description.c.o[0m
[ 11%] [32mBuilding C object CMakeFiles/exam_proctoring_interfaces__rosidl_generator_c.dir/rosidl_generator_c/exam_proctoring_interfaces/action/detail/alert__type_support.c.o[0m
[ 14%] [32mBuilding C object CMakeFiles/exam_proctoring_interfaces__rosidl_generator_c.dir/rosidl_generator_c/exam_proctoring_interfaces/action/detail/alert__functions.c.o[0m
[ 17%] [32m[1mLinking C shared library libexam_proctoring_interfaces__rosidl_generator_c.so[0m
[ 17%] Built target exam_proctoring_interfaces__rosidl_generator_c
running egg_info
creating exam_proctoring_interfaces.egg-info
writing exam_proctoring_interfaces.egg-info/PKG-INFO
writing dependency_links to exam_proctoring_interfaces.egg-info/dependency_links.txt
writing top-level names to exam_proctoring_interfaces.egg-info/top_level.txt
writing manifest file 'exam_proctoring_interfaces.egg-info/SOURCES.txt'
reading manifest file 'exam_proctoring_interfaces.egg-info/SOURCES.txt'
writing manifest file 'exam_proctoring_interfaces.egg-info/SOURCES.txt'
[ 17%] Built target ament_cmake_python_build_exam_proctoring_interfaces_egg
[ 20%] [34m[1mGenerating C type support dispatch for ROS interfaces[0m
[ 23%] [32mBuilding CXX object CMakeFiles/exam_proctoring_interfaces__rosidl_typesupport_c.dir/rosidl_typesupport_c/exam_proctoring_interfaces/action/alert__type_support.cpp.o[0m
[ 26%] [32m[1mLinking CXX shared library libexam_proctoring_interfaces__rosidl_typesupport_c.so[0m
[ 26%] Built target exam_proctoring_interfaces__rosidl_typesupport_c
[ 29%] [34m[1mGenerating C introspection for ROS interfaces[0m
[ 32%] [32mBuilding C object CMakeFiles/exam_proctoring_interfaces__rosidl_typesupport_introspection_c.dir/rosidl_typesupport_introspection_c/exam_proctoring_interfaces/action/detail/alert__type_support.c.o[0m
[ 35%] [32m[1mLinking C shared library libexam_proctoring_interfaces__rosidl_typesupport_introspection_c.so[0m
[ 35%] Built target exam_proctoring_interfaces__rosidl_typesupport_introspection_c
[ 38%] [34m[1mGenerating C type support for eProsima Fast-RTPS[0m
[ 41%] [32mBuilding CXX object CMakeFiles/exam_proctoring_interfaces__rosidl_typesupport_fastrtps_c.dir/rosidl_typesupport_fastrtps_c/exam_proctoring_interfaces/action/detail/alert__type_support_c.cpp.o[0m
[ 44%] [32m[1mLinking CXX shared library libexam_proctoring_interfaces__rosidl_typesupport_fastrtps_c.so[0m
[ 44%] Built target exam_proctoring_interfaces__rosidl_typesupport_fastrtps_c
[ 47%] [34m[1mGenerating C++ code for ROS interfaces[0m
[ 47%] Built target exam_proctoring_interfaces__cpp
[ 50%] [34m[1mGenerating C++ type support dispatch for ROS interfaces[0m
[ 52%] [32mBuilding CXX object CMakeFiles/exam_proctoring_interfaces__rosidl_typesupport_cpp.dir/rosidl_typesupport_cpp/exam_proctoring_interfaces/action/alert__type_support.cpp.o[0m
[ 55%] [32m[1mLinking CXX shared library libexam_proctoring_interfaces__rosidl_typesupport_cpp.so[0m
[ 55%] Built target exam_proctoring_interfaces__rosidl_typesupport_cpp
[ 58%] [34m[1mGenerating C++ introspection for ROS interfaces[0m
[ 61%] [32mBuilding CXX object CMakeFiles/exam_proctoring_interfaces__rosidl_typesupport_introspection_cpp.dir/rosidl_typesupport_introspection_cpp/exam_proctoring_interfaces/action/detail/alert__type_support.cpp.o[0m
[ 64%] [32m[1mLinking CXX shared library libexam_proctoring_interfaces__rosidl_typesupport_introspection_cpp.so[0m
[ 64%] Built target exam_proctoring_interfaces__rosidl_typesupport_introspection_cpp
[ 67%] [34m[1mGenerating C++ type support for eProsima Fast-RTPS[0m
[ 70%] [32mBuilding CXX object CMakeFiles/exam_proctoring_interfaces__rosidl_typesupport_fastrtps_cpp.dir/rosidl_typesupport_fastrtps_cpp/exam_proctoring_interfaces/action/detail/dds_fastrtps/alert__type_support.cpp.o[0m
[ 73%] [32m[1mLinking CXX shared library libexam_proctoring_interfaces__rosidl_typesupport_fastrtps_cpp.so[0m
[ 73%] Built target exam_proctoring_interfaces__rosidl_typesupport_fastrtps_cpp
[ 73%] Built target exam_proctoring_interfaces
[ 76%] [34m[1mGenerating Python code for ROS interfaces[0m
[ 76%] Built target exam_proctoring_interfaces__py
[ 79%] [32mBuilding C object CMakeFiles/exam_proctoring_interfaces__rosidl_generator_py.dir/rosidl_generator_py/exam_proctoring_interfaces/action/_alert_s.c.o[0m
[ 82%] [32m[1mLinking C shared library libexam_proctoring_interfaces__rosidl_generator_py.so[0m
[ 82%] Built target exam_proctoring_interfaces__rosidl_generator_py
[ 85%] [32mBuilding C object CMakeFiles/exam_proctoring_interfaces_s__rosidl_typesupport_fastrtps_c.dir/rosidl_generator_py/exam_proctoring_interfaces/_exam_proctoring_interfaces_s.ep.rosidl_typesupport_fastrtps_c.c.o[0m
[ 88%] [32m[1mLinking C shared module rosidl_generator_py/exam_proctoring_interfaces/exam_proctoring_interfaces_s__rosidl_typesupport_fastrtps_c.so[0m
[ 88%] Built target exam_proctoring_interfaces_s__rosidl_typesupport_fastrtps_c
[ 91%] [32mBuilding C object CMakeFiles/exam_proctoring_interfaces_s__rosidl_typesupport_c.dir/rosidl_generator_py/exam_proctoring_interfaces/_exam_proctoring_interfaces_s.ep.rosidl_typesupport_c.c.o[0m
[ 94%] [32m[1mLinking C shared module rosidl_generator_py/exam_proctoring_interfaces/exam_proctoring_interfaces_s__rosidl_typesupport_c.so[0m
[ 94%] Built target exam_proctoring_interfaces_s__rosidl_typesupport_c
[ 97%] [32mBuilding C object CMakeFiles/exam_proctoring_interfaces_s__rosidl_typesupport_introspection_c.dir/rosidl_generator_py/exam_proctoring_interfaces/_exam_proctoring_interfaces_s.ep.rosidl_typesupport_introspection_c.c.o[0m
[100%] [32m[1mLinking C shared module rosidl_generator_py/exam_proctoring_interfaces/exam_proctoring_interfaces_s__rosidl_typesupport_introspection_c.so[0m
[100%] Built target exam_proctoring_interfaces_s__rosidl_typesupport_introspection_c
-- Install configuration: ""
-- Installing: /home/menna/Distributed-Smart-Exam-Proctoring-System-using-ROS2/install/exam_proctoring_interfaces/share/ament_index/resource_index/rosidl_interfaces/exam_proctoring_interfaces
-- Installing: /home/menna/Distributed-Smart-Exam-Proctoring-System-using-ROS2/install/exam_proctoring_interfaces/share/exam_proctoring_interfaces/action/Alert.json
-- Installing: /home/menna/Distributed-Smart-Exam-Proctoring-System-using-ROS2/install/exam_proctoring_interfaces/include/exam_proctoring_interfaces/exam_proctoring_interfaces
-- Installing: /home/menna/Distributed-Smart-Exam-Proctoring-System-using-ROS2/install/exam_proctoring_interfaces/include/exam_proctoring_interfaces/exam_proctoring_interfaces/msg
-- Installing: /home/menna/Distributed-Smart-Exam-Proctoring-System-using-ROS2/install/exam_proctoring_interfaces/include/exam_proctoring_interfaces/exam_proctoring_interfaces/msg/rosidl_generator_c__visibility_control.h
-- Installing: /home/menna/Distributed-Smart-Exam-Proctoring-System-using-ROS2/install/exam_proctoring_interfaces/include/exam_proctoring_interfaces/exam_proctoring_interfaces/action
-- Installing: /home/menna/Distributed-Smart-Exam-Proctoring-System-using-ROS2/install/exam_proctoring_interfaces/include/exam_proctoring_interfaces/exam_proctoring_interfaces/action/alert.h
-- Installing: /home/menna/Distributed-Smart-Exam-Proctoring-System-using-ROS2/install/exam_proctoring_interfaces/include/exam_proctoring_interfaces/exam_proctoring_interfaces/action/detail
-- Installing: /home/menna/Distributed-Smart-Exam-Proctoring-System-using-ROS2/install/exam_proctoring_interfaces/include/exam_proctoring_interfaces/exam_proctoring_interfaces/action/detail/alert__functions.h
-- Installing: /home/menna/Distributed-Smart-Exam-Proctoring-System-using-ROS2/install/exam_proctoring_interfaces/include/exam_proctoring_interfaces/exam_proctoring_interfaces/action/detail/alert__type_support.c
-- Installing: /home/menna/Distributed-Smart-Exam-Proctoring-System-using-ROS2/install/exam_proctoring_interfaces/include/exam_proctoring_interfaces/exam_proctoring_interfaces/action/detail/alert__functions.c
-- Installing: /home/menna/Distributed-Smart-Exam-Proctoring-System-using-ROS2/install/exam_proctoring_interfaces/include/exam_proctoring_interfaces/exam_proctoring_interfaces/action/detail/alert__description.c
-- Installing: /home/menna/Distributed-Smart-Exam-Proctoring-System-using-ROS2/install/exam_proctoring_interfaces/include/exam_proctoring_interfaces/exam_proctoring_interfaces/action/detail/alert__struct.h
-- Installing: /home/menna/Distributed-Smart-Exam-Proctoring-System-using-ROS2/install/exam_proctoring_interfaces/include/exam_proctoring_interfaces/exam_proctoring_interfaces/action/detail/alert__type_support.h
-- Installing: /home/menna/Distributed-Smart-Exam-Proctoring-System-using-ROS2/install/exam_proctoring_interfaces/share/exam_proctoring_interfaces/environment/library_path.sh
-- Installing: /home/menna/Distributed-Smart-Exam-Proctoring-System-using-ROS2/install/exam_proctoring_interfaces/share/exam_proctoring_interfaces/environment/library_path.dsv
-- Installing: /home/menna/Distributed-Smart-Exam-Proctoring-System-using-ROS2/install/exam_proctoring_interfaces/lib/libexam_proctoring_interfaces__rosidl_generator_c.so
-- Set non-toolchain portion of runtime path of "/home/menna/Distributed-Smart-Exam-Proctoring-System-using-ROS2/install/exam_proctoring_interfaces/lib/libexam_proctoring_interfaces__rosidl_generator_c.so" to ""
-- Up-to-date: /home/menna/Distributed-Smart-Exam-Proctoring-System-using-ROS2/install/exam_proctoring_interfaces/include/exam_proctoring_interfaces/exam_proctoring_interfaces
-- Up-to-date: /home/menna/Distributed-Smart-Exam-Proctoring-System-using-ROS2/install/exam_proctoring_interfaces/include/exam_proctoring_interfaces/exam_proctoring_interfaces/msg
-- Installing: /home/menna/Distributed-Smart-Exam-Proctoring-System-using-ROS2/install/exam_proctoring_interfaces/include/exam_proctoring_interfaces/exam_proctoring_interfaces/msg/rosidl_typesupport_fastrtps_c__visibility_control.h
-- Up-to-date: /home/menna/Distributed-Smart-Exam-Proctoring-System-using-ROS2/install/exam_proctoring_interfaces/include/exam_proctoring_interfaces/exam_proctoring_interfaces/action
-- Up-to-date: /home/menna/Distributed-Smart-Exam-Proctoring-System-using-ROS2/install/exam_proctoring_interfaces/include/exam_proctoring_interfaces/exam_proctoring_interfaces/action/detail
-- Installing: /home/menna/Distributed-Smart-Exam-Proctoring-System-using-ROS2/install/exam_proctoring_interfaces/include/exam_proctoring_interfaces/exam_proctoring_interfaces/action/detail/alert__rosidl_typesupport_fastrtps_c.h
-- Installing: /home/menna/Distributed-Smart-Exam-Proctoring-System-using-ROS2/install/exam_proctoring_interfaces/lib/libexam_proctoring_interfaces__rosidl_typesupport_fastrtps_c.so
-- Set non-toolchain portion of runtime path of "/home/menna/Distributed-Smart-Exam-Proctoring-System-using-ROS2/install/exam_proctoring_interfaces/lib/libexam_proctoring_interfaces__rosidl_typesupport_fastrtps_c.so" to ""
-- Up-to-date: /home/menna/Distributed-Smart-Exam-Proctoring-System-using-ROS2/install/exam_proctoring_interfaces/include/exam_proctoring_interfaces/exam_proctoring_interfaces
-- Up-to-date: /home/menna/Distributed-Smart-Exam-Proctoring-System-using-ROS2/install/exam_proctoring_interfaces/include/exam_proctoring_interfaces/exam_proctoring_interfaces/msg
-- Installing: /home/menna/Distributed-Smart-Exam-Proctoring-System-using-ROS2/install/exam_proctoring_interfaces/include/exam_proctoring_interfaces/exam_proctoring_interfaces/msg/rosidl_typesupport_introspection_c__visibility_control.h
-- Up-to-date: /home/menna/Distributed-Smart-Exam-Proctoring-System-using-ROS2/install/exam_proctoring_interfaces/include/exam_proctoring_interfaces/exam_proctoring_interfaces/action
-- Up-to-date: /home/menna/Distributed-Smart-Exam-Proctoring-System-using-ROS2/install/exam_proctoring_interfaces/include/exam_proctoring_interfaces/exam_proctoring_interfaces/action/detail
-- Installing: /home/menna/Distributed-Smart-Exam-Proctoring-System-using-ROS2/install/exam_proctoring_interfaces/include/exam_proctoring_interfaces/exam_proctoring_interfaces/action/detail/alert__type_support.c
-- Installing: /home/menna/Distributed-Smart-Exam-Proctoring-System-using-ROS2/install/exam_proctoring_interfaces/include/exam_proctoring_interfaces/exam_proctoring_interfaces/action/detail/alert__rosidl_typesupport_introspection_c.h
-- Installing: /home/menna/Distributed-Smart-Exam-Proctoring-System-using-ROS2/install/exam_proctoring_interfaces/lib/libexam_proctoring_interfaces__rosidl_typesupport_introspection_c.so
-- Set non-toolchain portion of runtime path of "/home/menna/Distributed-Smart-Exam-Proctoring-System-using-ROS2/install/exam_proctoring_interfaces/lib/libexam_proctoring_interfaces__rosidl_typesupport_introspection_c.so" to ""
-- Installing: /home/menna/Distributed-Smart-Exam-Proctoring-System-using-ROS2/install/exam_proctoring_interfaces/lib/libexam_proctoring_interfaces__rosidl_typesupport_c.so
-- Set non-toolchain portion of runtime path of "/home/menna/Distributed-Smart-Exam-Proctoring-System-using-ROS2/install/exam_proctoring_interfaces/lib/libexam_proctoring_interfaces__rosidl_typesupport_c.so" to ""
-- Up-to-date: /home/menna/Distributed-Smart-Exam-Proctoring-System-using-ROS2/install/exam_proctoring_interfaces/include/exam_proctoring_interfaces/exam_proctoring_interfaces
-- Up-to-date: /home/menna/Distributed-Smart-Exam-Proctoring-System-using-ROS2/install/exam_proctoring_interfaces/include/exam_proctoring_interfaces/exam_proctoring_interfaces/msg
-- Installing: /home/menna/Distributed-Smart-Exam-Proctoring-System-using-ROS2/install/exam_proctoring_interfaces/include/exam_proctoring_interfaces/exam_proctoring_interfaces/msg/rosidl_generator_cpp__visibility_control.hpp
-- Up-to-date: /home/menna/Distributed-Smart-Exam-Proctoring-System-using-ROS2/install/exam_proctoring_interfaces/include/exam_proctoring_interfaces/exam_proctoring_interfaces/action
-- Up-to-date: /home/menna/Distributed-Smart-Exam-Proctoring-System-using-ROS2/install/exam_proctoring_interfaces/include/exam_proctoring_interfaces/exam_proctoring_interfaces/action/detail
-- Installing: /home/menna/Distributed-Smart-Exam-Proctoring-System-using-ROS2/install/exam_proctoring_interfaces/include/exam_proctoring_interfaces/exam_proctoring_interfaces/action/detail/alert__builder.hpp
-- Installing: /home/menna/Distributed-Smart-Exam-Proctoring-System-using-ROS2/install/exam_proctoring_interfaces/include/exam_proctoring_interfaces/exam_proctoring_interfaces/action/detail/alert__type_support.hpp
-- Installing: /home/menna/Distributed-Smart-Exam-Proctoring-System-using-ROS2/install/exam_proctoring_interfaces/include/exam_proctoring_interfaces/exam_proctoring_interfaces/action/detail/alert__struct.hpp
-- Installing: /home/menna/Distributed-Smart-Exam-Proctoring-System-using-ROS2/install/exam_proctoring_interfaces/include/exam_proctoring_interfaces/exam_proctoring_interfaces/action/detail/alert__traits.hpp
-- Installing: /home/menna/Distributed-Smart-Exam-Proctoring-System-using-ROS2/install/exam_proctoring_interfaces/include/exam_proctoring_interfaces/exam_proctoring_interfaces/action/alert.hpp
-- Up-to-date: /home/menna/Distributed-Smart-Exam-Proctoring-System-using-ROS2/install/exam_proctoring_interfaces/include/exam_proctoring_interfaces/exam_proctoring_interfaces
-- Up-to-date: /home/menna/Distributed-Smart-Exam-Proctoring-System-using-ROS2/install/exam_proctoring_interfaces/include/exam_proctoring_interfaces/exam_proctoring_interfaces/msg
-- Installing: /home/menna/Distributed-Smart-Exam-Proctoring-System-using-ROS2/install/exam_proctoring_interfaces/include/exam_proctoring_interfaces/exam_proctoring_interfaces/msg/rosidl_typesupport_fastrtps_cpp__visibility_control.h
-- Up-to-date: /home/menna/Distributed-Smart-Exam-Proctoring-System-using-ROS2/install/exam_proctoring_interfaces/include/exam_proctoring_interfaces/exam_proctoring_interfaces/action
-- Up-to-date: /home/menna/Distributed-Smart-Exam-Proctoring-System-using-ROS2/install/exam_proctoring_interfaces/include/exam_proctoring_interfaces/exam_proctoring_interfaces/action/detail
-- Installing: /home/menna/Distributed-Smart-Exam-Proctoring-System-using-ROS2/install/exam_proctoring_interfaces/include/exam_proctoring_interfaces/exam_proctoring_interfaces/action/detail/alert__rosidl_typesupport_fastrtps_cpp.hpp
-- Installing: /home/menna/Distributed-Smart-Exam-Proctoring-System-using-ROS2/install/exam_proctoring_interfaces/include/exam_proctoring_interfaces/exam_proctoring_interfaces/action/detail/dds_fastrtps
-- Installing: /home/menna/Distributed-Smart-Exam-Proctoring-System-using-ROS2/install/exam_proctoring_interfaces/lib/libexam_proctoring_interfaces__rosidl_typesupport_fastrtps_cpp.so
-- Set non-toolchain portion of runtime path of "/home/menna/Distributed-Smart-Exam-Proctoring-System-using-ROS2/install/exam_proctoring_interfaces/lib/libexam_proctoring_interfaces__rosidl_typesupport_fastrtps_cpp.so" to ""
-- Up-to-date: /home/menna/Distributed-Smart-Exam-Proctoring-System-using-ROS2/install/exam_proctoring_interfaces/include/exam_proctoring_interfaces/exam_proctoring_interfaces
-- Up-to-date: /home/menna/Distributed-Smart-Exam-Proctoring-System-using-ROS2/install/exam_proctoring_interfaces/include/exam_proctoring_interfaces/exam_proctoring_interfaces/action
-- Up-to-date: /home/menna/Distributed-Smart-Exam-Proctoring-System-using-ROS2/install/exam_proctoring_interfaces/include/exam_proctoring_interfaces/exam_proctoring_interfaces/action/detail
-- Installing: /home/menna/Distributed-Smart-Exam-Proctoring-System-using-ROS2/install/exam_proctoring_interfaces/include/exam_proctoring_interfaces/exam_proctoring_interfaces/action/detail/alert__rosidl_typesupport_introspection_cpp.hpp
-- Installing: /home/menna/Distributed-Smart-Exam-Proctoring-System-using-ROS2/install/exam_proctoring_interfaces/include/exam_proctoring_interfaces/exam_proctoring_interfaces/action/detail/alert__type_support.cpp
-- Installing: /home/menna/Distributed-Smart-Exam-Proctoring-System-using-ROS2/install/exam_proctoring_interfaces/lib/libexam_proctoring_interfaces__rosidl_typesupport_introspection_cpp.so
-- Set non-toolchain portion of runtime path of "/home/menna/Distributed-Smart-Exam-Proctoring-System-using-ROS2/install/exam_proctoring_interfaces/lib/libexam_proctoring_interfaces__rosidl_typesupport_introspection_cpp.so" to ""
-- Installing: /home/menna/Distributed-Smart-Exam-Proctoring-System-using-ROS2/install/exam_proctoring_interfaces/lib/libexam_proctoring_interfaces__rosidl_typesupport_cpp.so
-- Set non-toolchain portion of runtime path of "/home/menna/Distributed-Smart-Exam-Proctoring-System-using-ROS2/install/exam_proctoring_interfaces/lib/libexam_proctoring_interfaces__rosidl_typesupport_cpp.so" to ""
-- Installing: /home/menna/Distributed-Smart-Exam-Proctoring-System-using-ROS2/install/exam_proctoring_interfaces/share/exam_proctoring_interfaces/environment/pythonpath.sh
-- Installing: /home/menna/Distributed-Smart-Exam-Proctoring-System-using-ROS2/install/exam_proctoring_interfaces/share/exam_proctoring_interfaces/environment/pythonpath.dsv
-- Installing: /home/menna/Distributed-Smart-Exam-Proctoring-System-using-ROS2/install/exam_proctoring_interfaces/lib/python3.12/site-packages/exam_proctoring_interfaces-0.0.0-py3.12.egg-info
-- Installing: /home/menna/Distributed-Smart-Exam-Proctoring-System-using-ROS2/install/exam_proctoring_interfaces/lib/python3.12/site-packages/exam_proctoring_interfaces-0.0.0-py3.12.egg-info/SOURCES.txt
-- Installing: /home/menna/Distributed-Smart-Exam-Proctoring-System-using-ROS2/install/exam_proctoring_interfaces/lib/python3.12/site-packages/exam_proctoring_interfaces-0.0.0-py3.12.egg-info/top_level.txt
-- Installing: /home/menna/Distributed-Smart-Exam-Proctoring-System-using-ROS2/install/exam_proctoring_interfaces/lib/python3.12/site-packages/exam_proctoring_interfaces-0.0.0-py3.12.egg-info/dependency_links.txt
-- Installing: /home/menna/Distributed-Smart-Exam-Proctoring-System-using-ROS2/install/exam_proctoring_interfaces/lib/python3.12/site-packages/exam_proctoring_interfaces-0.0.0-py3.12.egg-info/PKG-INFO
-- Installing: /home/menna/Distributed-Smart-Exam-Proctoring-System-using-ROS2/install/exam_proctoring_interfaces/lib/python3.12/site-packages/exam_proctoring_interfaces
-- Installing: /home/menna/Distributed-Smart-Exam-Proctoring-System-using-ROS2/install/exam_proctoring_interfaces/lib/python3.12/site-packages/exam_proctoring_interfaces/exam_proctoring_interfaces_s__rosidl_typesupport_fastrtps_c.so
-- Installing: /home/menna/Distributed-Smart-Exam-Proctoring-System-using-ROS2/install/exam_proctoring_interfaces/lib/python3.12/site-packages/exam_proctoring_interfaces/_exam_proctoring_interfaces_s.ep.rosidl_typesupport_fastrtps_c.c
-- Installing: /home/menna/Distributed-Smart-Exam-Proctoring-System-using-ROS2/install/exam_proctoring_interfaces/lib/python3.12/site-packages/exam_proctoring_interfaces/exam_proctoring_interfaces_s__rosidl_typesupport_introspection_c.so
-- Installing: /home/menna/Distributed-Smart-Exam-Proctoring-System-using-ROS2/install/exam_proctoring_interfaces/lib/python3.12/site-packages/exam_proctoring_interfaces/__init__.py
-- Installing: /home/menna/Distributed-Smart-Exam-Proctoring-System-using-ROS2/install/exam_proctoring_interfaces/lib/python3.12/site-packages/exam_proctoring_interfaces/exam_proctoring_interfaces_s__rosidl_typesupport_c.so
-- Installing: /home/menna/Distributed-Smart-Exam-Proctoring-System-using-ROS2/install/exam_proctoring_interfaces/lib/python3.12/site-packages/exam_proctoring_interfaces/_exam_proctoring_interfaces_s.ep.rosidl_typesupport_c.c
-- Installing: /home/menna/Distributed-Smart-Exam-Proctoring-System-using-ROS2/install/exam_proctoring_interfaces/lib/python3.12/site-packages/exam_proctoring_interfaces/action
-- Installing: /home/menna/Distributed-Smart-Exam-Proctoring-System-using-ROS2/install/exam_proctoring_interfaces/lib/python3.12/site-packages/exam_proctoring_interfaces/action/_alert_s.c
-- Installing: /home/menna/Distributed-Smart-Exam-Proctoring-System-using-ROS2/install/exam_proctoring_interfaces/lib/python3.12/site-packages/exam_proctoring_interfaces/action/__init__.py
-- Installing: /home/menna/Distributed-Smart-Exam-Proctoring-System-using-ROS2/install/exam_proctoring_interfaces/lib/python3.12/site-packages/exam_proctoring_interfaces/action/_alert.py
-- Installing: /home/menna/Distributed-Smart-Exam-Proctoring-System-using-ROS2/install/exam_proctoring_interfaces/lib/python3.12/site-packages/exam_proctoring_interfaces/_exam_proctoring_interfaces_s.ep.rosidl_typesupport_introspection_c.c
Listing '/home/menna/Distributed-Smart-Exam-Proctoring-System-using-ROS2/install/exam_proctoring_interfaces/lib/python3.12/site-packages/exam_proctoring_interfaces'...
Compiling '/home/menna/Distributed-Smart-Exam-Proctoring-System-using-ROS2/install/exam_proctoring_interfaces/lib/python3.12/site-packages/exam_proctoring_interfaces/__init__.py'...
Listing '/home/menna/Distributed-Smart-Exam-Proctoring-System-using-ROS2/install/exam_proctoring_interfaces/lib/python3.12/site-packages/exam_proctoring_interfaces/action'...
Compiling '/home/menna/Distributed-Smart-Exam-Proctoring-System-using-ROS2/install/exam_proctoring_interfaces/lib/python3.12/site-packages/exam_proctoring_interfaces/action/__init__.py'...
Compiling '/home/menna/Distributed-Smart-Exam-Proctoring-System-using-ROS2/install/exam_proctoring_interfaces/lib/python3.12/site-packages/exam_proctoring_interfaces/action/_alert.py'...
-- Installing: /home/menna/Distributed-Smart-Exam-Proctoring-System-using-ROS2/install/exam_proctoring_interfaces/lib/python3.12/site-packages/exam_proctoring_interfaces/exam_proctoring_interfaces_s__rosidl_typesupport_fastrtps_c.so
-- Set non-toolchain portion of runtime path of "/home/menna/Distributed-Smart-Exam-Proctoring-System-using-ROS2/install/exam_proctoring_interfaces/lib/python3.12/site-packages/exam_proctoring_interfaces/exam_proctoring_interfaces_s__rosidl_typesupport_fastrtps_c.so" to ""
-- Installing: /home/menna/Distributed-Smart-Exam-Proctoring-System-using-ROS2/install/exam_proctoring_interfaces/lib/python3.12/site-packages/exam_proctoring_interfaces/exam_proctoring_interfaces_s__rosidl_typesupport_introspection_c.so
-- Set non-toolchain portion of runtime path of "/home/menna/Distributed-Smart-Exam-Proctoring-System-using-ROS2/install/exam_proctoring_interfaces/lib/python3.12/site-packages/exam_proctoring_interfaces/exam_proctoring_interfaces_s__rosidl_typesupport_introspection_c.so" to ""
-- Installing: /home/menna/Distributed-Smart-Exam-Proctoring-System-using-ROS2/install/exam_proctoring_interfaces/lib/python3.12/site-packages/exam_proctoring_interfaces/exam_proctoring_interfaces_s__rosidl_typesupport_c.so
-- Set non-toolchain portion of runtime path of "/home/menna/Distributed-Smart-Exam-Proctoring-System-using-ROS2/install/exam_proctoring_interfaces/lib/python3.12/site-packages/exam_proctoring_interfaces/exam_proctoring_interfaces_s__rosidl_typesupport_c.so" to ""
-- Installing: /home/menna/Distributed-Smart-Exam-Proctoring-System-using-ROS2/install/exam_proctoring_interfaces/lib/libexam_proctoring_interfaces__rosidl_generator_py.so
-- Set non-toolchain portion of runtime path of "/home/menna/Distributed-Smart-Exam-Proctoring-System-using-ROS2/install/exam_proctoring_interfaces/lib/libexam_proctoring_interfaces__rosidl_generator_py.so" to ""
-- Installing: /home/menna/Distributed-Smart-Exam-Proctoring-System-using-ROS2/install/exam_proctoring_interfaces/share/exam_proctoring_interfaces/action/Alert.idl
-- Installing: /home/menna/Distributed-Smart-Exam-Proctoring-System-using-ROS2/install/exam_proctoring_interfaces/share/exam_proctoring_interfaces/action/Alert.action
-- Installing: /home/menna/Distributed-Smart-Exam-Proctoring-System-using-ROS2/install/exam_proctoring_interfaces/share/ament_index/resource_index/package_run_dependencies/exam_proctoring_interfaces
-- Installing: /home/menna/Distributed-Smart-Exam-Proctoring-System-using-ROS2/install/exam_proctoring_interfaces/share/ament_index/resource_index/parent_prefix_path/exam_proctoring_interfaces
-- Installing: /home/menna/Distributed-Smart-Exam-Proctoring-System-using-ROS2/install/exam_proctoring_interfaces/share/exam_proctoring_interfaces/environment/ament_prefix_path.sh
-- Installing: /home/menna/Distributed-Smart-Exam-Proctoring-System-using-ROS2/install/exam_proctoring_interfaces/share/exam_proctoring_interfaces/environment/ament_prefix_path.dsv
-- Installing: /home/menna/Distributed-Smart-Exam-Proctoring-System-using-ROS2/install/exam_proctoring_interfaces/share/exam_proctoring_interfaces/environment/path.sh
-- Installing: /home/menna/Distributed-Smart-Exam-Proctoring-System-using-ROS2/install/exam_proctoring_interfaces/share/exam_proctoring_interfaces/environment/path.dsv
-- Installing: /home/menna/Distributed-Smart-Exam-Proctoring-System-using-ROS2/install/exam_proctoring_interfaces/share/exam_proctoring_interfaces/local_setup.bash
-- Installing: /home/menna/Distributed-Smart-Exam-Proctoring-System-using-ROS2/install/exam_proctoring_interfaces/share/exam_proctoring_interfaces/local_setup.sh
-- Installing: /home/menna/Distributed-Smart-Exam-Proctoring-System-using-ROS2/install/exam_proctoring_interfaces/share/exam_proctoring_interfaces/local_setup.zsh
-- Installing: /home/menna/Distributed-Smart-Exam-Proctoring-System-using-ROS2/install/exam_proctoring_interfaces/share/exam_proctoring_interfaces/local_setup.dsv
-- Installing: /home/menna/Distributed-Smart-Exam-Proctoring-System-using-ROS2/install/exam_proctoring_interfaces/share/exam_proctoring_interfaces/package.dsv
-- Installing: /home/menna/Distributed-Smart-Exam-Proctoring-System-using-ROS2/install/exam_proctoring_interfaces/share/ament_index/resource_index/packages/exam_proctoring_interfaces
-- Installing: /home/menna/Distributed-Smart-Exam-Proctoring-System-using-ROS2/install/exam_proctoring_interfaces/share/exam_proctoring_interfaces/cmake/export_exam_proctoring_interfaces__rosidl_generator_cExport.cmake
-- Installing: /home/menna/Distributed-Smart-Exam-Proctoring-System-using-ROS2/install/exam_proctoring_interfaces/share/exam_proctoring_interfaces/cmake/export_exam_proctoring_interfaces__rosidl_generator_cExport-noconfig.cmake
-- Installing: /home/menna/Distributed-Smart-Exam-Proctoring-System-using-ROS2/install/exam_proctoring_interfaces/share/exam_proctoring_interfaces/cmake/export_exam_proctoring_interfaces__rosidl_typesupport_fastrtps_cExport.cmake
-- Installing: /home/menna/Distributed-Smart-Exam-Proctoring-System-using-ROS2/install/exam_proctoring_interfaces/share/exam_proctoring_interfaces/cmake/export_exam_proctoring_interfaces__rosidl_typesupport_fastrtps_cExport-noconfig.cmake
-- Installing: /home/menna/Distributed-Smart-Exam-Proctoring-System-using-ROS2/install/exam_proctoring_interfaces/share/exam_proctoring_interfaces/cmake/exam_proctoring_interfaces__rosidl_typesupport_introspection_cExport.cmake
-- Installing: /home/menna/Distributed-Smart-Exam-Proctoring-System-using-ROS2/install/exam_proctoring_interfaces/share/exam_proctoring_interfaces/cmake/exam_proctoring_interfaces__rosidl_typesupport_introspection_cExport-noconfig.cmake
-- Installing: /home/menna/Distributed-Smart-Exam-Proctoring-System-using-ROS2/install/exam_proctoring_interfaces/share/exam_proctoring_interfaces/cmake/exam_proctoring_interfaces__rosidl_typesupport_cExport.cmake
-- Installing: /home/menna/Distributed-Smart-Exam-Proctoring-System-using-ROS2/install/exam_proctoring_interfaces/share/exam_proctoring_interfaces/cmake/exam_proctoring_interfaces__rosidl_typesupport_cExport-noconfig.cmake
-- Installing: /home/menna/Distributed-Smart-Exam-Proctoring-System-using-ROS2/install/exam_proctoring_interfaces/share/exam_proctoring_interfaces/cmake/export_exam_proctoring_interfaces__rosidl_generator_cppExport.cmake
-- Installing: /home/menna/Distributed-Smart-Exam-Proctoring-System-using-ROS2/install/exam_proctoring_interfaces/share/exam_proctoring_interfaces/cmake/export_exam_proctoring_interfaces__rosidl_typesupport_fastrtps_cppExport.cmake
-- Installing: /home/menna/Distributed-Smart-Exam-Proctoring-System-using-ROS2/install/exam_proctoring_interfaces/share/exam_proctoring_interfaces/cmake/export_exam_proctoring_interfaces__rosidl_typesupport_fastrtps_cppExport-noconfig.cmake
-- Installing: /home/menna/Distributed-Smart-Exam-Proctoring-System-using-ROS2/install/exam_proctoring_interfaces/share/exam_proctoring_interfaces/cmake/exam_proctoring_interfaces__rosidl_typesupport_introspection_cppExport.cmake
-- Installing: /home/menna/Distributed-Smart-Exam-Proctoring-System-using-ROS2/install/exam_proctoring_interfaces/share/exam_proctoring_interfaces/cmake/exam_proctoring_interfaces__rosidl_typesupport_introspection_cppExport-noconfig.cmake
-- Installing: /home/menna/Distributed-Smart-Exam-Proctoring-System-using-ROS2/install/exam_proctoring_interfaces/share/exam_proctoring_interfaces/cmake/exam_proctoring_interfaces__rosidl_typesupport_cppExport.cmake
-- Installing: /home/menna/Distributed-Smart-Exam-Proctoring-System-using-ROS2/install/exam_proctoring_interfaces/share/exam_proctoring_interfaces/cmake/exam_proctoring_interfaces__rosidl_typesupport_cppExport-noconfig.cmake
-- Installing: /home/menna/Distributed-Smart-Exam-Proctoring-System-using-ROS2/install/exam_proctoring_interfaces/share/exam_proctoring_interfaces/cmake/export_exam_proctoring_interfaces__rosidl_generator_pyExport.cmake
-- Installing: /home/menna/Distributed-Smart-Exam-Proctoring-System-using-ROS2/install/exam_proctoring_interfaces/share/exam_proctoring_interfaces/cmake/export_exam_proctoring_interfaces__rosidl_generator_pyExport-noconfig.cmake
-- Installing: /home/menna/Distributed-Smart-Exam-Proctoring-System-using-ROS2/install/exam_proctoring_interfaces/share/exam_proctoring_interfaces/cmake/rosidl_cmake-extras.cmake
-- Installing: /home/menna/Distributed-Smart-Exam-Proctoring-System-using-ROS2/install/exam_proctoring_interfaces/share/exam_proctoring_interfaces/cmake/ament_cmake_export_dependencies-extras.cmake
-- Installing: /home/menna/Distributed-Smart-Exam-Proctoring-System-using-ROS2/install/exam_proctoring_interfaces/share/exam_proctoring_interfaces/cmake/ament_cmake_export_include_directories-extras.cmake
-- Installing: /home/menna/Distributed-Smart-Exam-Proctoring-System-using-ROS2/install/exam_proctoring_interfaces/share/exam_proctoring_interfaces/cmake/ament_cmake_export_libraries-extras.cmake
-- Installing: /home/menna/Distributed-Smart-Exam-Proctoring-System-using-ROS2/install/exam_proctoring_interfaces/share/exam_proctoring_interfaces/cmake/ament_cmake_export_targets-extras.cmake
-- Installing: /home/menna/Distributed-Smart-Exam-Proctoring-System-using-ROS2/install/exam_proctoring_interfaces/share/exam_proctoring_interfaces/cmake/rosidl_cmake_export_typesupport_targets-extras.cmake
-- Installing: /home/menna/Distributed-Smart-Exam-Proctoring-System-using-ROS2/install/exam_proctoring_interfaces/share/exam_proctoring_interfaces/cmake/rosidl_cmake_export_typesupport_libraries-extras.cmake
-- Installing: /home/menna/Distributed-Smart-Exam-Proctoring-System-using-ROS2/install/exam_proctoring_interfaces/share/exam_proctoring_interfaces/cmake/exam_proctoring_interfacesConfig.cmake
-- Installing: /home/menna/Distributed-Smart-Exam-Proctoring-System-using-ROS2/install/exam_proctoring_interfaces/share/exam_proctoring_interfaces/cmake/exam_proctoring_interfacesConfig-version.cmake
-- Installing: /home/menna/Distributed-Smart-Exam-Proctoring-System-using-ROS2/install/exam_proctoring_interfaces/share/exam_proctoring_interfaces/package.xml
