[0.073s] Invoking command in '/home/menna/Distributed-Smart-Exam-Proctoring-System-using-ROS2/build/exam_proctoring_interfaces': CMAKE_PREFIX_PATH=${CMAKE_PREFIX_PATH}:/home/menna/Distributed-Smart-Exam-Proctoring-System-using-ROS2/install/exam_proctoring_pkg:/opt/ros/jazzy DEBUGINFOD_URLS=https://debuginfod.ubuntu.com PS1=${debian_chroot:+($debian_chroot)}\[\033[01;32m\]\u@\h\[\033[00m\]:\[\033[01;34m\]\w\[\033[00m\]\$ VIRTUAL_ENV_PROMPT=(venv-ardupilot) /usr/bin/cmake /home/menna/Distributed-Smart-Exam-Proctoring-System-using-ROS2/src/exam_proctoring_interfaces -DCMAKE_INSTALL_PREFIX=/home/menna/Distributed-Smart-Exam-Proctoring-System-using-ROS2/install/exam_proctoring_interfaces
[0.290s] -- The C compiler identification is GNU 13.3.0
[0.560s] -- The CXX compiler identification is GNU 13.3.0
[0.679s] -- Detecting C compiler ABI info
[1.027s] -- Detecting C compiler ABI info - done
[1.062s] -- Check for working C compiler: /usr/lib/ccache/cc - skipped
[1.063s] -- Detecting C compile features
[1.068s] -- Detecting C compile features - done
[1.146s] -- Detecting CXX compiler ABI info
[1.570s] -- Detecting CXX compiler ABI info - done
[1.684s] -- Check for working CXX compiler: /usr/lib/ccache/c++ - skipped
[1.684s] -- Detecting CXX compile features
[1.685s] -- Detecting CXX compile features - done
[1.698s] -- Found ament_cmake: 2.5.5 (/opt/ros/jazzy/share/ament_cmake/cmake)
[2.714s] -- Found Python3: /home/menna/venv-ardupilot/bin/python3 (found version "3.12.3") found components: Interpreter 
[3.066s] -- Found rosidl_default_generators: 1.6.0 (/opt/ros/jazzy/share/rosidl_default_generators/cmake)
[3.092s] -- Using all available rosidl_typesupport_c: rosidl_typesupport_fastrtps_c;rosidl_typesupport_introspection_c
[3.293s] -- Using all available rosidl_typesupport_cpp: rosidl_typesupport_fastrtps_cpp;rosidl_typesupport_introspection_cpp
[3.505s] -- Found rosidl_adapter: 4.6.7 (/opt/ros/jazzy/share/rosidl_adapter/cmake)
[6.782s] -- Found ament_cmake_ros: 0.12.0 (/opt/ros/jazzy/share/ament_cmake_ros/cmake)
[8.772s] -- Using all available rosidl_typesupport_c: rosidl_typesupport_fastrtps_c;rosidl_typesupport_introspection_c
[11.215s] -- Using all available rosidl_typesupport_cpp: rosidl_typesupport_fastrtps_cpp;rosidl_typesupport_introspection_cpp
[11.223s] -- Found python_cmake_module: 0.11.1 (/opt/ros/jazzy/share/python_cmake_module/cmake)
[11.907s] -- Found PythonExtra: /home/menna/venv-ardupilot/bin/python3  
[13.981s] -- Found Python3: /home/menna/venv-ardupilot/bin/python3 (found version "3.12.3") found components: Interpreter Development NumPy Development.Module Development.Embed 
[14.143s] -- Configuring done (14.0s)
[14.256s] -- Generating done (0.1s)
[14.301s] -- Build files have been written to: /home/menna/Distributed-Smart-Exam-Proctoring-System-using-ROS2/build/exam_proctoring_interfaces
[14.329s] Invoked command in '/home/menna/Distributed-Smart-Exam-Proctoring-System-using-ROS2/build/exam_proctoring_interfaces' returned '0': CMAKE_PREFIX_PATH=${CMAKE_PREFIX_PATH}:/home/menna/Distributed-Smart-Exam-Proctoring-System-using-ROS2/install/exam_proctoring_pkg:/opt/ros/jazzy DEBUGINFOD_URLS=https://debuginfod.ubuntu.com PS1=${debian_chroot:+($debian_chroot)}\[\033[01;32m\]\u@\h\[\033[00m\]:\[\033[01;34m\]\w\[\033[00m\]\$ VIRTUAL_ENV_PROMPT=(venv-ardupilot) /usr/bin/cmake /home/menna/Distributed-Smart-Exam-Proctoring-System-using-ROS2/src/exam_proctoring_interfaces -DCMAKE_INSTALL_PREFIX=/home/menna/Distributed-Smart-Exam-Proctoring-System-using-ROS2/install/exam_proctoring_interfaces
[14.330s] Invoking command in '/home/menna/Distributed-Smart-Exam-Proctoring-System-using-ROS2/build/exam_proctoring_interfaces': CMAKE_PREFIX_PATH=${CMAKE_PREFIX_PATH}:/home/menna/Distributed-Smart-Exam-Proctoring-System-using-ROS2/install/exam_proctoring_pkg:/opt/ros/jazzy DEBUGINFOD_URLS=https://debuginfod.ubuntu.com PS1=${debian_chroot:+($debian_chroot)}\[\033[01;32m\]\u@\h\[\033[00m\]:\[\033[01;34m\]\w\[\033[00m\]\$ VIRTUAL_ENV_PROMPT=(venv-ardupilot) /usr/bin/cmake --build /home/menna/Distributed-Smart-Exam-Proctoring-System-using-ROS2/build/exam_proctoring_interfaces -- -j8 -l8
[14.485s] [  2%] [34m[1mGenerating type hashes for ROS interfaces[0m
[15.154s] [  2%] Built target exam_proctoring_interfaces__rosidl_generator_type_description
[15.264s] [  2%] Built target ament_cmake_python_copy_exam_proctoring_interfaces
[15.294s] [  5%] [34m[1mGenerating C code for ROS interfaces[0m
[17.344s] [  8%] [32mBuilding C object CMakeFiles/exam_proctoring_interfaces__rosidl_generator_c.dir/rosidl_generator_c/exam_proctoring_interfaces/action/detail/alert__description.c.o[0m
[17.759s] [ 11%] [32mBuilding C object CMakeFiles/exam_proctoring_interfaces__rosidl_generator_c.dir/rosidl_generator_c/exam_proctoring_interfaces/action/detail/alert__type_support.c.o[0m
[18.037s] [ 14%] [32mBuilding C object CMakeFiles/exam_proctoring_interfaces__rosidl_generator_c.dir/rosidl_generator_c/exam_proctoring_interfaces/action/detail/alert__functions.c.o[0m
[18.086s] [ 17%] [32m[1mLinking C shared library libexam_proctoring_interfaces__rosidl_generator_c.so[0m
[18.221s] [ 17%] Built target exam_proctoring_interfaces__rosidl_generator_c
[19.532s] running egg_info
[19.642s] creating exam_proctoring_interfaces.egg-info
[19.642s] writing exam_proctoring_interfaces.egg-info/PKG-INFO
[19.644s] writing dependency_links to exam_proctoring_interfaces.egg-info/dependency_links.txt
[19.644s] writing top-level names to exam_proctoring_interfaces.egg-info/top_level.txt
[19.644s] writing manifest file 'exam_proctoring_interfaces.egg-info/SOURCES.txt'
[19.953s] reading manifest file 'exam_proctoring_interfaces.egg-info/SOURCES.txt'
[19.955s] writing manifest file 'exam_proctoring_interfaces.egg-info/SOURCES.txt'
[20.074s] [ 17%] Built target ament_cmake_python_build_exam_proctoring_interfaces_egg
[20.152s] [ 20%] [34m[1mGenerating C type support dispatch for ROS interfaces[0m
[21.281s] [ 23%] [32mBuilding CXX object CMakeFiles/exam_proctoring_interfaces__rosidl_typesupport_c.dir/rosidl_typesupport_c/exam_proctoring_interfaces/action/alert__type_support.cpp.o[0m
[21.359s] [ 26%] [32m[1mLinking CXX shared library libexam_proctoring_interfaces__rosidl_typesupport_c.so[0m
[21.489s] [ 26%] Built target exam_proctoring_interfaces__rosidl_typesupport_c
[21.511s] [ 29%] [34m[1mGenerating C introspection for ROS interfaces[0m
[23.236s] [ 32%] [32mBuilding C object CMakeFiles/exam_proctoring_interfaces__rosidl_typesupport_introspection_c.dir/rosidl_typesupport_introspection_c/exam_proctoring_interfaces/action/detail/alert__type_support.c.o[0m
[23.285s] [ 35%] [32m[1mLinking C shared library libexam_proctoring_interfaces__rosidl_typesupport_introspection_c.so[0m
[23.445s] [ 35%] Built target exam_proctoring_interfaces__rosidl_typesupport_introspection_c
[23.480s] [ 38%] [34m[1mGenerating C type support for eProsima Fast-RTPS[0m
[25.432s] [ 41%] [32mBuilding CXX object CMakeFiles/exam_proctoring_interfaces__rosidl_typesupport_fastrtps_c.dir/rosidl_typesupport_fastrtps_c/exam_proctoring_interfaces/action/detail/alert__type_support_c.cpp.o[0m
[25.491s] [ 44%] [32m[1mLinking CXX shared library libexam_proctoring_interfaces__rosidl_typesupport_fastrtps_c.so[0m
[25.793s] [ 44%] Built target exam_proctoring_interfaces__rosidl_typesupport_fastrtps_c
[25.856s] [ 47%] [34m[1mGenerating C++ code for ROS interfaces[0m
[27.336s] [ 47%] Built target exam_proctoring_interfaces__cpp
[27.368s] [ 50%] [34m[1mGenerating C++ type support dispatch for ROS interfaces[0m
[28.373s] [ 52%] [32mBuilding CXX object CMakeFiles/exam_proctoring_interfaces__rosidl_typesupport_cpp.dir/rosidl_typesupport_cpp/exam_proctoring_interfaces/action/alert__type_support.cpp.o[0m
[28.441s] [ 55%] [32m[1mLinking CXX shared library libexam_proctoring_interfaces__rosidl_typesupport_cpp.so[0m
[28.700s] [ 55%] Built target exam_proctoring_interfaces__rosidl_typesupport_cpp
[28.729s] [ 58%] [34m[1mGenerating C++ introspection for ROS interfaces[0m
[29.824s] [ 61%] [32mBuilding CXX object CMakeFiles/exam_proctoring_interfaces__rosidl_typesupport_introspection_cpp.dir/rosidl_typesupport_introspection_cpp/exam_proctoring_interfaces/action/detail/alert__type_support.cpp.o[0m
[29.881s] [ 64%] [32m[1mLinking CXX shared library libexam_proctoring_interfaces__rosidl_typesupport_introspection_cpp.so[0m
[30.135s] [ 64%] Built target exam_proctoring_interfaces__rosidl_typesupport_introspection_cpp
[30.173s] [ 67%] [34m[1mGenerating C++ type support for eProsima Fast-RTPS[0m
[31.777s] [ 70%] [32mBuilding CXX object CMakeFiles/exam_proctoring_interfaces__rosidl_typesupport_fastrtps_cpp.dir/rosidl_typesupport_fastrtps_cpp/exam_proctoring_interfaces/action/detail/dds_fastrtps/alert__type_support.cpp.o[0m
[31.838s] [ 73%] [32m[1mLinking CXX shared library libexam_proctoring_interfaces__rosidl_typesupport_fastrtps_cpp.so[0m
[32.119s] [ 73%] Built target exam_proctoring_interfaces__rosidl_typesupport_fastrtps_cpp
[32.197s] [ 73%] Built target exam_proctoring_interfaces
[32.296s] [ 76%] [34m[1mGenerating Python code for ROS interfaces[0m
[35.123s] [ 76%] Built target exam_proctoring_interfaces__py
[35.173s] [ 79%] [32mBuilding C object CMakeFiles/exam_proctoring_interfaces__rosidl_generator_py.dir/rosidl_generator_py/exam_proctoring_interfaces/action/_alert_s.c.o[0m
[35.236s] [ 82%] [32m[1mLinking C shared library libexam_proctoring_interfaces__rosidl_generator_py.so[0m
[35.403s] [ 82%] Built target exam_proctoring_interfaces__rosidl_generator_py
[35.469s] [ 85%] [32mBuilding C object CMakeFiles/exam_proctoring_interfaces_s__rosidl_typesupport_fastrtps_c.dir/rosidl_generator_py/exam_proctoring_interfaces/_exam_proctoring_interfaces_s.ep.rosidl_typesupport_fastrtps_c.c.o[0m
[35.543s] [ 88%] [32m[1mLinking C shared module rosidl_generator_py/exam_proctoring_interfaces/exam_proctoring_interfaces_s__rosidl_typesupport_fastrtps_c.so[0m
[35.674s] [ 88%] Built target exam_proctoring_interfaces_s__rosidl_typesupport_fastrtps_c
[35.735s] [ 91%] [32mBuilding C object CMakeFiles/exam_proctoring_interfaces_s__rosidl_typesupport_c.dir/rosidl_generator_py/exam_proctoring_interfaces/_exam_proctoring_interfaces_s.ep.rosidl_typesupport_c.c.o[0m
[35.779s] [ 94%] [32m[1mLinking C shared module rosidl_generator_py/exam_proctoring_interfaces/exam_proctoring_interfaces_s__rosidl_typesupport_c.so[0m
[35.898s] [ 94%] Built target exam_proctoring_interfaces_s__rosidl_typesupport_c
[35.958s] [ 97%] [32mBuilding C object CMakeFiles/exam_proctoring_interfaces_s__rosidl_typesupport_introspection_c.dir/rosidl_generator_py/exam_proctoring_interfaces/_exam_proctoring_interfaces_s.ep.rosidl_typesupport_introspection_c.c.o[0m
[36.009s] [100%] [32m[1mLinking C shared module rosidl_generator_py/exam_proctoring_interfaces/exam_proctoring_interfaces_s__rosidl_typesupport_introspection_c.so[0m
[36.176s] [100%] Built target exam_proctoring_interfaces_s__rosidl_typesupport_introspection_c
[36.235s] Invoked command in '/home/menna/Distributed-Smart-Exam-Proctoring-System-using-ROS2/build/exam_proctoring_interfaces' returned '0': CMAKE_PREFIX_PATH=${CMAKE_PREFIX_PATH}:/home/menna/Distributed-Smart-Exam-Proctoring-System-using-ROS2/install/exam_proctoring_pkg:/opt/ros/jazzy DEBUGINFOD_URLS=https://debuginfod.ubuntu.com PS1=${debian_chroot:+($debian_chroot)}\[\033[01;32m\]\u@\h\[\033[00m\]:\[\033[01;34m\]\w\[\033[00m\]\$ VIRTUAL_ENV_PROMPT=(venv-ardupilot) /usr/bin/cmake --build /home/menna/Distributed-Smart-Exam-Proctoring-System-using-ROS2/build/exam_proctoring_interfaces -- -j8 -l8
[36.277s] Invoking command in '/home/menna/Distributed-Smart-Exam-Proctoring-System-using-ROS2/build/exam_proctoring_interfaces': CMAKE_PREFIX_PATH=${CMAKE_PREFIX_PATH}:/home/menna/Distributed-Smart-Exam-Proctoring-System-using-ROS2/install/exam_proctoring_pkg:/opt/ros/jazzy DEBUGINFOD_URLS=https://debuginfod.ubuntu.com PS1=${debian_chroot:+($debian_chroot)}\[\033[01;32m\]\u@\h\[\033[00m\]:\[\033[01;34m\]\w\[\033[00m\]\$ VIRTUAL_ENV_PROMPT=(venv-ardupilot) /usr/bin/cmake --install /home/menna/Distributed-Smart-Exam-Proctoring-System-using-ROS2/build/exam_proctoring_interfaces
[36.301s] -- Install configuration: ""
[36.301s] -- Installing: /home/menna/Distributed-Smart-Exam-Proctoring-System-using-ROS2/install/exam_proctoring_interfaces/share/ament_index/resource_index/rosidl_interfaces/exam_proctoring_interfaces
[36.302s] -- Installing: /home/menna/Distributed-Smart-Exam-Proctoring-System-using-ROS2/install/exam_proctoring_interfaces/share/exam_proctoring_interfaces/action/Alert.json
[36.303s] -- Installing: /home/menna/Distributed-Smart-Exam-Proctoring-System-using-ROS2/install/exam_proctoring_interfaces/include/exam_proctoring_interfaces/exam_proctoring_interfaces
[36.304s] -- Installing: /home/menna/Distributed-Smart-Exam-Proctoring-System-using-ROS2/install/exam_proctoring_interfaces/include/exam_proctoring_interfaces/exam_proctoring_interfaces/msg
[36.304s] -- Installing: /home/menna/Distributed-Smart-Exam-Proctoring-System-using-ROS2/install/exam_proctoring_interfaces/include/exam_proctoring_interfaces/exam_proctoring_interfaces/msg/rosidl_generator_c__visibility_control.h
[36.305s] -- Installing: /home/menna/Distributed-Smart-Exam-Proctoring-System-using-ROS2/install/exam_proctoring_interfaces/include/exam_proctoring_interfaces/exam_proctoring_interfaces/action
[36.306s] -- Installing: /home/menna/Distributed-Smart-Exam-Proctoring-System-using-ROS2/install/exam_proctoring_interfaces/include/exam_proctoring_interfaces/exam_proctoring_interfaces/action/alert.h
[36.307s] -- Installing: /home/menna/Distributed-Smart-Exam-Proctoring-System-using-ROS2/install/exam_proctoring_interfaces/include/exam_proctoring_interfaces/exam_proctoring_interfaces/action/detail
[36.307s] -- Installing: /home/menna/Distributed-Smart-Exam-Proctoring-System-using-ROS2/install/exam_proctoring_interfaces/include/exam_proctoring_interfaces/exam_proctoring_interfaces/action/detail/alert__functions.h
[36.308s] -- Installing: /home/menna/Distributed-Smart-Exam-Proctoring-System-using-ROS2/install/exam_proctoring_interfaces/include/exam_proctoring_interfaces/exam_proctoring_interfaces/action/detail/alert__type_support.c
[36.309s] -- Installing: /home/menna/Distributed-Smart-Exam-Proctoring-System-using-ROS2/install/exam_proctoring_interfaces/include/exam_proctoring_interfaces/exam_proctoring_interfaces/action/detail/alert__functions.c
[36.310s] -- Installing: /home/menna/Distributed-Smart-Exam-Proctoring-System-using-ROS2/install/exam_proctoring_interfaces/include/exam_proctoring_interfaces/exam_proctoring_interfaces/action/detail/alert__description.c
[36.310s] -- Installing: /home/menna/Distributed-Smart-Exam-Proctoring-System-using-ROS2/install/exam_proctoring_interfaces/include/exam_proctoring_interfaces/exam_proctoring_interfaces/action/detail/alert__struct.h
[36.311s] -- Installing: /home/menna/Distributed-Smart-Exam-Proctoring-System-using-ROS2/install/exam_proctoring_interfaces/include/exam_proctoring_interfaces/exam_proctoring_interfaces/action/detail/alert__type_support.h
[36.312s] -- Installing: /home/menna/Distributed-Smart-Exam-Proctoring-System-using-ROS2/install/exam_proctoring_interfaces/share/exam_proctoring_interfaces/environment/library_path.sh
[36.313s] -- Installing: /home/menna/Distributed-Smart-Exam-Proctoring-System-using-ROS2/install/exam_proctoring_interfaces/share/exam_proctoring_interfaces/environment/library_path.dsv
[36.314s] -- Installing: /home/menna/Distributed-Smart-Exam-Proctoring-System-using-ROS2/install/exam_proctoring_interfaces/lib/libexam_proctoring_interfaces__rosidl_generator_c.so
[36.315s] -- Set non-toolchain portion of runtime path of "/home/menna/Distributed-Smart-Exam-Proctoring-System-using-ROS2/install/exam_proctoring_interfaces/lib/libexam_proctoring_interfaces__rosidl_generator_c.so" to ""
[36.316s] -- Up-to-date: /home/menna/Distributed-Smart-Exam-Proctoring-System-using-ROS2/install/exam_proctoring_interfaces/include/exam_proctoring_interfaces/exam_proctoring_interfaces
[36.316s] -- Up-to-date: /home/menna/Distributed-Smart-Exam-Proctoring-System-using-ROS2/install/exam_proctoring_interfaces/include/exam_proctoring_interfaces/exam_proctoring_interfaces/msg
[36.317s] -- Installing: /home/menna/Distributed-Smart-Exam-Proctoring-System-using-ROS2/install/exam_proctoring_interfaces/include/exam_proctoring_interfaces/exam_proctoring_interfaces/msg/rosidl_typesupport_fastrtps_c__visibility_control.h
[36.318s] -- Up-to-date: /home/menna/Distributed-Smart-Exam-Proctoring-System-using-ROS2/install/exam_proctoring_interfaces/include/exam_proctoring_interfaces/exam_proctoring_interfaces/action
[36.318s] -- Up-to-date: /home/menna/Distributed-Smart-Exam-Proctoring-System-using-ROS2/install/exam_proctoring_interfaces/include/exam_proctoring_interfaces/exam_proctoring_interfaces/action/detail
[36.318s] -- Installing: /home/menna/Distributed-Smart-Exam-Proctoring-System-using-ROS2/install/exam_proctoring_interfaces/include/exam_proctoring_interfaces/exam_proctoring_interfaces/action/detail/alert__rosidl_typesupport_fastrtps_c.h
[36.319s] -- Installing: /home/menna/Distributed-Smart-Exam-Proctoring-System-using-ROS2/install/exam_proctoring_interfaces/lib/libexam_proctoring_interfaces__rosidl_typesupport_fastrtps_c.so
[36.321s] -- Set non-toolchain portion of runtime path of "/home/menna/Distributed-Smart-Exam-Proctoring-System-using-ROS2/install/exam_proctoring_interfaces/lib/libexam_proctoring_interfaces__rosidl_typesupport_fastrtps_c.so" to ""
[36.321s] -- Up-to-date: /home/menna/Distributed-Smart-Exam-Proctoring-System-using-ROS2/install/exam_proctoring_interfaces/include/exam_proctoring_interfaces/exam_proctoring_interfaces
[36.322s] -- Up-to-date: /home/menna/Distributed-Smart-Exam-Proctoring-System-using-ROS2/install/exam_proctoring_interfaces/include/exam_proctoring_interfaces/exam_proctoring_interfaces/msg
[36.322s] -- Installing: /home/menna/Distributed-Smart-Exam-Proctoring-System-using-ROS2/install/exam_proctoring_interfaces/include/exam_proctoring_interfaces/exam_proctoring_interfaces/msg/rosidl_typesupport_introspection_c__visibility_control.h
[36.323s] -- Up-to-date: /home/menna/Distributed-Smart-Exam-Proctoring-System-using-ROS2/install/exam_proctoring_interfaces/include/exam_proctoring_interfaces/exam_proctoring_interfaces/action
[36.323s] -- Up-to-date: /home/menna/Distributed-Smart-Exam-Proctoring-System-using-ROS2/install/exam_proctoring_interfaces/include/exam_proctoring_interfaces/exam_proctoring_interfaces/action/detail
[36.324s] -- Installing: /home/menna/Distributed-Smart-Exam-Proctoring-System-using-ROS2/install/exam_proctoring_interfaces/include/exam_proctoring_interfaces/exam_proctoring_interfaces/action/detail/alert__type_support.c
[36.324s] -- Installing: /home/menna/Distributed-Smart-Exam-Proctoring-System-using-ROS2/install/exam_proctoring_interfaces/include/exam_proctoring_interfaces/exam_proctoring_interfaces/action/detail/alert__rosidl_typesupport_introspection_c.h
[36.325s] -- Installing: /home/menna/Distributed-Smart-Exam-Proctoring-System-using-ROS2/install/exam_proctoring_interfaces/lib/libexam_proctoring_interfaces__rosidl_typesupport_introspection_c.so
[36.328s] -- Set non-toolchain portion of runtime path of "/home/menna/Distributed-Smart-Exam-Proctoring-System-using-ROS2/install/exam_proctoring_interfaces/lib/libexam_proctoring_interfaces__rosidl_typesupport_introspection_c.so" to ""
[36.328s] -- Installing: /home/menna/Distributed-Smart-Exam-Proctoring-System-using-ROS2/install/exam_proctoring_interfaces/lib/libexam_proctoring_interfaces__rosidl_typesupport_c.so
[36.329s] -- Set non-toolchain portion of runtime path of "/home/menna/Distributed-Smart-Exam-Proctoring-System-using-ROS2/install/exam_proctoring_interfaces/lib/libexam_proctoring_interfaces__rosidl_typesupport_c.so" to ""
[36.329s] -- Up-to-date: /home/menna/Distributed-Smart-Exam-Proctoring-System-using-ROS2/install/exam_proctoring_interfaces/include/exam_proctoring_interfaces/exam_proctoring_interfaces
[36.329s] -- Up-to-date: /home/menna/Distributed-Smart-Exam-Proctoring-System-using-ROS2/install/exam_proctoring_interfaces/include/exam_proctoring_interfaces/exam_proctoring_interfaces/msg
[36.330s] -- Installing: /home/menna/Distributed-Smart-Exam-Proctoring-System-using-ROS2/install/exam_proctoring_interfaces/include/exam_proctoring_interfaces/exam_proctoring_interfaces/msg/rosidl_generator_cpp__visibility_control.hpp
[36.331s] -- Up-to-date: /home/menna/Distributed-Smart-Exam-Proctoring-System-using-ROS2/install/exam_proctoring_interfaces/include/exam_proctoring_interfaces/exam_proctoring_interfaces/action
[36.331s] -- Up-to-date: /home/menna/Distributed-Smart-Exam-Proctoring-System-using-ROS2/install/exam_proctoring_interfaces/include/exam_proctoring_interfaces/exam_proctoring_interfaces/action/detail
[36.331s] -- Installing: /home/menna/Distributed-Smart-Exam-Proctoring-System-using-ROS2/install/exam_proctoring_interfaces/include/exam_proctoring_interfaces/exam_proctoring_interfaces/action/detail/alert__builder.hpp
[36.332s] -- Installing: /home/menna/Distributed-Smart-Exam-Proctoring-System-using-ROS2/install/exam_proctoring_interfaces/include/exam_proctoring_interfaces/exam_proctoring_interfaces/action/detail/alert__type_support.hpp
[36.333s] -- Installing: /home/menna/Distributed-Smart-Exam-Proctoring-System-using-ROS2/install/exam_proctoring_interfaces/include/exam_proctoring_interfaces/exam_proctoring_interfaces/action/detail/alert__struct.hpp
[36.333s] -- Installing: /home/menna/Distributed-Smart-Exam-Proctoring-System-using-ROS2/install/exam_proctoring_interfaces/include/exam_proctoring_interfaces/exam_proctoring_interfaces/action/detail/alert__traits.hpp
[36.334s] -- Installing: /home/menna/Distributed-Smart-Exam-Proctoring-System-using-ROS2/install/exam_proctoring_interfaces/include/exam_proctoring_interfaces/exam_proctoring_interfaces/action/alert.hpp
[36.335s] -- Up-to-date: /home/menna/Distributed-Smart-Exam-Proctoring-System-using-ROS2/install/exam_proctoring_interfaces/include/exam_proctoring_interfaces/exam_proctoring_interfaces
[36.335s] -- Up-to-date: /home/menna/Distributed-Smart-Exam-Proctoring-System-using-ROS2/install/exam_proctoring_interfaces/include/exam_proctoring_interfaces/exam_proctoring_interfaces/msg
[36.336s] -- Installing: /home/menna/Distributed-Smart-Exam-Proctoring-System-using-ROS2/install/exam_proctoring_interfaces/include/exam_proctoring_interfaces/exam_proctoring_interfaces/msg/rosidl_typesupport_fastrtps_cpp__visibility_control.h
[36.337s] -- Up-to-date: /home/menna/Distributed-Smart-Exam-Proctoring-System-using-ROS2/install/exam_proctoring_interfaces/include/exam_proctoring_interfaces/exam_proctoring_interfaces/action
[36.337s] -- Up-to-date: /home/menna/Distributed-Smart-Exam-Proctoring-System-using-ROS2/install/exam_proctoring_interfaces/include/exam_proctoring_interfaces/exam_proctoring_interfaces/action/detail
[36.338s] -- Installing: /home/menna/Distributed-Smart-Exam-Proctoring-System-using-ROS2/install/exam_proctoring_interfaces/include/exam_proctoring_interfaces/exam_proctoring_interfaces/action/detail/alert__rosidl_typesupport_fastrtps_cpp.hpp
[36.339s] -- Installing: /home/menna/Distributed-Smart-Exam-Proctoring-System-using-ROS2/install/exam_proctoring_interfaces/include/exam_proctoring_interfaces/exam_proctoring_interfaces/action/detail/dds_fastrtps
[36.339s] -- Installing: /home/menna/Distributed-Smart-Exam-Proctoring-System-using-ROS2/install/exam_proctoring_interfaces/lib/libexam_proctoring_interfaces__rosidl_typesupport_fastrtps_cpp.so
[36.342s] -- Set non-toolchain portion of runtime path of "/home/menna/Distributed-Smart-Exam-Proctoring-System-using-ROS2/install/exam_proctoring_interfaces/lib/libexam_proctoring_interfaces__rosidl_typesupport_fastrtps_cpp.so" to ""
[36.342s] -- Up-to-date: /home/menna/Distributed-Smart-Exam-Proctoring-System-using-ROS2/install/exam_proctoring_interfaces/include/exam_proctoring_interfaces/exam_proctoring_interfaces
[36.343s] -- Up-to-date: /home/menna/Distributed-Smart-Exam-Proctoring-System-using-ROS2/install/exam_proctoring_interfaces/include/exam_proctoring_interfaces/exam_proctoring_interfaces/action
[36.344s] -- Up-to-date: /home/menna/Distributed-Smart-Exam-Proctoring-System-using-ROS2/install/exam_proctoring_interfaces/include/exam_proctoring_interfaces/exam_proctoring_interfaces/action/detail
[36.344s] -- Installing: /home/menna/Distributed-Smart-Exam-Proctoring-System-using-ROS2/install/exam_proctoring_interfaces/include/exam_proctoring_interfaces/exam_proctoring_interfaces/action/detail/alert__rosidl_typesupport_introspection_cpp.hpp
[36.345s] -- Installing: /home/menna/Distributed-Smart-Exam-Proctoring-System-using-ROS2/install/exam_proctoring_interfaces/include/exam_proctoring_interfaces/exam_proctoring_interfaces/action/detail/alert__type_support.cpp
[36.346s] -- Installing: /home/menna/Distributed-Smart-Exam-Proctoring-System-using-ROS2/install/exam_proctoring_interfaces/lib/libexam_proctoring_interfaces__rosidl_typesupport_introspection_cpp.so
[36.349s] -- Set non-toolchain portion of runtime path of "/home/menna/Distributed-Smart-Exam-Proctoring-System-using-ROS2/install/exam_proctoring_interfaces/lib/libexam_proctoring_interfaces__rosidl_typesupport_introspection_cpp.so" to ""
[36.349s] -- Installing: /home/menna/Distributed-Smart-Exam-Proctoring-System-using-ROS2/install/exam_proctoring_interfaces/lib/libexam_proctoring_interfaces__rosidl_typesupport_cpp.so
[36.351s] -- Set non-toolchain portion of runtime path of "/home/menna/Distributed-Smart-Exam-Proctoring-System-using-ROS2/install/exam_proctoring_interfaces/lib/libexam_proctoring_interfaces__rosidl_typesupport_cpp.so" to ""
[36.352s] -- Installing: /home/menna/Distributed-Smart-Exam-Proctoring-System-using-ROS2/install/exam_proctoring_interfaces/share/exam_proctoring_interfaces/environment/pythonpath.sh
[36.355s] -- Installing: /home/menna/Distributed-Smart-Exam-Proctoring-System-using-ROS2/install/exam_proctoring_interfaces/share/exam_proctoring_interfaces/environment/pythonpath.dsv
[36.355s] -- Installing: /home/menna/Distributed-Smart-Exam-Proctoring-System-using-ROS2/install/exam_proctoring_interfaces/lib/python3.12/site-packages/exam_proctoring_interfaces-0.0.0-py3.12.egg-info
[36.355s] -- Installing: /home/menna/Distributed-Smart-Exam-Proctoring-System-using-ROS2/install/exam_proctoring_interfaces/lib/python3.12/site-packages/exam_proctoring_interfaces-0.0.0-py3.12.egg-info/SOURCES.txt
[36.356s] -- Installing: /home/menna/Distributed-Smart-Exam-Proctoring-System-using-ROS2/install/exam_proctoring_interfaces/lib/python3.12/site-packages/exam_proctoring_interfaces-0.0.0-py3.12.egg-info/top_level.txt
[36.356s] -- Installing: /home/menna/Distributed-Smart-Exam-Proctoring-System-using-ROS2/install/exam_proctoring_interfaces/lib/python3.12/site-packages/exam_proctoring_interfaces-0.0.0-py3.12.egg-info/dependency_links.txt
[36.356s] -- Installing: /home/menna/Distributed-Smart-Exam-Proctoring-System-using-ROS2/install/exam_proctoring_interfaces/lib/python3.12/site-packages/exam_proctoring_interfaces-0.0.0-py3.12.egg-info/PKG-INFO
[36.357s] -- Installing: /home/menna/Distributed-Smart-Exam-Proctoring-System-using-ROS2/install/exam_proctoring_interfaces/lib/python3.12/site-packages/exam_proctoring_interfaces
[36.358s] -- Installing: /home/menna/Distributed-Smart-Exam-Proctoring-System-using-ROS2/install/exam_proctoring_interfaces/lib/python3.12/site-packages/exam_proctoring_interfaces/exam_proctoring_interfaces_s__rosidl_typesupport_fastrtps_c.so
[36.358s] -- Installing: /home/menna/Distributed-Smart-Exam-Proctoring-System-using-ROS2/install/exam_proctoring_interfaces/lib/python3.12/site-packages/exam_proctoring_interfaces/_exam_proctoring_interfaces_s.ep.rosidl_typesupport_fastrtps_c.c
[36.359s] -- Installing: /home/menna/Distributed-Smart-Exam-Proctoring-System-using-ROS2/install/exam_proctoring_interfaces/lib/python3.12/site-packages/exam_proctoring_interfaces/exam_proctoring_interfaces_s__rosidl_typesupport_introspection_c.so
[36.360s] -- Installing: /home/menna/Distributed-Smart-Exam-Proctoring-System-using-ROS2/install/exam_proctoring_interfaces/lib/python3.12/site-packages/exam_proctoring_interfaces/__init__.py
[36.361s] -- Installing: /home/menna/Distributed-Smart-Exam-Proctoring-System-using-ROS2/install/exam_proctoring_interfaces/lib/python3.12/site-packages/exam_proctoring_interfaces/exam_proctoring_interfaces_s__rosidl_typesupport_c.so
[36.361s] -- Installing: /home/menna/Distributed-Smart-Exam-Proctoring-System-using-ROS2/install/exam_proctoring_interfaces/lib/python3.12/site-packages/exam_proctoring_interfaces/_exam_proctoring_interfaces_s.ep.rosidl_typesupport_c.c
[36.363s] -- Installing: /home/menna/Distributed-Smart-Exam-Proctoring-System-using-ROS2/install/exam_proctoring_interfaces/lib/python3.12/site-packages/exam_proctoring_interfaces/action
[36.364s] -- Installing: /home/menna/Distributed-Smart-Exam-Proctoring-System-using-ROS2/install/exam_proctoring_interfaces/lib/python3.12/site-packages/exam_proctoring_interfaces/action/_alert_s.c
[36.366s] -- Installing: /home/menna/Distributed-Smart-Exam-Proctoring-System-using-ROS2/install/exam_proctoring_interfaces/lib/python3.12/site-packages/exam_proctoring_interfaces/action/__init__.py
[36.366s] -- Installing: /home/menna/Distributed-Smart-Exam-Proctoring-System-using-ROS2/install/exam_proctoring_interfaces/lib/python3.12/site-packages/exam_proctoring_interfaces/action/_alert.py
[36.369s] -- Installing: /home/menna/Distributed-Smart-Exam-Proctoring-System-using-ROS2/install/exam_proctoring_interfaces/lib/python3.12/site-packages/exam_proctoring_interfaces/_exam_proctoring_interfaces_s.ep.rosidl_typesupport_introspection_c.c
[36.531s] Listing '/home/menna/Distributed-Smart-Exam-Proctoring-System-using-ROS2/install/exam_proctoring_interfaces/lib/python3.12/site-packages/exam_proctoring_interfaces'...
[36.532s] Compiling '/home/menna/Distributed-Smart-Exam-Proctoring-System-using-ROS2/install/exam_proctoring_interfaces/lib/python3.12/site-packages/exam_proctoring_interfaces/__init__.py'...
[36.532s] Listing '/home/menna/Distributed-Smart-Exam-Proctoring-System-using-ROS2/install/exam_proctoring_interfaces/lib/python3.12/site-packages/exam_proctoring_interfaces/action'...
[36.532s] Compiling '/home/menna/Distributed-Smart-Exam-Proctoring-System-using-ROS2/install/exam_proctoring_interfaces/lib/python3.12/site-packages/exam_proctoring_interfaces/action/__init__.py'...
[36.533s] Compiling '/home/menna/Distributed-Smart-Exam-Proctoring-System-using-ROS2/install/exam_proctoring_interfaces/lib/python3.12/site-packages/exam_proctoring_interfaces/action/_alert.py'...
[36.576s] -- Installing: /home/menna/Distributed-Smart-Exam-Proctoring-System-using-ROS2/install/exam_proctoring_interfaces/lib/python3.12/site-packages/exam_proctoring_interfaces/exam_proctoring_interfaces_s__rosidl_typesupport_fastrtps_c.so
[36.576s] -- Set non-toolchain portion of runtime path of "/home/menna/Distributed-Smart-Exam-Proctoring-System-using-ROS2/install/exam_proctoring_interfaces/lib/python3.12/site-packages/exam_proctoring_interfaces/exam_proctoring_interfaces_s__rosidl_typesupport_fastrtps_c.so" to ""
[36.576s] -- Installing: /home/menna/Distributed-Smart-Exam-Proctoring-System-using-ROS2/install/exam_proctoring_interfaces/lib/python3.12/site-packages/exam_proctoring_interfaces/exam_proctoring_interfaces_s__rosidl_typesupport_introspection_c.so
[36.586s] -- Set non-toolchain portion of runtime path of "/home/menna/Distributed-Smart-Exam-Proctoring-System-using-ROS2/install/exam_proctoring_interfaces/lib/python3.12/site-packages/exam_proctoring_interfaces/exam_proctoring_interfaces_s__rosidl_typesupport_introspection_c.so" to ""
[36.586s] -- Installing: /home/menna/Distributed-Smart-Exam-Proctoring-System-using-ROS2/install/exam_proctoring_interfaces/lib/python3.12/site-packages/exam_proctoring_interfaces/exam_proctoring_interfaces_s__rosidl_typesupport_c.so
[36.587s] -- Set non-toolchain portion of runtime path of "/home/menna/Distributed-Smart-Exam-Proctoring-System-using-ROS2/install/exam_proctoring_interfaces/lib/python3.12/site-packages/exam_proctoring_interfaces/exam_proctoring_interfaces_s__rosidl_typesupport_c.so" to ""
[36.587s] -- Installing: /home/menna/Distributed-Smart-Exam-Proctoring-System-using-ROS2/install/exam_proctoring_interfaces/lib/libexam_proctoring_interfaces__rosidl_generator_py.so
[36.591s] -- Set non-toolchain portion of runtime path of "/home/menna/Distributed-Smart-Exam-Proctoring-System-using-ROS2/install/exam_proctoring_interfaces/lib/libexam_proctoring_interfaces__rosidl_generator_py.so" to ""
[36.597s] -- Installing: /home/menna/Distributed-Smart-Exam-Proctoring-System-using-ROS2/install/exam_proctoring_interfaces/share/exam_proctoring_interfaces/action/Alert.idl
[36.597s] -- Installing: /home/menna/Distributed-Smart-Exam-Proctoring-System-using-ROS2/install/exam_proctoring_interfaces/share/exam_proctoring_interfaces/action/Alert.action
[36.597s] -- Installing: /home/menna/Distributed-Smart-Exam-Proctoring-System-using-ROS2/install/exam_proctoring_interfaces/share/ament_index/resource_index/package_run_dependencies/exam_proctoring_interfaces
[36.597s] -- Installing: /home/menna/Distributed-Smart-Exam-Proctoring-System-using-ROS2/install/exam_proctoring_interfaces/share/ament_index/resource_index/parent_prefix_path/exam_proctoring_interfaces
[36.600s] -- Installing: /home/menna/Distributed-Smart-Exam-Proctoring-System-using-ROS2/install/exam_proctoring_interfaces/share/exam_proctoring_interfaces/environment/ament_prefix_path.sh
[36.601s] -- Installing: /home/menna/Distributed-Smart-Exam-Proctoring-System-using-ROS2/install/exam_proctoring_interfaces/share/exam_proctoring_interfaces/environment/ament_prefix_path.dsv
[36.602s] -- Installing: /home/menna/Distributed-Smart-Exam-Proctoring-System-using-ROS2/install/exam_proctoring_interfaces/share/exam_proctoring_interfaces/environment/path.sh
[36.603s] -- Installing: /home/menna/Distributed-Smart-Exam-Proctoring-System-using-ROS2/install/exam_proctoring_interfaces/share/exam_proctoring_interfaces/environment/path.dsv
[36.604s] -- Installing: /home/menna/Distributed-Smart-Exam-Proctoring-System-using-ROS2/install/exam_proctoring_interfaces/share/exam_proctoring_interfaces/local_setup.bash
[36.604s] -- Installing: /home/menna/Distributed-Smart-Exam-Proctoring-System-using-ROS2/install/exam_proctoring_interfaces/share/exam_proctoring_interfaces/local_setup.sh
[36.606s] -- Installing: /home/menna/Distributed-Smart-Exam-Proctoring-System-using-ROS2/install/exam_proctoring_interfaces/share/exam_proctoring_interfaces/local_setup.zsh
[36.606s] -- Installing: /home/menna/Distributed-Smart-Exam-Proctoring-System-using-ROS2/install/exam_proctoring_interfaces/share/exam_proctoring_interfaces/local_setup.dsv
[36.607s] -- Installing: /home/menna/Distributed-Smart-Exam-Proctoring-System-using-ROS2/install/exam_proctoring_interfaces/share/exam_proctoring_interfaces/package.dsv
[36.608s] -- Installing: /home/menna/Distributed-Smart-Exam-Proctoring-System-using-ROS2/install/exam_proctoring_interfaces/share/ament_index/resource_index/packages/exam_proctoring_interfaces
[36.608s] -- Installing: /home/menna/Distributed-Smart-Exam-Proctoring-System-using-ROS2/install/exam_proctoring_interfaces/share/exam_proctoring_interfaces/cmake/export_exam_proctoring_interfaces__rosidl_generator_cExport.cmake
[36.610s] -- Installing: /home/menna/Distributed-Smart-Exam-Proctoring-System-using-ROS2/install/exam_proctoring_interfaces/share/exam_proctoring_interfaces/cmake/export_exam_proctoring_interfaces__rosidl_generator_cExport-noconfig.cmake
[36.610s] -- Installing: /home/menna/Distributed-Smart-Exam-Proctoring-System-using-ROS2/install/exam_proctoring_interfaces/share/exam_proctoring_interfaces/cmake/export_exam_proctoring_interfaces__rosidl_typesupport_fastrtps_cExport.cmake
[36.611s] -- Installing: /home/menna/Distributed-Smart-Exam-Proctoring-System-using-ROS2/install/exam_proctoring_interfaces/share/exam_proctoring_interfaces/cmake/export_exam_proctoring_interfaces__rosidl_typesupport_fastrtps_cExport-noconfig.cmake
[36.613s] -- Installing: /home/menna/Distributed-Smart-Exam-Proctoring-System-using-ROS2/install/exam_proctoring_interfaces/share/exam_proctoring_interfaces/cmake/exam_proctoring_interfaces__rosidl_typesupport_introspection_cExport.cmake
[36.614s] -- Installing: /home/menna/Distributed-Smart-Exam-Proctoring-System-using-ROS2/install/exam_proctoring_interfaces/share/exam_proctoring_interfaces/cmake/exam_proctoring_interfaces__rosidl_typesupport_introspection_cExport-noconfig.cmake
[36.615s] -- Installing: /home/menna/Distributed-Smart-Exam-Proctoring-System-using-ROS2/install/exam_proctoring_interfaces/share/exam_proctoring_interfaces/cmake/exam_proctoring_interfaces__rosidl_typesupport_cExport.cmake
[36.615s] -- Installing: /home/menna/Distributed-Smart-Exam-Proctoring-System-using-ROS2/install/exam_proctoring_interfaces/share/exam_proctoring_interfaces/cmake/exam_proctoring_interfaces__rosidl_typesupport_cExport-noconfig.cmake
[36.615s] -- Installing: /home/menna/Distributed-Smart-Exam-Proctoring-System-using-ROS2/install/exam_proctoring_interfaces/share/exam_proctoring_interfaces/cmake/export_exam_proctoring_interfaces__rosidl_generator_cppExport.cmake
[36.618s] -- Installing: /home/menna/Distributed-Smart-Exam-Proctoring-System-using-ROS2/install/exam_proctoring_interfaces/share/exam_proctoring_interfaces/cmake/export_exam_proctoring_interfaces__rosidl_typesupport_fastrtps_cppExport.cmake
[36.618s] -- Installing: /home/menna/Distributed-Smart-Exam-Proctoring-System-using-ROS2/install/exam_proctoring_interfaces/share/exam_proctoring_interfaces/cmake/export_exam_proctoring_interfaces__rosidl_typesupport_fastrtps_cppExport-noconfig.cmake
[36.619s] -- Installing: /home/menna/Distributed-Smart-Exam-Proctoring-System-using-ROS2/install/exam_proctoring_interfaces/share/exam_proctoring_interfaces/cmake/exam_proctoring_interfaces__rosidl_typesupport_introspection_cppExport.cmake
[36.621s] -- Installing: /home/menna/Distributed-Smart-Exam-Proctoring-System-using-ROS2/install/exam_proctoring_interfaces/share/exam_proctoring_interfaces/cmake/exam_proctoring_interfaces__rosidl_typesupport_introspection_cppExport-noconfig.cmake
[36.623s] -- Installing: /home/menna/Distributed-Smart-Exam-Proctoring-System-using-ROS2/install/exam_proctoring_interfaces/share/exam_proctoring_interfaces/cmake/exam_proctoring_interfaces__rosidl_typesupport_cppExport.cmake
[36.623s] -- Installing: /home/menna/Distributed-Smart-Exam-Proctoring-System-using-ROS2/install/exam_proctoring_interfaces/share/exam_proctoring_interfaces/cmake/exam_proctoring_interfaces__rosidl_typesupport_cppExport-noconfig.cmake
[36.623s] -- Installing: /home/menna/Distributed-Smart-Exam-Proctoring-System-using-ROS2/install/exam_proctoring_interfaces/share/exam_proctoring_interfaces/cmake/export_exam_proctoring_interfaces__rosidl_generator_pyExport.cmake
[36.624s] -- Installing: /home/menna/Distributed-Smart-Exam-Proctoring-System-using-ROS2/install/exam_proctoring_interfaces/share/exam_proctoring_interfaces/cmake/export_exam_proctoring_interfaces__rosidl_generator_pyExport-noconfig.cmake
[36.627s] -- Installing: /home/menna/Distributed-Smart-Exam-Proctoring-System-using-ROS2/install/exam_proctoring_interfaces/share/exam_proctoring_interfaces/cmake/rosidl_cmake-extras.cmake
[36.627s] -- Installing: /home/menna/Distributed-Smart-Exam-Proctoring-System-using-ROS2/install/exam_proctoring_interfaces/share/exam_proctoring_interfaces/cmake/ament_cmake_export_dependencies-extras.cmake
[36.628s] -- Installing: /home/menna/Distributed-Smart-Exam-Proctoring-System-using-ROS2/install/exam_proctoring_interfaces/share/exam_proctoring_interfaces/cmake/ament_cmake_export_include_directories-extras.cmake
[36.628s] -- Installing: /home/menna/Distributed-Smart-Exam-Proctoring-System-using-ROS2/install/exam_proctoring_interfaces/share/exam_proctoring_interfaces/cmake/ament_cmake_export_libraries-extras.cmake
[36.628s] -- Installing: /home/menna/Distributed-Smart-Exam-Proctoring-System-using-ROS2/install/exam_proctoring_interfaces/share/exam_proctoring_interfaces/cmake/ament_cmake_export_targets-extras.cmake
[36.628s] -- Installing: /home/menna/Distributed-Smart-Exam-Proctoring-System-using-ROS2/install/exam_proctoring_interfaces/share/exam_proctoring_interfaces/cmake/rosidl_cmake_export_typesupport_targets-extras.cmake
[36.628s] -- Installing: /home/menna/Distributed-Smart-Exam-Proctoring-System-using-ROS2/install/exam_proctoring_interfaces/share/exam_proctoring_interfaces/cmake/rosidl_cmake_export_typesupport_libraries-extras.cmake
[36.628s] -- Installing: /home/menna/Distributed-Smart-Exam-Proctoring-System-using-ROS2/install/exam_proctoring_interfaces/share/exam_proctoring_interfaces/cmake/exam_proctoring_interfacesConfig.cmake
[36.629s] -- Installing: /home/menna/Distributed-Smart-Exam-Proctoring-System-using-ROS2/install/exam_proctoring_interfaces/share/exam_proctoring_interfaces/cmake/exam_proctoring_interfacesConfig-version.cmake
[36.629s] -- Installing: /home/menna/Distributed-Smart-Exam-Proctoring-System-using-ROS2/install/exam_proctoring_interfaces/share/exam_proctoring_interfaces/package.xml
[36.658s] Invoked command in '/home/menna/Distributed-Smart-Exam-Proctoring-System-using-ROS2/build/exam_proctoring_interfaces' returned '0': CMAKE_PREFIX_PATH=${CMAKE_PREFIX_PATH}:/home/menna/Distributed-Smart-Exam-Proctoring-System-using-ROS2/install/exam_proctoring_pkg:/opt/ros/jazzy DEBUGINFOD_URLS=https://debuginfod.ubuntu.com PS1=${debian_chroot:+($debian_chroot)}\[\033[01;32m\]\u@\h\[\033[00m\]:\[\033[01;34m\]\w\[\033[00m\]\$ VIRTUAL_ENV_PROMPT=(venv-ardupilot) /usr/bin/cmake --install /home/menna/Distributed-Smart-Exam-Proctoring-System-using-ROS2/build/exam_proctoring_interfaces
