running develop
running egg_info
creating exam_proctoring_pkg.egg-info
writing exam_proctoring_pkg.egg-info/PKG-INFO
writing dependency_links to exam_proctoring_pkg.egg-info/dependency_links.txt
writing entry points to exam_proctoring_pkg.egg-info/entry_points.txt
writing requirements to exam_proctoring_pkg.egg-info/requires.txt
writing top-level names to exam_proctoring_pkg.egg-info/top_level.txt
writing manifest file 'exam_proctoring_pkg.egg-info/SOURCES.txt'
reading manifest file 'exam_proctoring_pkg.egg-info/SOURCES.txt'
writing manifest file 'exam_proctoring_pkg.egg-info/SOURCES.txt'
running build_ext
Creating /home/menna/Distributed-Smart-Exam-Proctoring-System-using-ROS2/install/exam_proctoring_pkg/lib/python3.12/site-packages/exam-proctoring-pkg.egg-link (link to .)
Installing camera_streamer script to /home/menna/Distributed-Smart-Exam-Proctoring-System-using-ROS2/install/exam_proctoring_pkg/lib/exam_proctoring_pkg
Installing depth_estimator script to /home/menna/Distributed-Smart-Exam-Proctoring-System-using-ROS2/install/exam_proctoring_pkg/lib/exam_proctoring_pkg
Installing face_detector script to /home/menna/Distributed-Smart-Exam-Proctoring-System-using-ROS2/install/exam_proctoring_pkg/lib/exam_proctoring_pkg

Installed /home/menna/Distributed-Smart-Exam-Proctoring-System-using-ROS2/build/exam_proctoring_pkg
running symlink_data
creating /home/menna/Distributed-Smart-Exam-Proctoring-System-using-ROS2/install/exam_proctoring_pkg/share/ament_index
creating /home/menna/Distributed-Smart-Exam-Proctoring-System-using-ROS2/install/exam_proctoring_pkg/share/ament_index/resource_index
creating /home/menna/Distributed-Smart-Exam-Proctoring-System-using-ROS2/install/exam_proctoring_pkg/share/ament_index/resource_index/packages
symbolically linking /home/menna/Distributed-Smart-Exam-Proctoring-System-using-ROS2/build/exam_proctoring_pkg/resource/exam_proctoring_pkg -> /home/menna/Distributed-Smart-Exam-Proctoring-System-using-ROS2/install/exam_proctoring_pkg/share/ament_index/resource_index/packages
symbolically linking /home/menna/Distributed-Smart-Exam-Proctoring-System-using-ROS2/build/exam_proctoring_pkg/package.xml -> /home/menna/Distributed-Smart-Exam-Proctoring-System-using-ROS2/install/exam_proctoring_pkg/share/exam_proctoring_pkg
