[0.187s] DEBUG:colcon:Command line arguments: ['/usr/bin/colcon', 'build']
[0.187s] DEBUG:colcon:Parsed command line arguments: Namespace(log_base=None, log_level=None, verb_name='build', build_base='build', install_base='install', merge_install=False, symlink_install=False, test_result_base=None, continue_on_error=False, executor='parallel', parallel_workers=8, event_handlers=None, ignore_user_meta=False, metas=['./colcon.meta'], base_paths=['.'], packages_ignore=None, packages_ignore_regex=None, paths=None, packages_up_to=None, packages_up_to_regex=None, packages_above=None, packages_above_and_dependencies=None, packages_above_depth=None, packages_select_by_dep=None, packages_skip_by_dep=None, packages_skip_up_to=None, packages_select_build_failed=False, packages_skip_build_finished=False, packages_select_test_failures=False, packages_skip_test_passed=False, packages_select=None, packages_skip=None, packages_select_regex=None, packages_skip_regex=None, packages_start=None, packages_end=None, allow_overriding=[], cmake_args=None, cmake_target=None, cmake_target_skip_unavailable=False, cmake_clean_cache=False, cmake_clean_first=False, cmake_force_configure=False, ament_cmake_args=None, catkin_cmake_args=None, catkin_skip_building_tests=False, mixin_files=None, mixin=None, verb_parser=<colcon_mixin.mixin.mixin_argument.MixinArgumentDecorator object at 0x72c76b27b890>, verb_extension=<colcon_core.verb.build.BuildVerb object at 0x72c76bc96570>, main=<bound method BuildVerb.main of <colcon_core.verb.build.BuildVerb object at 0x72c76bc96570>>, mixin_verb=('build',))
[0.246s] Level 1:colcon.colcon_core.package_discovery:discover_packages(colcon_meta) check parameters
[0.247s] Level 1:colcon.colcon_core.package_discovery:discover_packages(recursive) check parameters
[0.247s] Level 1:colcon.colcon_core.package_discovery:discover_packages(ignore) check parameters
[0.247s] Level 1:colcon.colcon_core.package_discovery:discover_packages(path) check parameters
[0.247s] Level 1:colcon.colcon_core.package_discovery:discover_packages(colcon_meta) discover
[0.247s] Level 1:colcon.colcon_core.package_discovery:discover_packages(recursive) discover
[0.247s] INFO:colcon.colcon_core.package_discovery:Crawling recursively for packages in '/home/menna/Distributed-Smart-Exam-Proctoring-System-using-ROS2'
[0.247s] Level 1:colcon.colcon_core.package_identification:_identify(.) by extensions ['ignore', 'ignore_ament_install']
[0.248s] Level 1:colcon.colcon_core.package_identification:_identify(.) by extension 'ignore'
[0.248s] Level 1:colcon.colcon_core.package_identification:_identify(.) by extension 'ignore_ament_install'
[0.248s] Level 1:colcon.colcon_core.package_identification:_identify(.) by extensions ['colcon_pkg']
[0.248s] Level 1:colcon.colcon_core.package_identification:_identify(.) by extension 'colcon_pkg'
[0.248s] Level 1:colcon.colcon_core.package_identification:_identify(.) by extensions ['colcon_meta']
[0.248s] Level 1:colcon.colcon_core.package_identification:_identify(.) by extension 'colcon_meta'
[0.248s] Level 1:colcon.colcon_core.package_identification:_identify(.) by extensions ['ros']
[0.248s] Level 1:colcon.colcon_core.package_identification:_identify(.) by extension 'ros'
[0.298s] Level 1:colcon.colcon_core.package_identification:_identify(.) by extensions ['cmake', 'python']
[0.298s] Level 1:colcon.colcon_core.package_identification:_identify(.) by extension 'cmake'
[0.298s] Level 1:colcon.colcon_core.package_identification:_identify(.) by extension 'python'
[0.298s] Level 1:colcon.colcon_core.package_identification:_identify(.) by extensions ['python_setup_py']
[0.298s] Level 1:colcon.colcon_core.package_identification:_identify(.) by extension 'python_setup_py'
[0.298s] Level 1:colcon.colcon_core.package_identification:_identify(build) by extensions ['ignore', 'ignore_ament_install']
[0.299s] Level 1:colcon.colcon_core.package_identification:_identify(build) by extension 'ignore'
[0.299s] Level 1:colcon.colcon_core.package_identification:_identify(build) ignored
[0.299s] Level 1:colcon.colcon_core.package_identification:_identify(install) by extensions ['ignore', 'ignore_ament_install']
[0.299s] Level 1:colcon.colcon_core.package_identification:_identify(install) by extension 'ignore'
[0.299s] Level 1:colcon.colcon_core.package_identification:_identify(install) ignored
[0.299s] Level 1:colcon.colcon_core.package_identification:_identify(log) by extensions ['ignore', 'ignore_ament_install']
[0.300s] Level 1:colcon.colcon_core.package_identification:_identify(log) by extension 'ignore'
[0.300s] Level 1:colcon.colcon_core.package_identification:_identify(log) ignored
[0.300s] Level 1:colcon.colcon_core.package_identification:_identify(src) by extensions ['ignore', 'ignore_ament_install']
[0.300s] Level 1:colcon.colcon_core.package_identification:_identify(src) by extension 'ignore'
[0.300s] Level 1:colcon.colcon_core.package_identification:_identify(src) by extension 'ignore_ament_install'
[0.300s] Level 1:colcon.colcon_core.package_identification:_identify(src) by extensions ['colcon_pkg']
[0.300s] Level 1:colcon.colcon_core.package_identification:_identify(src) by extension 'colcon_pkg'
[0.300s] Level 1:colcon.colcon_core.package_identification:_identify(src) by extensions ['colcon_meta']
[0.300s] Level 1:colcon.colcon_core.package_identification:_identify(src) by extension 'colcon_meta'
[0.300s] Level 1:colcon.colcon_core.package_identification:_identify(src) by extensions ['ros']
[0.300s] Level 1:colcon.colcon_core.package_identification:_identify(src) by extension 'ros'
[0.301s] Level 1:colcon.colcon_core.package_identification:_identify(src) by extensions ['cmake', 'python']
[0.301s] Level 1:colcon.colcon_core.package_identification:_identify(src) by extension 'cmake'
[0.301s] Level 1:colcon.colcon_core.package_identification:_identify(src) by extension 'python'
[0.301s] Level 1:colcon.colcon_core.package_identification:_identify(src) by extensions ['python_setup_py']
[0.301s] Level 1:colcon.colcon_core.package_identification:_identify(src) by extension 'python_setup_py'
[0.301s] Level 1:colcon.colcon_core.package_identification:_identify(src/exam_proctoring_pkg) by extensions ['ignore', 'ignore_ament_install']
[0.301s] Level 1:colcon.colcon_core.package_identification:_identify(src/exam_proctoring_pkg) by extension 'ignore'
[0.301s] Level 1:colcon.colcon_core.package_identification:_identify(src/exam_proctoring_pkg) by extension 'ignore_ament_install'
[0.301s] Level 1:colcon.colcon_core.package_identification:_identify(src/exam_proctoring_pkg) by extensions ['colcon_pkg']
[0.302s] Level 1:colcon.colcon_core.package_identification:_identify(src/exam_proctoring_pkg) by extension 'colcon_pkg'
[0.302s] Level 1:colcon.colcon_core.package_identification:_identify(src/exam_proctoring_pkg) by extensions ['colcon_meta']
[0.302s] Level 1:colcon.colcon_core.package_identification:_identify(src/exam_proctoring_pkg) by extension 'colcon_meta'
[0.302s] Level 1:colcon.colcon_core.package_identification:_identify(src/exam_proctoring_pkg) by extensions ['ros']
[0.302s] Level 1:colcon.colcon_core.package_identification:_identify(src/exam_proctoring_pkg) by extension 'ros'
[0.306s] DEBUG:colcon.colcon_core.package_identification:Package 'src/exam_proctoring_pkg' with type 'ros.ament_python' and name 'exam_proctoring_pkg'
[0.306s] Level 1:colcon.colcon_core.package_discovery:discover_packages(recursive) using defaults
[0.306s] Level 1:colcon.colcon_core.package_discovery:discover_packages(ignore) discover
[0.306s] Level 1:colcon.colcon_core.package_discovery:discover_packages(ignore) using defaults
[0.306s] Level 1:colcon.colcon_core.package_discovery:discover_packages(path) discover
[0.306s] Level 1:colcon.colcon_core.package_discovery:discover_packages(path) using defaults
[0.332s] Level 1:colcon.colcon_core.package_discovery:discover_packages(prefix_path) check parameters
[0.332s] Level 1:colcon.colcon_core.package_discovery:discover_packages(prefix_path) discover
[0.334s] DEBUG:colcon.colcon_installed_package_information.package_discovery:Found 1 installed packages in /home/menna/Distributed-Smart-Exam-Proctoring-System-using-ROS2/install
[0.336s] DEBUG:colcon.colcon_installed_package_information.package_discovery:Found 287 installed packages in /opt/ros/jazzy
[0.337s] Level 1:colcon.colcon_core.package_discovery:discover_packages(prefix_path) using defaults
[0.424s] Level 5:colcon.colcon_core.verb:set package 'exam_proctoring_pkg' build argument 'cmake_args' from command line to 'None'
[0.424s] Level 5:colcon.colcon_core.verb:set package 'exam_proctoring_pkg' build argument 'cmake_target' from command line to 'None'
[0.424s] Level 5:colcon.colcon_core.verb:set package 'exam_proctoring_pkg' build argument 'cmake_target_skip_unavailable' from command line to 'False'
[0.424s] Level 5:colcon.colcon_core.verb:set package 'exam_proctoring_pkg' build argument 'cmake_clean_cache' from command line to 'False'
[0.424s] Level 5:colcon.colcon_core.verb:set package 'exam_proctoring_pkg' build argument 'cmake_clean_first' from command line to 'False'
[0.424s] Level 5:colcon.colcon_core.verb:set package 'exam_proctoring_pkg' build argument 'cmake_force_configure' from command line to 'False'
[0.424s] Level 5:colcon.colcon_core.verb:set package 'exam_proctoring_pkg' build argument 'ament_cmake_args' from command line to 'None'
[0.425s] Level 5:colcon.colcon_core.verb:set package 'exam_proctoring_pkg' build argument 'catkin_cmake_args' from command line to 'None'
[0.425s] Level 5:colcon.colcon_core.verb:set package 'exam_proctoring_pkg' build argument 'catkin_skip_building_tests' from command line to 'False'
[0.425s] DEBUG:colcon.colcon_core.verb:Building package 'exam_proctoring_pkg' with the following arguments: {'ament_cmake_args': None, 'build_base': '/home/menna/Distributed-Smart-Exam-Proctoring-System-using-ROS2/build/exam_proctoring_pkg', 'catkin_cmake_args': None, 'catkin_skip_building_tests': False, 'cmake_args': None, 'cmake_clean_cache': False, 'cmake_clean_first': False, 'cmake_force_configure': False, 'cmake_target': None, 'cmake_target_skip_unavailable': False, 'install_base': '/home/menna/Distributed-Smart-Exam-Proctoring-System-using-ROS2/install/exam_proctoring_pkg', 'merge_install': False, 'path': '/home/menna/Distributed-Smart-Exam-Proctoring-System-using-ROS2/src/exam_proctoring_pkg', 'symlink_install': False, 'test_result_base': None}
[0.425s] INFO:colcon.colcon_core.executor:Executing jobs using 'parallel' executor
[0.429s] DEBUG:colcon.colcon_parallel_executor.executor.parallel:run_until_complete
[0.430s] INFO:colcon.colcon_ros.task.ament_python.build:Building ROS package in '/home/menna/Distributed-Smart-Exam-Proctoring-System-using-ROS2/src/exam_proctoring_pkg' with build type 'ament_python'
[0.430s] Level 1:colcon.colcon_core.shell:create_environment_hook('exam_proctoring_pkg', 'ament_prefix_path')
[0.434s] INFO:colcon.colcon_core.plugin_system:Skipping extension 'colcon_core.shell.bat': Not used on non-Windows systems
[0.434s] INFO:colcon.colcon_core.shell:Creating environment hook '/home/menna/Distributed-Smart-Exam-Proctoring-System-using-ROS2/install/exam_proctoring_pkg/share/exam_proctoring_pkg/hook/ament_prefix_path.ps1'
[0.435s] INFO:colcon.colcon_core.shell:Creating environment descriptor '/home/menna/Distributed-Smart-Exam-Proctoring-System-using-ROS2/install/exam_proctoring_pkg/share/exam_proctoring_pkg/hook/ament_prefix_path.dsv'
[0.436s] INFO:colcon.colcon_core.shell:Creating environment hook '/home/menna/Distributed-Smart-Exam-Proctoring-System-using-ROS2/install/exam_proctoring_pkg/share/exam_proctoring_pkg/hook/ament_prefix_path.sh'
[0.437s] INFO:colcon.colcon_core.shell:Skip shell extension 'powershell' for command environment: Not usable outside of PowerShell
[0.437s] DEBUG:colcon.colcon_core.shell:Skip shell extension 'dsv' for command environment
[0.870s] INFO:colcon.colcon_core.task.python.build:Building Python package in '/home/menna/Distributed-Smart-Exam-Proctoring-System-using-ROS2/src/exam_proctoring_pkg'
[0.870s] INFO:colcon.colcon_core.shell:Skip shell extension 'powershell' for command environment: Not usable outside of PowerShell
[0.870s] DEBUG:colcon.colcon_core.shell:Skip shell extension 'dsv' for command environment
[2.182s] DEBUG:colcon.colcon_core.event_handler.log_command:Invoking command in '/home/menna/Distributed-Smart-Exam-Proctoring-System-using-ROS2/src/exam_proctoring_pkg': DEBUGINFOD_URLS=https://debuginfod.ubuntu.com PS1=${debian_chroot:+($debian_chroot)}\[\033[01;32m\]\u@\h\[\033[00m\]:\[\033[01;34m\]\w\[\033[00m\]\$ PYTHONPATH=/home/menna/Distributed-Smart-Exam-Proctoring-System-using-ROS2/build/exam_proctoring_pkg/prefix_override:/usr/lib/python3/dist-packages/colcon_core/task/python/colcon_distutils_commands:/home/menna/Distributed-Smart-Exam-Proctoring-System-using-ROS2/install/exam_proctoring_pkg/lib/python3.12/site-packages:${PYTHONPATH} VIRTUAL_ENV_PROMPT=(venv-ardupilot) /usr/bin/python3 -W ignore:setup.py install is deprecated -W ignore:easy_install command is deprecated setup.py egg_info --egg-base ../../build/exam_proctoring_pkg build --build-base /home/menna/Distributed-Smart-Exam-Proctoring-System-using-ROS2/build/exam_proctoring_pkg/build install --record /home/menna/Distributed-Smart-Exam-Proctoring-System-using-ROS2/build/exam_proctoring_pkg/install.log --single-version-externally-managed install_data
[3.495s] DEBUG:colcon.colcon_core.event_handler.log_command:Invoked command in '/home/menna/Distributed-Smart-Exam-Proctoring-System-using-ROS2/src/exam_proctoring_pkg' returned '0': DEBUGINFOD_URLS=https://debuginfod.ubuntu.com PS1=${debian_chroot:+($debian_chroot)}\[\033[01;32m\]\u@\h\[\033[00m\]:\[\033[01;34m\]\w\[\033[00m\]\$ PYTHONPATH=/home/menna/Distributed-Smart-Exam-Proctoring-System-using-ROS2/build/exam_proctoring_pkg/prefix_override:/usr/lib/python3/dist-packages/colcon_core/task/python/colcon_distutils_commands:/home/menna/Distributed-Smart-Exam-Proctoring-System-using-ROS2/install/exam_proctoring_pkg/lib/python3.12/site-packages:${PYTHONPATH} VIRTUAL_ENV_PROMPT=(venv-ardupilot) /usr/bin/python3 -W ignore:setup.py install is deprecated -W ignore:easy_install command is deprecated setup.py egg_info --egg-base ../../build/exam_proctoring_pkg build --build-base /home/menna/Distributed-Smart-Exam-Proctoring-System-using-ROS2/build/exam_proctoring_pkg/build install --record /home/menna/Distributed-Smart-Exam-Proctoring-System-using-ROS2/build/exam_proctoring_pkg/install.log --single-version-externally-managed install_data
[3.498s] Level 1:colcon.colcon_core.environment:checking '/home/menna/Distributed-Smart-Exam-Proctoring-System-using-ROS2/install/exam_proctoring_pkg' for CMake module files
[3.499s] Level 1:colcon.colcon_core.environment:checking '/home/menna/Distributed-Smart-Exam-Proctoring-System-using-ROS2/install/exam_proctoring_pkg' for CMake config files
[3.500s] Level 1:colcon.colcon_core.environment:checking '/home/menna/Distributed-Smart-Exam-Proctoring-System-using-ROS2/install/exam_proctoring_pkg/lib'
[3.500s] Level 1:colcon.colcon_core.environment:checking '/home/menna/Distributed-Smart-Exam-Proctoring-System-using-ROS2/install/exam_proctoring_pkg/bin'
[3.500s] Level 1:colcon.colcon_core.environment:checking '/home/menna/Distributed-Smart-Exam-Proctoring-System-using-ROS2/install/exam_proctoring_pkg/lib/pkgconfig/exam_proctoring_pkg.pc'
[3.500s] Level 1:colcon.colcon_core.environment:checking '/home/menna/Distributed-Smart-Exam-Proctoring-System-using-ROS2/install/exam_proctoring_pkg/lib/python3.12/site-packages'
[3.500s] Level 1:colcon.colcon_core.shell:create_environment_hook('exam_proctoring_pkg', 'pythonpath')
[3.501s] INFO:colcon.colcon_core.shell:Creating environment hook '/home/menna/Distributed-Smart-Exam-Proctoring-System-using-ROS2/install/exam_proctoring_pkg/share/exam_proctoring_pkg/hook/pythonpath.ps1'
[3.501s] INFO:colcon.colcon_core.shell:Creating environment descriptor '/home/menna/Distributed-Smart-Exam-Proctoring-System-using-ROS2/install/exam_proctoring_pkg/share/exam_proctoring_pkg/hook/pythonpath.dsv'
[3.502s] INFO:colcon.colcon_core.shell:Creating environment hook '/home/menna/Distributed-Smart-Exam-Proctoring-System-using-ROS2/install/exam_proctoring_pkg/share/exam_proctoring_pkg/hook/pythonpath.sh'
[3.503s] Level 1:colcon.colcon_core.environment:checking '/home/menna/Distributed-Smart-Exam-Proctoring-System-using-ROS2/install/exam_proctoring_pkg/bin'
[3.503s] Level 1:colcon.colcon_core.environment:create_environment_scripts_only(exam_proctoring_pkg)
[3.503s] INFO:colcon.colcon_core.shell:Creating package script '/home/menna/Distributed-Smart-Exam-Proctoring-System-using-ROS2/install/exam_proctoring_pkg/share/exam_proctoring_pkg/package.ps1'
[3.505s] INFO:colcon.colcon_core.shell:Creating package descriptor '/home/menna/Distributed-Smart-Exam-Proctoring-System-using-ROS2/install/exam_proctoring_pkg/share/exam_proctoring_pkg/package.dsv'
[3.506s] INFO:colcon.colcon_core.shell:Creating package script '/home/menna/Distributed-Smart-Exam-Proctoring-System-using-ROS2/install/exam_proctoring_pkg/share/exam_proctoring_pkg/package.sh'
[3.507s] INFO:colcon.colcon_core.shell:Creating package script '/home/menna/Distributed-Smart-Exam-Proctoring-System-using-ROS2/install/exam_proctoring_pkg/share/exam_proctoring_pkg/package.bash'
[3.508s] INFO:colcon.colcon_core.shell:Creating package script '/home/menna/Distributed-Smart-Exam-Proctoring-System-using-ROS2/install/exam_proctoring_pkg/share/exam_proctoring_pkg/package.zsh'
[3.512s] Level 1:colcon.colcon_core.environment:create_file_with_runtime_dependencies(/home/menna/Distributed-Smart-Exam-Proctoring-System-using-ROS2/install/exam_proctoring_pkg/share/colcon-core/packages/exam_proctoring_pkg)
[3.512s] DEBUG:colcon.colcon_parallel_executor.executor.parallel:closing loop
[3.514s] DEBUG:colcon.colcon_parallel_executor.executor.parallel:loop closed
[3.514s] DEBUG:colcon.colcon_parallel_executor.executor.parallel:run_until_complete finished with '0'
[3.514s] DEBUG:colcon.colcon_core.event_reactor:joining thread
[3.528s] INFO:colcon.colcon_core.plugin_system:Skipping extension 'colcon_notification.desktop_notification.terminal_notifier': Not used on non-Darwin systems
[3.529s] INFO:colcon.colcon_core.plugin_system:Skipping extension 'colcon_notification.desktop_notification.win32': Not used on non-Windows systems
[3.529s] INFO:colcon.colcon_notification.desktop_notification:Sending desktop notification using 'notify2'
[3.558s] DEBUG:colcon.colcon_core.event_reactor:joined thread
[3.559s] INFO:colcon.colcon_core.shell:Creating prefix script '/home/menna/Distributed-Smart-Exam-Proctoring-System-using-ROS2/install/local_setup.ps1'
[3.560s] INFO:colcon.colcon_core.shell:Creating prefix util module '/home/menna/Distributed-Smart-Exam-Proctoring-System-using-ROS2/install/_local_setup_util_ps1.py'
[3.561s] INFO:colcon.colcon_core.shell:Creating prefix chain script '/home/menna/Distributed-Smart-Exam-Proctoring-System-using-ROS2/install/setup.ps1'
[3.562s] INFO:colcon.colcon_core.shell:Creating prefix script '/home/menna/Distributed-Smart-Exam-Proctoring-System-using-ROS2/install/local_setup.sh'
[3.563s] INFO:colcon.colcon_core.shell:Creating prefix util module '/home/menna/Distributed-Smart-Exam-Proctoring-System-using-ROS2/install/_local_setup_util_sh.py'
[3.564s] INFO:colcon.colcon_core.shell:Creating prefix chain script '/home/menna/Distributed-Smart-Exam-Proctoring-System-using-ROS2/install/setup.sh'
[3.565s] INFO:colcon.colcon_core.shell:Creating prefix script '/home/menna/Distributed-Smart-Exam-Proctoring-System-using-ROS2/install/local_setup.bash'
[3.565s] INFO:colcon.colcon_core.shell:Creating prefix chain script '/home/menna/Distributed-Smart-Exam-Proctoring-System-using-ROS2/install/setup.bash'
[3.567s] INFO:colcon.colcon_core.shell:Creating prefix script '/home/menna/Distributed-Smart-Exam-Proctoring-System-using-ROS2/install/local_setup.zsh'
[3.567s] INFO:colcon.colcon_core.shell:Creating prefix chain script '/home/menna/Distributed-Smart-Exam-Proctoring-System-using-ROS2/install/setup.zsh'
