[0.028s] Invoking command in '/home/menna/Distributed-Smart-Exam-Proctoring-System-using-ROS2/build/exam_proctoring_interfaces': CMAKE_PREFIX_PATH=${CMAKE_PREFIX_PATH}:/home/menna/Distributed-Smart-Exam-Proctoring-System-using-ROS2/install/exam_proctoring_pkg:/opt/ros/jazzy DEBUGINFOD_URLS=https://debuginfod.ubuntu.com PS1=${debian_chroot:+($debian_chroot)}\[\033[01;32m\]\u@\h\[\033[00m\]:\[\033[01;34m\]\w\[\033[00m\]\$ VIRTUAL_ENV_PROMPT=(venv-ardupilot) /usr/bin/cmake --build /home/menna/Distributed-Smart-Exam-Proctoring-System-using-ROS2/build/exam_proctoring_interfaces -- -j8 -l8
[0.153s] [  2%] Built target exam_proctoring_interfaces__rosidl_generator_type_description
[0.174s] [  2%] Built target ament_cmake_python_copy_exam_proctoring_interfaces
[0.208s] [  5%] Built target exam_proctoring_interfaces__cpp
[0.228s] [ 20%] Built target exam_proctoring_interfaces__rosidl_generator_c
[0.296s] [ 29%] Built target exam_proctoring_interfaces__rosidl_typesupport_cpp
[0.317s] [ 38%] Built target exam_proctoring_interfaces__rosidl_typesupport_fastrtps_cpp
[0.319s] [ 47%] Built target exam_proctoring_interfaces__rosidl_typesupport_introspection_cpp
[0.326s] [ 55%] Built target exam_proctoring_interfaces__rosidl_typesupport_introspection_c
[0.327s] [ 64%] Built target exam_proctoring_interfaces__rosidl_typesupport_c
[0.327s] [ 73%] Built target exam_proctoring_interfaces__rosidl_typesupport_fastrtps_c
[0.370s] [ 73%] Built target exam_proctoring_interfaces
[0.404s] [ 76%] Built target exam_proctoring_interfaces__py
[0.438s] [ 82%] Built target exam_proctoring_interfaces__rosidl_generator_py
[0.476s] [ 97%] Built target exam_proctoring_interfaces_s__rosidl_typesupport_fastrtps_c
[0.476s] [100%] Built target exam_proctoring_interfaces_s__rosidl_typesupport_c
[0.476s] [100%] Built target exam_proctoring_interfaces_s__rosidl_typesupport_introspection_c
[0.803s] running egg_info
[0.854s] writing exam_proctoring_interfaces.egg-info/PKG-INFO
[0.855s] writing dependency_links to exam_proctoring_interfaces.egg-info/dependency_links.txt
[0.855s] writing top-level names to exam_proctoring_interfaces.egg-info/top_level.txt
[0.973s] reading manifest file 'exam_proctoring_interfaces.egg-info/SOURCES.txt'
[0.974s] writing manifest file 'exam_proctoring_interfaces.egg-info/SOURCES.txt'
[1.017s] [100%] Built target ament_cmake_python_build_exam_proctoring_interfaces_egg
[1.034s] Invoked command in '/home/menna/Distributed-Smart-Exam-Proctoring-System-using-ROS2/build/exam_proctoring_interfaces' returned '0': CMAKE_PREFIX_PATH=${CMAKE_PREFIX_PATH}:/home/menna/Distributed-Smart-Exam-Proctoring-System-using-ROS2/install/exam_proctoring_pkg:/opt/ros/jazzy DEBUGINFOD_URLS=https://debuginfod.ubuntu.com PS1=${debian_chroot:+($debian_chroot)}\[\033[01;32m\]\u@\h\[\033[00m\]:\[\033[01;34m\]\w\[\033[00m\]\$ VIRTUAL_ENV_PROMPT=(venv-ardupilot) /usr/bin/cmake --build /home/menna/Distributed-Smart-Exam-Proctoring-System-using-ROS2/build/exam_proctoring_interfaces -- -j8 -l8
[1.048s] Invoking command in '/home/menna/Distributed-Smart-Exam-Proctoring-System-using-ROS2/build/exam_proctoring_interfaces': CMAKE_PREFIX_PATH=${CMAKE_PREFIX_PATH}:/home/menna/Distributed-Smart-Exam-Proctoring-System-using-ROS2/install/exam_proctoring_pkg:/opt/ros/jazzy DEBUGINFOD_URLS=https://debuginfod.ubuntu.com PS1=${debian_chroot:+($debian_chroot)}\[\033[01;32m\]\u@\h\[\033[00m\]:\[\033[01;34m\]\w\[\033[00m\]\$ VIRTUAL_ENV_PROMPT=(venv-ardupilot) /usr/bin/cmake --install /home/menna/Distributed-Smart-Exam-Proctoring-System-using-ROS2/build/exam_proctoring_interfaces
[1.062s] -- Install configuration: ""
[1.062s] -- Up-to-date: /home/menna/Distributed-Smart-Exam-Proctoring-System-using-ROS2/install/exam_proctoring_interfaces/share/ament_index/resource_index/rosidl_interfaces/exam_proctoring_interfaces
[1.062s] -- Up-to-date: /home/menna/Distributed-Smart-Exam-Proctoring-System-using-ROS2/install/exam_proctoring_interfaces/share/exam_proctoring_interfaces/action/Alert.json
[1.063s] -- Up-to-date: /home/menna/Distributed-Smart-Exam-Proctoring-System-using-ROS2/install/exam_proctoring_interfaces/include/exam_proctoring_interfaces/exam_proctoring_interfaces
[1.063s] -- Up-to-date: /home/menna/Distributed-Smart-Exam-Proctoring-System-using-ROS2/install/exam_proctoring_interfaces/include/exam_proctoring_interfaces/exam_proctoring_interfaces/msg
[1.063s] -- Up-to-date: /home/menna/Distributed-Smart-Exam-Proctoring-System-using-ROS2/install/exam_proctoring_interfaces/include/exam_proctoring_interfaces/exam_proctoring_interfaces/msg/rosidl_generator_c__visibility_control.h
[1.063s] -- Up-to-date: /home/menna/Distributed-Smart-Exam-Proctoring-System-using-ROS2/install/exam_proctoring_interfaces/include/exam_proctoring_interfaces/exam_proctoring_interfaces/action
[1.063s] -- Up-to-date: /home/menna/Distributed-Smart-Exam-Proctoring-System-using-ROS2/install/exam_proctoring_interfaces/include/exam_proctoring_interfaces/exam_proctoring_interfaces/action/alert.h
[1.064s] -- Up-to-date: /home/menna/Distributed-Smart-Exam-Proctoring-System-using-ROS2/install/exam_proctoring_interfaces/include/exam_proctoring_interfaces/exam_proctoring_interfaces/action/detail
[1.064s] -- Up-to-date: /home/menna/Distributed-Smart-Exam-Proctoring-System-using-ROS2/install/exam_proctoring_interfaces/include/exam_proctoring_interfaces/exam_proctoring_interfaces/action/detail/alert__functions.h
[1.064s] -- Installing: /home/menna/Distributed-Smart-Exam-Proctoring-System-using-ROS2/install/exam_proctoring_interfaces/include/exam_proctoring_interfaces/exam_proctoring_interfaces/action/detail/alert__type_support.c
[1.064s] -- Up-to-date: /home/menna/Distributed-Smart-Exam-Proctoring-System-using-ROS2/install/exam_proctoring_interfaces/include/exam_proctoring_interfaces/exam_proctoring_interfaces/action/detail/alert__functions.c
[1.065s] -- Up-to-date: /home/menna/Distributed-Smart-Exam-Proctoring-System-using-ROS2/install/exam_proctoring_interfaces/include/exam_proctoring_interfaces/exam_proctoring_interfaces/action/detail/alert__description.c
[1.065s] -- Up-to-date: /home/menna/Distributed-Smart-Exam-Proctoring-System-using-ROS2/install/exam_proctoring_interfaces/include/exam_proctoring_interfaces/exam_proctoring_interfaces/action/detail/alert__struct.h
[1.065s] -- Up-to-date: /home/menna/Distributed-Smart-Exam-Proctoring-System-using-ROS2/install/exam_proctoring_interfaces/include/exam_proctoring_interfaces/exam_proctoring_interfaces/action/detail/alert__type_support.h
[1.065s] -- Up-to-date: /home/menna/Distributed-Smart-Exam-Proctoring-System-using-ROS2/install/exam_proctoring_interfaces/share/exam_proctoring_interfaces/environment/library_path.sh
[1.065s] -- Up-to-date: /home/menna/Distributed-Smart-Exam-Proctoring-System-using-ROS2/install/exam_proctoring_interfaces/share/exam_proctoring_interfaces/environment/library_path.dsv
[1.066s] -- Up-to-date: /home/menna/Distributed-Smart-Exam-Proctoring-System-using-ROS2/install/exam_proctoring_interfaces/lib/libexam_proctoring_interfaces__rosidl_generator_c.so
[1.066s] -- Up-to-date: /home/menna/Distributed-Smart-Exam-Proctoring-System-using-ROS2/install/exam_proctoring_interfaces/include/exam_proctoring_interfaces/exam_proctoring_interfaces
[1.066s] -- Up-to-date: /home/menna/Distributed-Smart-Exam-Proctoring-System-using-ROS2/install/exam_proctoring_interfaces/include/exam_proctoring_interfaces/exam_proctoring_interfaces/msg
[1.066s] -- Up-to-date: /home/menna/Distributed-Smart-Exam-Proctoring-System-using-ROS2/install/exam_proctoring_interfaces/include/exam_proctoring_interfaces/exam_proctoring_interfaces/msg/rosidl_typesupport_fastrtps_c__visibility_control.h
[1.066s] -- Up-to-date: /home/menna/Distributed-Smart-Exam-Proctoring-System-using-ROS2/install/exam_proctoring_interfaces/include/exam_proctoring_interfaces/exam_proctoring_interfaces/action
[1.066s] -- Up-to-date: /home/menna/Distributed-Smart-Exam-Proctoring-System-using-ROS2/install/exam_proctoring_interfaces/include/exam_proctoring_interfaces/exam_proctoring_interfaces/action/detail
[1.067s] -- Up-to-date: /home/menna/Distributed-Smart-Exam-Proctoring-System-using-ROS2/install/exam_proctoring_interfaces/include/exam_proctoring_interfaces/exam_proctoring_interfaces/action/detail/alert__rosidl_typesupport_fastrtps_c.h
[1.067s] -- Up-to-date: /home/menna/Distributed-Smart-Exam-Proctoring-System-using-ROS2/install/exam_proctoring_interfaces/lib/libexam_proctoring_interfaces__rosidl_typesupport_fastrtps_c.so
[1.067s] -- Up-to-date: /home/menna/Distributed-Smart-Exam-Proctoring-System-using-ROS2/install/exam_proctoring_interfaces/include/exam_proctoring_interfaces/exam_proctoring_interfaces
[1.067s] -- Up-to-date: /home/menna/Distributed-Smart-Exam-Proctoring-System-using-ROS2/install/exam_proctoring_interfaces/include/exam_proctoring_interfaces/exam_proctoring_interfaces/msg
[1.068s] -- Up-to-date: /home/menna/Distributed-Smart-Exam-Proctoring-System-using-ROS2/install/exam_proctoring_interfaces/include/exam_proctoring_interfaces/exam_proctoring_interfaces/msg/rosidl_typesupport_introspection_c__visibility_control.h
[1.068s] -- Up-to-date: /home/menna/Distributed-Smart-Exam-Proctoring-System-using-ROS2/install/exam_proctoring_interfaces/include/exam_proctoring_interfaces/exam_proctoring_interfaces/action
[1.068s] -- Up-to-date: /home/menna/Distributed-Smart-Exam-Proctoring-System-using-ROS2/install/exam_proctoring_interfaces/include/exam_proctoring_interfaces/exam_proctoring_interfaces/action/detail
[1.068s] -- Installing: /home/menna/Distributed-Smart-Exam-Proctoring-System-using-ROS2/install/exam_proctoring_interfaces/include/exam_proctoring_interfaces/exam_proctoring_interfaces/action/detail/alert__type_support.c
[1.068s] -- Up-to-date: /home/menna/Distributed-Smart-Exam-Proctoring-System-using-ROS2/install/exam_proctoring_interfaces/include/exam_proctoring_interfaces/exam_proctoring_interfaces/action/detail/alert__rosidl_typesupport_introspection_c.h
[1.069s] -- Up-to-date: /home/menna/Distributed-Smart-Exam-Proctoring-System-using-ROS2/install/exam_proctoring_interfaces/lib/libexam_proctoring_interfaces__rosidl_typesupport_introspection_c.so
[1.069s] -- Up-to-date: /home/menna/Distributed-Smart-Exam-Proctoring-System-using-ROS2/install/exam_proctoring_interfaces/lib/libexam_proctoring_interfaces__rosidl_typesupport_c.so
[1.069s] -- Up-to-date: /home/menna/Distributed-Smart-Exam-Proctoring-System-using-ROS2/install/exam_proctoring_interfaces/include/exam_proctoring_interfaces/exam_proctoring_interfaces
[1.069s] -- Up-to-date: /home/menna/Distributed-Smart-Exam-Proctoring-System-using-ROS2/install/exam_proctoring_interfaces/include/exam_proctoring_interfaces/exam_proctoring_interfaces/msg
[1.069s] -- Up-to-date: /home/menna/Distributed-Smart-Exam-Proctoring-System-using-ROS2/install/exam_proctoring_interfaces/include/exam_proctoring_interfaces/exam_proctoring_interfaces/msg/rosidl_generator_cpp__visibility_control.hpp
[1.069s] -- Up-to-date: /home/menna/Distributed-Smart-Exam-Proctoring-System-using-ROS2/install/exam_proctoring_interfaces/include/exam_proctoring_interfaces/exam_proctoring_interfaces/action
[1.070s] -- Up-to-date: /home/menna/Distributed-Smart-Exam-Proctoring-System-using-ROS2/install/exam_proctoring_interfaces/include/exam_proctoring_interfaces/exam_proctoring_interfaces/action/detail
[1.070s] -- Up-to-date: /home/menna/Distributed-Smart-Exam-Proctoring-System-using-ROS2/install/exam_proctoring_interfaces/include/exam_proctoring_interfaces/exam_proctoring_interfaces/action/detail/alert__builder.hpp
[1.070s] -- Up-to-date: /home/menna/Distributed-Smart-Exam-Proctoring-System-using-ROS2/install/exam_proctoring_interfaces/include/exam_proctoring_interfaces/exam_proctoring_interfaces/action/detail/alert__type_support.hpp
[1.070s] -- Up-to-date: /home/menna/Distributed-Smart-Exam-Proctoring-System-using-ROS2/install/exam_proctoring_interfaces/include/exam_proctoring_interfaces/exam_proctoring_interfaces/action/detail/alert__struct.hpp
[1.070s] -- Up-to-date: /home/menna/Distributed-Smart-Exam-Proctoring-System-using-ROS2/install/exam_proctoring_interfaces/include/exam_proctoring_interfaces/exam_proctoring_interfaces/action/detail/alert__traits.hpp
[1.070s] -- Up-to-date: /home/menna/Distributed-Smart-Exam-Proctoring-System-using-ROS2/install/exam_proctoring_interfaces/include/exam_proctoring_interfaces/exam_proctoring_interfaces/action/alert.hpp
[1.071s] -- Up-to-date: /home/menna/Distributed-Smart-Exam-Proctoring-System-using-ROS2/install/exam_proctoring_interfaces/include/exam_proctoring_interfaces/exam_proctoring_interfaces
[1.071s] -- Up-to-date: /home/menna/Distributed-Smart-Exam-Proctoring-System-using-ROS2/install/exam_proctoring_interfaces/include/exam_proctoring_interfaces/exam_proctoring_interfaces/msg
[1.071s] -- Up-to-date: /home/menna/Distributed-Smart-Exam-Proctoring-System-using-ROS2/install/exam_proctoring_interfaces/include/exam_proctoring_interfaces/exam_proctoring_interfaces/msg/rosidl_typesupport_fastrtps_cpp__visibility_control.h
[1.071s] -- Up-to-date: /home/menna/Distributed-Smart-Exam-Proctoring-System-using-ROS2/install/exam_proctoring_interfaces/include/exam_proctoring_interfaces/exam_proctoring_interfaces/action
[1.071s] -- Up-to-date: /home/menna/Distributed-Smart-Exam-Proctoring-System-using-ROS2/install/exam_proctoring_interfaces/include/exam_proctoring_interfaces/exam_proctoring_interfaces/action/detail
[1.071s] -- Up-to-date: /home/menna/Distributed-Smart-Exam-Proctoring-System-using-ROS2/install/exam_proctoring_interfaces/include/exam_proctoring_interfaces/exam_proctoring_interfaces/action/detail/alert__rosidl_typesupport_fastrtps_cpp.hpp
[1.071s] -- Up-to-date: /home/menna/Distributed-Smart-Exam-Proctoring-System-using-ROS2/install/exam_proctoring_interfaces/include/exam_proctoring_interfaces/exam_proctoring_interfaces/action/detail/dds_fastrtps
[1.072s] -- Up-to-date: /home/menna/Distributed-Smart-Exam-Proctoring-System-using-ROS2/install/exam_proctoring_interfaces/lib/libexam_proctoring_interfaces__rosidl_typesupport_fastrtps_cpp.so
[1.072s] -- Up-to-date: /home/menna/Distributed-Smart-Exam-Proctoring-System-using-ROS2/install/exam_proctoring_interfaces/include/exam_proctoring_interfaces/exam_proctoring_interfaces
[1.072s] -- Up-to-date: /home/menna/Distributed-Smart-Exam-Proctoring-System-using-ROS2/install/exam_proctoring_interfaces/include/exam_proctoring_interfaces/exam_proctoring_interfaces/action
[1.072s] -- Up-to-date: /home/menna/Distributed-Smart-Exam-Proctoring-System-using-ROS2/install/exam_proctoring_interfaces/include/exam_proctoring_interfaces/exam_proctoring_interfaces/action/detail
[1.072s] -- Up-to-date: /home/menna/Distributed-Smart-Exam-Proctoring-System-using-ROS2/install/exam_proctoring_interfaces/include/exam_proctoring_interfaces/exam_proctoring_interfaces/action/detail/alert__rosidl_typesupport_introspection_cpp.hpp
[1.073s] -- Up-to-date: /home/menna/Distributed-Smart-Exam-Proctoring-System-using-ROS2/install/exam_proctoring_interfaces/include/exam_proctoring_interfaces/exam_proctoring_interfaces/action/detail/alert__type_support.cpp
[1.073s] -- Up-to-date: /home/menna/Distributed-Smart-Exam-Proctoring-System-using-ROS2/install/exam_proctoring_interfaces/lib/libexam_proctoring_interfaces__rosidl_typesupport_introspection_cpp.so
[1.073s] -- Up-to-date: /home/menna/Distributed-Smart-Exam-Proctoring-System-using-ROS2/install/exam_proctoring_interfaces/lib/libexam_proctoring_interfaces__rosidl_typesupport_cpp.so
[1.073s] -- Up-to-date: /home/menna/Distributed-Smart-Exam-Proctoring-System-using-ROS2/install/exam_proctoring_interfaces/share/exam_proctoring_interfaces/environment/pythonpath.sh
[1.073s] -- Up-to-date: /home/menna/Distributed-Smart-Exam-Proctoring-System-using-ROS2/install/exam_proctoring_interfaces/share/exam_proctoring_interfaces/environment/pythonpath.dsv
[1.073s] -- Up-to-date: /home/menna/Distributed-Smart-Exam-Proctoring-System-using-ROS2/install/exam_proctoring_interfaces/lib/python3.12/site-packages/exam_proctoring_interfaces-0.0.0-py3.12.egg-info
[1.073s] -- Installing: /home/menna/Distributed-Smart-Exam-Proctoring-System-using-ROS2/install/exam_proctoring_interfaces/lib/python3.12/site-packages/exam_proctoring_interfaces-0.0.0-py3.12.egg-info/SOURCES.txt
[1.073s] -- Installing: /home/menna/Distributed-Smart-Exam-Proctoring-System-using-ROS2/install/exam_proctoring_interfaces/lib/python3.12/site-packages/exam_proctoring_interfaces-0.0.0-py3.12.egg-info/top_level.txt
[1.073s] -- Installing: /home/menna/Distributed-Smart-Exam-Proctoring-System-using-ROS2/install/exam_proctoring_interfaces/lib/python3.12/site-packages/exam_proctoring_interfaces-0.0.0-py3.12.egg-info/dependency_links.txt
[1.074s] -- Installing: /home/menna/Distributed-Smart-Exam-Proctoring-System-using-ROS2/install/exam_proctoring_interfaces/lib/python3.12/site-packages/exam_proctoring_interfaces-0.0.0-py3.12.egg-info/PKG-INFO
[1.074s] -- Up-to-date: /home/menna/Distributed-Smart-Exam-Proctoring-System-using-ROS2/install/exam_proctoring_interfaces/lib/python3.12/site-packages/exam_proctoring_interfaces
[1.074s] -- Up-to-date: /home/menna/Distributed-Smart-Exam-Proctoring-System-using-ROS2/install/exam_proctoring_interfaces/lib/python3.12/site-packages/exam_proctoring_interfaces/exam_proctoring_interfaces_s__rosidl_typesupport_fastrtps_c.so
[1.074s] -- Up-to-date: /home/menna/Distributed-Smart-Exam-Proctoring-System-using-ROS2/install/exam_proctoring_interfaces/lib/python3.12/site-packages/exam_proctoring_interfaces/_exam_proctoring_interfaces_s.ep.rosidl_typesupport_fastrtps_c.c
[1.074s] -- Up-to-date: /home/menna/Distributed-Smart-Exam-Proctoring-System-using-ROS2/install/exam_proctoring_interfaces/lib/python3.12/site-packages/exam_proctoring_interfaces/exam_proctoring_interfaces_s__rosidl_typesupport_introspection_c.so
[1.074s] -- Up-to-date: /home/menna/Distributed-Smart-Exam-Proctoring-System-using-ROS2/install/exam_proctoring_interfaces/lib/python3.12/site-packages/exam_proctoring_interfaces/__init__.py
[1.074s] -- Up-to-date: /home/menna/Distributed-Smart-Exam-Proctoring-System-using-ROS2/install/exam_proctoring_interfaces/lib/python3.12/site-packages/exam_proctoring_interfaces/exam_proctoring_interfaces_s__rosidl_typesupport_c.so
[1.074s] -- Up-to-date: /home/menna/Distributed-Smart-Exam-Proctoring-System-using-ROS2/install/exam_proctoring_interfaces/lib/python3.12/site-packages/exam_proctoring_interfaces/_exam_proctoring_interfaces_s.ep.rosidl_typesupport_c.c
[1.074s] -- Up-to-date: /home/menna/Distributed-Smart-Exam-Proctoring-System-using-ROS2/install/exam_proctoring_interfaces/lib/python3.12/site-packages/exam_proctoring_interfaces/action
[1.074s] -- Up-to-date: /home/menna/Distributed-Smart-Exam-Proctoring-System-using-ROS2/install/exam_proctoring_interfaces/lib/python3.12/site-packages/exam_proctoring_interfaces/action/_alert_s.c
[1.074s] -- Up-to-date: /home/menna/Distributed-Smart-Exam-Proctoring-System-using-ROS2/install/exam_proctoring_interfaces/lib/python3.12/site-packages/exam_proctoring_interfaces/action/__init__.py
[1.075s] -- Up-to-date: /home/menna/Distributed-Smart-Exam-Proctoring-System-using-ROS2/install/exam_proctoring_interfaces/lib/python3.12/site-packages/exam_proctoring_interfaces/action/_alert.py
[1.075s] -- Up-to-date: /home/menna/Distributed-Smart-Exam-Proctoring-System-using-ROS2/install/exam_proctoring_interfaces/lib/python3.12/site-packages/exam_proctoring_interfaces/_exam_proctoring_interfaces_s.ep.rosidl_typesupport_introspection_c.c
[1.122s] Listing '/home/menna/Distributed-Smart-Exam-Proctoring-System-using-ROS2/install/exam_proctoring_interfaces/lib/python3.12/site-packages/exam_proctoring_interfaces'...
[1.123s] Listing '/home/menna/Distributed-Smart-Exam-Proctoring-System-using-ROS2/install/exam_proctoring_interfaces/lib/python3.12/site-packages/exam_proctoring_interfaces/action'...
[1.130s] -- Up-to-date: /home/menna/Distributed-Smart-Exam-Proctoring-System-using-ROS2/install/exam_proctoring_interfaces/lib/python3.12/site-packages/exam_proctoring_interfaces/exam_proctoring_interfaces_s__rosidl_typesupport_fastrtps_c.so
[1.131s] -- Up-to-date: /home/menna/Distributed-Smart-Exam-Proctoring-System-using-ROS2/install/exam_proctoring_interfaces/lib/python3.12/site-packages/exam_proctoring_interfaces/exam_proctoring_interfaces_s__rosidl_typesupport_introspection_c.so
[1.131s] -- Up-to-date: /home/menna/Distributed-Smart-Exam-Proctoring-System-using-ROS2/install/exam_proctoring_interfaces/lib/python3.12/site-packages/exam_proctoring_interfaces/exam_proctoring_interfaces_s__rosidl_typesupport_c.so
[1.132s] -- Up-to-date: /home/menna/Distributed-Smart-Exam-Proctoring-System-using-ROS2/install/exam_proctoring_interfaces/lib/libexam_proctoring_interfaces__rosidl_generator_py.so
[1.132s] -- Up-to-date: /home/menna/Distributed-Smart-Exam-Proctoring-System-using-ROS2/install/exam_proctoring_interfaces/share/exam_proctoring_interfaces/action/Alert.idl
[1.133s] -- Up-to-date: /home/menna/Distributed-Smart-Exam-Proctoring-System-using-ROS2/install/exam_proctoring_interfaces/share/exam_proctoring_interfaces/action/Alert.action
[1.133s] -- Up-to-date: /home/menna/Distributed-Smart-Exam-Proctoring-System-using-ROS2/install/exam_proctoring_interfaces/share/ament_index/resource_index/package_run_dependencies/exam_proctoring_interfaces
[1.133s] -- Up-to-date: /home/menna/Distributed-Smart-Exam-Proctoring-System-using-ROS2/install/exam_proctoring_interfaces/share/ament_index/resource_index/parent_prefix_path/exam_proctoring_interfaces
[1.133s] -- Up-to-date: /home/menna/Distributed-Smart-Exam-Proctoring-System-using-ROS2/install/exam_proctoring_interfaces/share/exam_proctoring_interfaces/environment/ament_prefix_path.sh
[1.133s] -- Up-to-date: /home/menna/Distributed-Smart-Exam-Proctoring-System-using-ROS2/install/exam_proctoring_interfaces/share/exam_proctoring_interfaces/environment/ament_prefix_path.dsv
[1.133s] -- Up-to-date: /home/menna/Distributed-Smart-Exam-Proctoring-System-using-ROS2/install/exam_proctoring_interfaces/share/exam_proctoring_interfaces/environment/path.sh
[1.134s] -- Up-to-date: /home/menna/Distributed-Smart-Exam-Proctoring-System-using-ROS2/install/exam_proctoring_interfaces/share/exam_proctoring_interfaces/environment/path.dsv
[1.134s] -- Up-to-date: /home/menna/Distributed-Smart-Exam-Proctoring-System-using-ROS2/install/exam_proctoring_interfaces/share/exam_proctoring_interfaces/local_setup.bash
[1.134s] -- Up-to-date: /home/menna/Distributed-Smart-Exam-Proctoring-System-using-ROS2/install/exam_proctoring_interfaces/share/exam_proctoring_interfaces/local_setup.sh
[1.134s] -- Up-to-date: /home/menna/Distributed-Smart-Exam-Proctoring-System-using-ROS2/install/exam_proctoring_interfaces/share/exam_proctoring_interfaces/local_setup.zsh
[1.134s] -- Up-to-date: /home/menna/Distributed-Smart-Exam-Proctoring-System-using-ROS2/install/exam_proctoring_interfaces/share/exam_proctoring_interfaces/local_setup.dsv
[1.134s] -- Installing: /home/menna/Distributed-Smart-Exam-Proctoring-System-using-ROS2/install/exam_proctoring_interfaces/share/exam_proctoring_interfaces/package.dsv
[1.134s] -- Up-to-date: /home/menna/Distributed-Smart-Exam-Proctoring-System-using-ROS2/install/exam_proctoring_interfaces/share/ament_index/resource_index/packages/exam_proctoring_interfaces
[1.135s] -- Up-to-date: /home/menna/Distributed-Smart-Exam-Proctoring-System-using-ROS2/install/exam_proctoring_interfaces/share/exam_proctoring_interfaces/cmake/export_exam_proctoring_interfaces__rosidl_generator_cExport.cmake
[1.135s] -- Up-to-date: /home/menna/Distributed-Smart-Exam-Proctoring-System-using-ROS2/install/exam_proctoring_interfaces/share/exam_proctoring_interfaces/cmake/export_exam_proctoring_interfaces__rosidl_generator_cExport-noconfig.cmake
[1.135s] -- Up-to-date: /home/menna/Distributed-Smart-Exam-Proctoring-System-using-ROS2/install/exam_proctoring_interfaces/share/exam_proctoring_interfaces/cmake/export_exam_proctoring_interfaces__rosidl_typesupport_fastrtps_cExport.cmake
[1.135s] -- Up-to-date: /home/menna/Distributed-Smart-Exam-Proctoring-System-using-ROS2/install/exam_proctoring_interfaces/share/exam_proctoring_interfaces/cmake/export_exam_proctoring_interfaces__rosidl_typesupport_fastrtps_cExport-noconfig.cmake
[1.135s] -- Up-to-date: /home/menna/Distributed-Smart-Exam-Proctoring-System-using-ROS2/install/exam_proctoring_interfaces/share/exam_proctoring_interfaces/cmake/exam_proctoring_interfaces__rosidl_typesupport_introspection_cExport.cmake
[1.136s] -- Up-to-date: /home/menna/Distributed-Smart-Exam-Proctoring-System-using-ROS2/install/exam_proctoring_interfaces/share/exam_proctoring_interfaces/cmake/exam_proctoring_interfaces__rosidl_typesupport_introspection_cExport-noconfig.cmake
[1.136s] -- Up-to-date: /home/menna/Distributed-Smart-Exam-Proctoring-System-using-ROS2/install/exam_proctoring_interfaces/share/exam_proctoring_interfaces/cmake/exam_proctoring_interfaces__rosidl_typesupport_cExport.cmake
[1.136s] -- Up-to-date: /home/menna/Distributed-Smart-Exam-Proctoring-System-using-ROS2/install/exam_proctoring_interfaces/share/exam_proctoring_interfaces/cmake/exam_proctoring_interfaces__rosidl_typesupport_cExport-noconfig.cmake
[1.136s] -- Up-to-date: /home/menna/Distributed-Smart-Exam-Proctoring-System-using-ROS2/install/exam_proctoring_interfaces/share/exam_proctoring_interfaces/cmake/export_exam_proctoring_interfaces__rosidl_generator_cppExport.cmake
[1.136s] -- Up-to-date: /home/menna/Distributed-Smart-Exam-Proctoring-System-using-ROS2/install/exam_proctoring_interfaces/share/exam_proctoring_interfaces/cmake/export_exam_proctoring_interfaces__rosidl_typesupport_fastrtps_cppExport.cmake
[1.136s] -- Up-to-date: /home/menna/Distributed-Smart-Exam-Proctoring-System-using-ROS2/install/exam_proctoring_interfaces/share/exam_proctoring_interfaces/cmake/export_exam_proctoring_interfaces__rosidl_typesupport_fastrtps_cppExport-noconfig.cmake
[1.137s] -- Up-to-date: /home/menna/Distributed-Smart-Exam-Proctoring-System-using-ROS2/install/exam_proctoring_interfaces/share/exam_proctoring_interfaces/cmake/exam_proctoring_interfaces__rosidl_typesupport_introspection_cppExport.cmake
[1.137s] -- Up-to-date: /home/menna/Distributed-Smart-Exam-Proctoring-System-using-ROS2/install/exam_proctoring_interfaces/share/exam_proctoring_interfaces/cmake/exam_proctoring_interfaces__rosidl_typesupport_introspection_cppExport-noconfig.cmake
[1.137s] -- Up-to-date: /home/menna/Distributed-Smart-Exam-Proctoring-System-using-ROS2/install/exam_proctoring_interfaces/share/exam_proctoring_interfaces/cmake/exam_proctoring_interfaces__rosidl_typesupport_cppExport.cmake
[1.137s] -- Up-to-date: /home/menna/Distributed-Smart-Exam-Proctoring-System-using-ROS2/install/exam_proctoring_interfaces/share/exam_proctoring_interfaces/cmake/exam_proctoring_interfaces__rosidl_typesupport_cppExport-noconfig.cmake
[1.137s] -- Up-to-date: /home/menna/Distributed-Smart-Exam-Proctoring-System-using-ROS2/install/exam_proctoring_interfaces/share/exam_proctoring_interfaces/cmake/export_exam_proctoring_interfaces__rosidl_generator_pyExport.cmake
[1.137s] -- Up-to-date: /home/menna/Distributed-Smart-Exam-Proctoring-System-using-ROS2/install/exam_proctoring_interfaces/share/exam_proctoring_interfaces/cmake/export_exam_proctoring_interfaces__rosidl_generator_pyExport-noconfig.cmake
[1.137s] -- Up-to-date: /home/menna/Distributed-Smart-Exam-Proctoring-System-using-ROS2/install/exam_proctoring_interfaces/share/exam_proctoring_interfaces/cmake/rosidl_cmake-extras.cmake
[1.137s] -- Up-to-date: /home/menna/Distributed-Smart-Exam-Proctoring-System-using-ROS2/install/exam_proctoring_interfaces/share/exam_proctoring_interfaces/cmake/ament_cmake_export_dependencies-extras.cmake
[1.137s] -- Up-to-date: /home/menna/Distributed-Smart-Exam-Proctoring-System-using-ROS2/install/exam_proctoring_interfaces/share/exam_proctoring_interfaces/cmake/ament_cmake_export_include_directories-extras.cmake
[1.137s] -- Up-to-date: /home/menna/Distributed-Smart-Exam-Proctoring-System-using-ROS2/install/exam_proctoring_interfaces/share/exam_proctoring_interfaces/cmake/ament_cmake_export_libraries-extras.cmake
[1.138s] -- Up-to-date: /home/menna/Distributed-Smart-Exam-Proctoring-System-using-ROS2/install/exam_proctoring_interfaces/share/exam_proctoring_interfaces/cmake/ament_cmake_export_targets-extras.cmake
[1.138s] -- Up-to-date: /home/menna/Distributed-Smart-Exam-Proctoring-System-using-ROS2/install/exam_proctoring_interfaces/share/exam_proctoring_interfaces/cmake/rosidl_cmake_export_typesupport_targets-extras.cmake
[1.138s] -- Up-to-date: /home/menna/Distributed-Smart-Exam-Proctoring-System-using-ROS2/install/exam_proctoring_interfaces/share/exam_proctoring_interfaces/cmake/rosidl_cmake_export_typesupport_libraries-extras.cmake
[1.138s] -- Up-to-date: /home/menna/Distributed-Smart-Exam-Proctoring-System-using-ROS2/install/exam_proctoring_interfaces/share/exam_proctoring_interfaces/cmake/exam_proctoring_interfacesConfig.cmake
[1.138s] -- Up-to-date: /home/menna/Distributed-Smart-Exam-Proctoring-System-using-ROS2/install/exam_proctoring_interfaces/share/exam_proctoring_interfaces/cmake/exam_proctoring_interfacesConfig-version.cmake
[1.138s] -- Up-to-date: /home/menna/Distributed-Smart-Exam-Proctoring-System-using-ROS2/install/exam_proctoring_interfaces/share/exam_proctoring_interfaces/package.xml
[1.140s] Invoked command in '/home/menna/Distributed-Smart-Exam-Proctoring-System-using-ROS2/build/exam_proctoring_interfaces' returned '0': CMAKE_PREFIX_PATH=${CMAKE_PREFIX_PATH}:/home/menna/Distributed-Smart-Exam-Proctoring-System-using-ROS2/install/exam_proctoring_pkg:/opt/ros/jazzy DEBUGINFOD_URLS=https://debuginfod.ubuntu.com PS1=${debian_chroot:+($debian_chroot)}\[\033[01;32m\]\u@\h\[\033[00m\]:\[\033[01;34m\]\w\[\033[00m\]\$ VIRTUAL_ENV_PROMPT=(venv-ardupilot) /usr/bin/cmake --install /home/menna/Distributed-Smart-Exam-Proctoring-System-using-ROS2/build/exam_proctoring_interfaces
