[1.374s] Invoking command in '/home/menna/Distributed-Smart-Exam-Proctoring-System-using-ROS2/src/exam_proctoring_pkg': DEBUGINFOD_URLS=https://debuginfod.ubuntu.com PS1=${debian_chroot:+($debian_chroot)}\[\033[01;32m\]\u@\h\[\033[00m\]:\[\033[01;34m\]\w\[\033[00m\]\$ PYTHONPATH=/home/menna/Distributed-Smart-Exam-Proctoring-System-using-ROS2/build/exam_proctoring_pkg/prefix_override:/usr/lib/python3/dist-packages/colcon_core/task/python/colcon_distutils_commands:/home/menna/Distributed-Smart-Exam-Proctoring-System-using-ROS2/install/exam_proctoring_pkg/lib/python3.12/site-packages:${PYTHONPATH} VIRTUAL_ENV_PROMPT=(venv-ardupilot) /usr/bin/python3 -W ignore:setup.py install is deprecated -W ignore:easy_install command is deprecated setup.py egg_info --egg-base ../../build/exam_proctoring_pkg build --build-base /home/menna/Distributed-Smart-Exam-Proctoring-System-using-ROS2/build/exam_proctoring_pkg/build install --record /home/menna/Distributed-Smart-Exam-Proctoring-System-using-ROS2/build/exam_proctoring_pkg/install.log --single-version-externally-managed install_data
[1.777s] running egg_info
[1.777s] creating ../../build/exam_proctoring_pkg/exam_proctoring_pkg.egg-info
[1.805s] writing ../../build/exam_proctoring_pkg/exam_proctoring_pkg.egg-info/PKG-INFO
[1.806s] writing dependency_links to ../../build/exam_proctoring_pkg/exam_proctoring_pkg.egg-info/dependency_links.txt
[1.806s] writing entry points to ../../build/exam_proctoring_pkg/exam_proctoring_pkg.egg-info/entry_points.txt
[1.806s] writing requirements to ../../build/exam_proctoring_pkg/exam_proctoring_pkg.egg-info/requires.txt
[1.807s] writing top-level names to ../../build/exam_proctoring_pkg/exam_proctoring_pkg.egg-info/top_level.txt
[1.807s] writing manifest file '../../build/exam_proctoring_pkg/exam_proctoring_pkg.egg-info/SOURCES.txt'
[1.864s] reading manifest file '../../build/exam_proctoring_pkg/exam_proctoring_pkg.egg-info/SOURCES.txt'
[1.865s] writing manifest file '../../build/exam_proctoring_pkg/exam_proctoring_pkg.egg-info/SOURCES.txt'
[1.865s] running build
[1.865s] running build_py
[1.866s] creating /home/menna/Distributed-Smart-Exam-Proctoring-System-using-ROS2/build/exam_proctoring_pkg/build
[1.866s] creating /home/menna/Distributed-Smart-Exam-Proctoring-System-using-ROS2/build/exam_proctoring_pkg/build/lib
[1.866s] creating /home/menna/Distributed-Smart-Exam-Proctoring-System-using-ROS2/build/exam_proctoring_pkg/build/lib/exam_proctoring_pkg
[1.866s] copying exam_proctoring_pkg/depth_estimator.py -> /home/menna/Distributed-Smart-Exam-Proctoring-System-using-ROS2/build/exam_proctoring_pkg/build/lib/exam_proctoring_pkg
[1.866s] copying exam_proctoring_pkg/__init__.py -> /home/menna/Distributed-Smart-Exam-Proctoring-System-using-ROS2/build/exam_proctoring_pkg/build/lib/exam_proctoring_pkg
[1.866s] copying exam_proctoring_pkg/face_detector.py -> /home/menna/Distributed-Smart-Exam-Proctoring-System-using-ROS2/build/exam_proctoring_pkg/build/lib/exam_proctoring_pkg
[1.866s] copying exam_proctoring_pkg/camera_streamer.py -> /home/menna/Distributed-Smart-Exam-Proctoring-System-using-ROS2/build/exam_proctoring_pkg/build/lib/exam_proctoring_pkg
[1.866s] running install
[1.873s] running install_lib
[1.903s] creating /home/menna/Distributed-Smart-Exam-Proctoring-System-using-ROS2/install/exam_proctoring_pkg/lib/python3.12/site-packages/exam_proctoring_pkg
[1.904s] copying /home/menna/Distributed-Smart-Exam-Proctoring-System-using-ROS2/build/exam_proctoring_pkg/build/lib/exam_proctoring_pkg/depth_estimator.py -> /home/menna/Distributed-Smart-Exam-Proctoring-System-using-ROS2/install/exam_proctoring_pkg/lib/python3.12/site-packages/exam_proctoring_pkg
[1.904s] copying /home/menna/Distributed-Smart-Exam-Proctoring-System-using-ROS2/build/exam_proctoring_pkg/build/lib/exam_proctoring_pkg/__init__.py -> /home/menna/Distributed-Smart-Exam-Proctoring-System-using-ROS2/install/exam_proctoring_pkg/lib/python3.12/site-packages/exam_proctoring_pkg
[1.904s] copying /home/menna/Distributed-Smart-Exam-Proctoring-System-using-ROS2/build/exam_proctoring_pkg/build/lib/exam_proctoring_pkg/face_detector.py -> /home/menna/Distributed-Smart-Exam-Proctoring-System-using-ROS2/install/exam_proctoring_pkg/lib/python3.12/site-packages/exam_proctoring_pkg
[1.904s] copying /home/menna/Distributed-Smart-Exam-Proctoring-System-using-ROS2/build/exam_proctoring_pkg/build/lib/exam_proctoring_pkg/camera_streamer.py -> /home/menna/Distributed-Smart-Exam-Proctoring-System-using-ROS2/install/exam_proctoring_pkg/lib/python3.12/site-packages/exam_proctoring_pkg
[1.904s] byte-compiling /home/menna/Distributed-Smart-Exam-Proctoring-System-using-ROS2/install/exam_proctoring_pkg/lib/python3.12/site-packages/exam_proctoring_pkg/depth_estimator.py to depth_estimator.cpython-312.pyc
[1.906s] byte-compiling /home/menna/Distributed-Smart-Exam-Proctoring-System-using-ROS2/install/exam_proctoring_pkg/lib/python3.12/site-packages/exam_proctoring_pkg/__init__.py to __init__.cpython-312.pyc
[1.906s] byte-compiling /home/menna/Distributed-Smart-Exam-Proctoring-System-using-ROS2/install/exam_proctoring_pkg/lib/python3.12/site-packages/exam_proctoring_pkg/face_detector.py to face_detector.cpython-312.pyc
[1.907s] byte-compiling /home/menna/Distributed-Smart-Exam-Proctoring-System-using-ROS2/install/exam_proctoring_pkg/lib/python3.12/site-packages/exam_proctoring_pkg/camera_streamer.py to camera_streamer.cpython-312.pyc
[1.908s] running install_data
[1.908s] creating /home/menna/Distributed-Smart-Exam-Proctoring-System-using-ROS2/install/exam_proctoring_pkg/share/ament_index
[1.908s] creating /home/menna/Distributed-Smart-Exam-Proctoring-System-using-ROS2/install/exam_proctoring_pkg/share/ament_index/resource_index
[1.908s] creating /home/menna/Distributed-Smart-Exam-Proctoring-System-using-ROS2/install/exam_proctoring_pkg/share/ament_index/resource_index/packages
[1.908s] copying resource/exam_proctoring_pkg -> /home/menna/Distributed-Smart-Exam-Proctoring-System-using-ROS2/install/exam_proctoring_pkg/share/ament_index/resource_index/packages
[1.908s] copying package.xml -> /home/menna/Distributed-Smart-Exam-Proctoring-System-using-ROS2/install/exam_proctoring_pkg/share/exam_proctoring_pkg
[1.909s] running install_egg_info
[1.940s] Copying ../../build/exam_proctoring_pkg/exam_proctoring_pkg.egg-info to /home/menna/Distributed-Smart-Exam-Proctoring-System-using-ROS2/install/exam_proctoring_pkg/lib/python3.12/site-packages/exam_proctoring_pkg-0.0.0-py3.12.egg-info
[1.941s] running install_scripts
[2.133s] Installing depth_estimator script to /home/menna/Distributed-Smart-Exam-Proctoring-System-using-ROS2/install/exam_proctoring_pkg/lib/exam_proctoring_pkg
[2.134s] Installing face_detector script to /home/menna/Distributed-Smart-Exam-Proctoring-System-using-ROS2/install/exam_proctoring_pkg/lib/exam_proctoring_pkg
[2.134s] writing list of installed files to '/home/menna/Distributed-Smart-Exam-Proctoring-System-using-ROS2/build/exam_proctoring_pkg/install.log'
[2.169s] Invoked command in '/home/menna/Distributed-Smart-Exam-Proctoring-System-using-ROS2/src/exam_proctoring_pkg' returned '0': DEBUGINFOD_URLS=https://debuginfod.ubuntu.com PS1=${debian_chroot:+($debian_chroot)}\[\033[01;32m\]\u@\h\[\033[00m\]:\[\033[01;34m\]\w\[\033[00m\]\$ PYTHONPATH=/home/menna/Distributed-Smart-Exam-Proctoring-System-using-ROS2/build/exam_proctoring_pkg/prefix_override:/usr/lib/python3/dist-packages/colcon_core/task/python/colcon_distutils_commands:/home/menna/Distributed-Smart-Exam-Proctoring-System-using-ROS2/install/exam_proctoring_pkg/lib/python3.12/site-packages:${PYTHONPATH} VIRTUAL_ENV_PROMPT=(venv-ardupilot) /usr/bin/python3 -W ignore:setup.py install is deprecated -W ignore:easy_install command is deprecated setup.py egg_info --egg-base ../../build/exam_proctoring_pkg build --build-base /home/menna/Distributed-Smart-Exam-Proctoring-System-using-ROS2/build/exam_proctoring_pkg/build install --record /home/menna/Distributed-Smart-Exam-Proctoring-System-using-ROS2/build/exam_proctoring_pkg/install.log --single-version-externally-managed install_data
