[1.652s] Invoking command in '/home/menna/Distributed-Smart-Exam-Proctoring-System-using-ROS2/src/exam_proctoring_pkg': DEBUGINFOD_URLS=https://debuginfod.ubuntu.com PS1=${debian_chroot:+($debian_chroot)}\[\033[01;32m\]\u@\h\[\033[00m\]:\[\033[01;34m\]\w\[\033[00m\]\$ PYTHONPATH=/home/menna/Distributed-Smart-Exam-Proctoring-System-using-ROS2/build/exam_proctoring_pkg/prefix_override:/usr/lib/python3/dist-packages/colcon_core/task/python/colcon_distutils_commands:/home/menna/Distributed-Smart-Exam-Proctoring-System-using-ROS2/install/exam_proctoring_pkg/lib/python3.12/site-packages:${PYTHONPATH} VIRTUAL_ENV_PROMPT=(venv-ardupilot) /usr/bin/python3 -W ignore:setup.py install is deprecated -W ignore:easy_install command is deprecated setup.py egg_info --egg-base ../../build/exam_proctoring_pkg build --build-base /home/menna/Distributed-Smart-Exam-Proctoring-System-using-ROS2/build/exam_proctoring_pkg/build install --record /home/menna/Distributed-Smart-Exam-Proctoring-System-using-ROS2/build/exam_proctoring_pkg/install.log --single-version-externally-managed install_data
[2.077s] running egg_info
[2.107s] writing ../../build/exam_proctoring_pkg/exam_proctoring_pkg.egg-info/PKG-INFO
[2.107s] writing dependency_links to ../../build/exam_proctoring_pkg/exam_proctoring_pkg.egg-info/dependency_links.txt
[2.108s] writing entry points to ../../build/exam_proctoring_pkg/exam_proctoring_pkg.egg-info/entry_points.txt
[2.108s] writing requirements to ../../build/exam_proctoring_pkg/exam_proctoring_pkg.egg-info/requires.txt
[2.108s] writing top-level names to ../../build/exam_proctoring_pkg/exam_proctoring_pkg.egg-info/top_level.txt
[2.170s] reading manifest file '../../build/exam_proctoring_pkg/exam_proctoring_pkg.egg-info/SOURCES.txt'
[2.171s] writing manifest file '../../build/exam_proctoring_pkg/exam_proctoring_pkg.egg-info/SOURCES.txt'
[2.171s] running build
[2.171s] running build_py
[2.172s] copying exam_proctoring_pkg/object_detector.py -> /home/menna/Distributed-Smart-Exam-Proctoring-System-using-ROS2/build/exam_proctoring_pkg/build/lib/exam_proctoring_pkg
[2.172s] running install
[2.179s] running install_lib
[2.213s] copying /home/menna/Distributed-Smart-Exam-Proctoring-System-using-ROS2/build/exam_proctoring_pkg/build/lib/exam_proctoring_pkg/object_detector.py -> /home/menna/Distributed-Smart-Exam-Proctoring-System-using-ROS2/install/exam_proctoring_pkg/lib/python3.12/site-packages/exam_proctoring_pkg
[2.214s] byte-compiling /home/menna/Distributed-Smart-Exam-Proctoring-System-using-ROS2/install/exam_proctoring_pkg/lib/python3.12/site-packages/exam_proctoring_pkg/object_detector.py to object_detector.cpython-312.pyc
[2.216s] running install_data
[2.217s] running install_egg_info
[2.250s] removing '/home/menna/Distributed-Smart-Exam-Proctoring-System-using-ROS2/install/exam_proctoring_pkg/lib/python3.12/site-packages/exam_proctoring_pkg-0.0.0-py3.12.egg-info' (and everything under it)
[2.250s] Copying ../../build/exam_proctoring_pkg/exam_proctoring_pkg.egg-info to /home/menna/Distributed-Smart-Exam-Proctoring-System-using-ROS2/install/exam_proctoring_pkg/lib/python3.12/site-packages/exam_proctoring_pkg-0.0.0-py3.12.egg-info
[2.251s] running install_scripts
[2.523s] Installing alert_action script to /home/menna/Distributed-Smart-Exam-Proctoring-System-using-ROS2/install/exam_proctoring_pkg/lib/exam_proctoring_pkg
[2.524s] Installing behavior_node script to /home/menna/Distributed-Smart-Exam-Proctoring-System-using-ROS2/install/exam_proctoring_pkg/lib/exam_proctoring_pkg
[2.524s] Installing camera_streamer script to /home/menna/Distributed-Smart-Exam-Proctoring-System-using-ROS2/install/exam_proctoring_pkg/lib/exam_proctoring_pkg
[2.524s] Installing depth_estimator script to /home/menna/Distributed-Smart-Exam-Proctoring-System-using-ROS2/install/exam_proctoring_pkg/lib/exam_proctoring_pkg
[2.524s] Installing face_detector script to /home/menna/Distributed-Smart-Exam-Proctoring-System-using-ROS2/install/exam_proctoring_pkg/lib/exam_proctoring_pkg
[2.524s] Installing object_detector script to /home/menna/Distributed-Smart-Exam-Proctoring-System-using-ROS2/install/exam_proctoring_pkg/lib/exam_proctoring_pkg
[2.525s] Installing rule_node script to /home/menna/Distributed-Smart-Exam-Proctoring-System-using-ROS2/install/exam_proctoring_pkg/lib/exam_proctoring_pkg
[2.525s] writing list of installed files to '/home/menna/Distributed-Smart-Exam-Proctoring-System-using-ROS2/build/exam_proctoring_pkg/install.log'
[2.578s] Invoked command in '/home/menna/Distributed-Smart-Exam-Proctoring-System-using-ROS2/src/exam_proctoring_pkg' returned '0': DEBUGINFOD_URLS=https://debuginfod.ubuntu.com PS1=${debian_chroot:+($debian_chroot)}\[\033[01;32m\]\u@\h\[\033[00m\]:\[\033[01;34m\]\w\[\033[00m\]\$ PYTHONPATH=/home/menna/Distributed-Smart-Exam-Proctoring-System-using-ROS2/build/exam_proctoring_pkg/prefix_override:/usr/lib/python3/dist-packages/colcon_core/task/python/colcon_distutils_commands:/home/menna/Distributed-Smart-Exam-Proctoring-System-using-ROS2/install/exam_proctoring_pkg/lib/python3.12/site-packages:${PYTHONPATH} VIRTUAL_ENV_PROMPT=(venv-ardupilot) /usr/bin/python3 -W ignore:setup.py install is deprecated -W ignore:easy_install command is deprecated setup.py egg_info --egg-base ../../build/exam_proctoring_pkg build --build-base /home/menna/Distributed-Smart-Exam-Proctoring-System-using-ROS2/build/exam_proctoring_pkg/build install --record /home/menna/Distributed-Smart-Exam-Proctoring-System-using-ROS2/build/exam_proctoring_pkg/install.log --single-version-externally-managed install_data
