[0.059s] Invoking command in '/home/menna/Distributed-Smart-Exam-Proctoring-System-using-ROS2/build/exam_proctoring_interfaces': CMAKE_PREFIX_PATH=${CMAKE_PREFIX_PATH}:/home/menna/Distributed-Smart-Exam-Proctoring-System-using-ROS2/install/exam_proctoring_pkg:/opt/ros/jazzy DEBUGINFOD_URLS=https://debuginfod.ubuntu.com PS1=${debian_chroot:+($debian_chroot)}\[\033[01;32m\]\u@\h\[\033[00m\]:\[\033[01;34m\]\w\[\033[00m\]\$ VIRTUAL_ENV_PROMPT=(venv-ardupilot) /usr/bin/cmake --build /home/menna/Distributed-Smart-Exam-Proctoring-System-using-ROS2/build/exam_proctoring_interfaces -- -j8 -l8
[0.267s] [  2%] Built target exam_proctoring_interfaces__rosidl_generator_type_description
[0.308s] [  2%] Built target ament_cmake_python_copy_exam_proctoring_interfaces
[0.355s] [  5%] Built target exam_proctoring_interfaces__cpp
[0.365s] [ 20%] Built target exam_proctoring_interfaces__rosidl_generator_c
[0.498s] [ 29%] Built target exam_proctoring_interfaces__rosidl_typesupport_c
[0.504s] [ 38%] Built target exam_proctoring_interfaces__rosidl_typesupport_introspection_c
[0.512s] [ 47%] Built target exam_proctoring_interfaces__rosidl_typesupport_fastrtps_c
[0.515s] [ 55%] Built target exam_proctoring_interfaces__rosidl_typesupport_cpp
[0.523s] [ 64%] Built target exam_proctoring_interfaces__rosidl_typesupport_fastrtps_cpp
[0.523s] [ 73%] Built target exam_proctoring_interfaces__rosidl_typesupport_introspection_cpp
[0.605s] [ 73%] Built target exam_proctoring_interfaces
[0.690s] [ 76%] Built target exam_proctoring_interfaces__py
[0.788s] [ 82%] Built target exam_proctoring_interfaces__rosidl_generator_py
[0.893s] [ 88%] Built target exam_proctoring_interfaces_s__rosidl_typesupport_c
[0.895s] [ 94%] Built target exam_proctoring_interfaces_s__rosidl_typesupport_fastrtps_c
[0.915s] [100%] Built target exam_proctoring_interfaces_s__rosidl_typesupport_introspection_c
[1.573s] running egg_info
[1.698s] writing exam_proctoring_interfaces.egg-info/PKG-INFO
[1.700s] writing dependency_links to exam_proctoring_interfaces.egg-info/dependency_links.txt
[1.700s] writing top-level names to exam_proctoring_interfaces.egg-info/top_level.txt
[2.073s] reading manifest file 'exam_proctoring_interfaces.egg-info/SOURCES.txt'
[2.076s] writing manifest file 'exam_proctoring_interfaces.egg-info/SOURCES.txt'
[2.179s] [100%] Built target ament_cmake_python_build_exam_proctoring_interfaces_egg
[2.225s] Invoked command in '/home/menna/Distributed-Smart-Exam-Proctoring-System-using-ROS2/build/exam_proctoring_interfaces' returned '0': CMAKE_PREFIX_PATH=${CMAKE_PREFIX_PATH}:/home/menna/Distributed-Smart-Exam-Proctoring-System-using-ROS2/install/exam_proctoring_pkg:/opt/ros/jazzy DEBUGINFOD_URLS=https://debuginfod.ubuntu.com PS1=${debian_chroot:+($debian_chroot)}\[\033[01;32m\]\u@\h\[\033[00m\]:\[\033[01;34m\]\w\[\033[00m\]\$ VIRTUAL_ENV_PROMPT=(venv-ardupilot) /usr/bin/cmake --build /home/menna/Distributed-Smart-Exam-Proctoring-System-using-ROS2/build/exam_proctoring_interfaces -- -j8 -l8
[2.268s] Invoking command in '/home/menna/Distributed-Smart-Exam-Proctoring-System-using-ROS2/build/exam_proctoring_interfaces': CMAKE_PREFIX_PATH=${CMAKE_PREFIX_PATH}:/home/menna/Distributed-Smart-Exam-Proctoring-System-using-ROS2/install/exam_proctoring_pkg:/opt/ros/jazzy DEBUGINFOD_URLS=https://debuginfod.ubuntu.com PS1=${debian_chroot:+($debian_chroot)}\[\033[01;32m\]\u@\h\[\033[00m\]:\[\033[01;34m\]\w\[\033[00m\]\$ VIRTUAL_ENV_PROMPT=(venv-ardupilot) /usr/bin/cmake --install /home/menna/Distributed-Smart-Exam-Proctoring-System-using-ROS2/build/exam_proctoring_interfaces
[2.302s] -- Install configuration: ""
[2.303s] -- Up-to-date: /home/menna/Distributed-Smart-Exam-Proctoring-System-using-ROS2/install/exam_proctoring_interfaces/share/ament_index/resource_index/rosidl_interfaces/exam_proctoring_interfaces
[2.303s] -- Up-to-date: /home/menna/Distributed-Smart-Exam-Proctoring-System-using-ROS2/install/exam_proctoring_interfaces/share/exam_proctoring_interfaces/action/Alert.json
[2.303s] -- Up-to-date: /home/menna/Distributed-Smart-Exam-Proctoring-System-using-ROS2/install/exam_proctoring_interfaces/include/exam_proctoring_interfaces/exam_proctoring_interfaces
[2.304s] -- Up-to-date: /home/menna/Distributed-Smart-Exam-Proctoring-System-using-ROS2/install/exam_proctoring_interfaces/include/exam_proctoring_interfaces/exam_proctoring_interfaces/msg
[2.304s] -- Up-to-date: /home/menna/Distributed-Smart-Exam-Proctoring-System-using-ROS2/install/exam_proctoring_interfaces/include/exam_proctoring_interfaces/exam_proctoring_interfaces/msg/rosidl_generator_c__visibility_control.h
[2.305s] -- Up-to-date: /home/menna/Distributed-Smart-Exam-Proctoring-System-using-ROS2/install/exam_proctoring_interfaces/include/exam_proctoring_interfaces/exam_proctoring_interfaces/action
[2.305s] -- Up-to-date: /home/menna/Distributed-Smart-Exam-Proctoring-System-using-ROS2/install/exam_proctoring_interfaces/include/exam_proctoring_interfaces/exam_proctoring_interfaces/action/alert.h
[2.306s] -- Up-to-date: /home/menna/Distributed-Smart-Exam-Proctoring-System-using-ROS2/install/exam_proctoring_interfaces/include/exam_proctoring_interfaces/exam_proctoring_interfaces/action/detail
[2.306s] -- Up-to-date: /home/menna/Distributed-Smart-Exam-Proctoring-System-using-ROS2/install/exam_proctoring_interfaces/include/exam_proctoring_interfaces/exam_proctoring_interfaces/action/detail/alert__functions.h
[2.307s] -- Installing: /home/menna/Distributed-Smart-Exam-Proctoring-System-using-ROS2/install/exam_proctoring_interfaces/include/exam_proctoring_interfaces/exam_proctoring_interfaces/action/detail/alert__type_support.c
[2.308s] -- Up-to-date: /home/menna/Distributed-Smart-Exam-Proctoring-System-using-ROS2/install/exam_proctoring_interfaces/include/exam_proctoring_interfaces/exam_proctoring_interfaces/action/detail/alert__functions.c
[2.308s] -- Up-to-date: /home/menna/Distributed-Smart-Exam-Proctoring-System-using-ROS2/install/exam_proctoring_interfaces/include/exam_proctoring_interfaces/exam_proctoring_interfaces/action/detail/alert__description.c
[2.309s] -- Up-to-date: /home/menna/Distributed-Smart-Exam-Proctoring-System-using-ROS2/install/exam_proctoring_interfaces/include/exam_proctoring_interfaces/exam_proctoring_interfaces/action/detail/alert__struct.h
[2.310s] -- Up-to-date: /home/menna/Distributed-Smart-Exam-Proctoring-System-using-ROS2/install/exam_proctoring_interfaces/include/exam_proctoring_interfaces/exam_proctoring_interfaces/action/detail/alert__type_support.h
[2.310s] -- Up-to-date: /home/menna/Distributed-Smart-Exam-Proctoring-System-using-ROS2/install/exam_proctoring_interfaces/share/exam_proctoring_interfaces/environment/library_path.sh
[2.310s] -- Up-to-date: /home/menna/Distributed-Smart-Exam-Proctoring-System-using-ROS2/install/exam_proctoring_interfaces/share/exam_proctoring_interfaces/environment/library_path.dsv
[2.311s] -- Up-to-date: /home/menna/Distributed-Smart-Exam-Proctoring-System-using-ROS2/install/exam_proctoring_interfaces/lib/libexam_proctoring_interfaces__rosidl_generator_c.so
[2.312s] -- Up-to-date: /home/menna/Distributed-Smart-Exam-Proctoring-System-using-ROS2/install/exam_proctoring_interfaces/include/exam_proctoring_interfaces/exam_proctoring_interfaces
[2.312s] -- Up-to-date: /home/menna/Distributed-Smart-Exam-Proctoring-System-using-ROS2/install/exam_proctoring_interfaces/include/exam_proctoring_interfaces/exam_proctoring_interfaces/msg
[2.313s] -- Up-to-date: /home/menna/Distributed-Smart-Exam-Proctoring-System-using-ROS2/install/exam_proctoring_interfaces/include/exam_proctoring_interfaces/exam_proctoring_interfaces/msg/rosidl_typesupport_fastrtps_c__visibility_control.h
[2.314s] -- Up-to-date: /home/menna/Distributed-Smart-Exam-Proctoring-System-using-ROS2/install/exam_proctoring_interfaces/include/exam_proctoring_interfaces/exam_proctoring_interfaces/action
[2.314s] -- Up-to-date: /home/menna/Distributed-Smart-Exam-Proctoring-System-using-ROS2/install/exam_proctoring_interfaces/include/exam_proctoring_interfaces/exam_proctoring_interfaces/action/detail
[2.315s] -- Up-to-date: /home/menna/Distributed-Smart-Exam-Proctoring-System-using-ROS2/install/exam_proctoring_interfaces/include/exam_proctoring_interfaces/exam_proctoring_interfaces/action/detail/alert__rosidl_typesupport_fastrtps_c.h
[2.315s] -- Up-to-date: /home/menna/Distributed-Smart-Exam-Proctoring-System-using-ROS2/install/exam_proctoring_interfaces/lib/libexam_proctoring_interfaces__rosidl_typesupport_fastrtps_c.so
[2.315s] -- Up-to-date: /home/menna/Distributed-Smart-Exam-Proctoring-System-using-ROS2/install/exam_proctoring_interfaces/include/exam_proctoring_interfaces/exam_proctoring_interfaces
[2.316s] -- Up-to-date: /home/menna/Distributed-Smart-Exam-Proctoring-System-using-ROS2/install/exam_proctoring_interfaces/include/exam_proctoring_interfaces/exam_proctoring_interfaces/msg
[2.316s] -- Up-to-date: /home/menna/Distributed-Smart-Exam-Proctoring-System-using-ROS2/install/exam_proctoring_interfaces/include/exam_proctoring_interfaces/exam_proctoring_interfaces/msg/rosidl_typesupport_introspection_c__visibility_control.h
[2.316s] -- Up-to-date: /home/menna/Distributed-Smart-Exam-Proctoring-System-using-ROS2/install/exam_proctoring_interfaces/include/exam_proctoring_interfaces/exam_proctoring_interfaces/action
[2.317s] -- Up-to-date: /home/menna/Distributed-Smart-Exam-Proctoring-System-using-ROS2/install/exam_proctoring_interfaces/include/exam_proctoring_interfaces/exam_proctoring_interfaces/action/detail
[2.317s] -- Installing: /home/menna/Distributed-Smart-Exam-Proctoring-System-using-ROS2/install/exam_proctoring_interfaces/include/exam_proctoring_interfaces/exam_proctoring_interfaces/action/detail/alert__type_support.c
[2.318s] -- Up-to-date: /home/menna/Distributed-Smart-Exam-Proctoring-System-using-ROS2/install/exam_proctoring_interfaces/include/exam_proctoring_interfaces/exam_proctoring_interfaces/action/detail/alert__rosidl_typesupport_introspection_c.h
[2.318s] -- Up-to-date: /home/menna/Distributed-Smart-Exam-Proctoring-System-using-ROS2/install/exam_proctoring_interfaces/lib/libexam_proctoring_interfaces__rosidl_typesupport_introspection_c.so
[2.319s] -- Up-to-date: /home/menna/Distributed-Smart-Exam-Proctoring-System-using-ROS2/install/exam_proctoring_interfaces/lib/libexam_proctoring_interfaces__rosidl_typesupport_c.so
[2.319s] -- Up-to-date: /home/menna/Distributed-Smart-Exam-Proctoring-System-using-ROS2/install/exam_proctoring_interfaces/include/exam_proctoring_interfaces/exam_proctoring_interfaces
[2.319s] -- Up-to-date: /home/menna/Distributed-Smart-Exam-Proctoring-System-using-ROS2/install/exam_proctoring_interfaces/include/exam_proctoring_interfaces/exam_proctoring_interfaces/msg
[2.319s] -- Up-to-date: /home/menna/Distributed-Smart-Exam-Proctoring-System-using-ROS2/install/exam_proctoring_interfaces/include/exam_proctoring_interfaces/exam_proctoring_interfaces/msg/rosidl_generator_cpp__visibility_control.hpp
[2.320s] -- Up-to-date: /home/menna/Distributed-Smart-Exam-Proctoring-System-using-ROS2/install/exam_proctoring_interfaces/include/exam_proctoring_interfaces/exam_proctoring_interfaces/action
[2.320s] -- Up-to-date: /home/menna/Distributed-Smart-Exam-Proctoring-System-using-ROS2/install/exam_proctoring_interfaces/include/exam_proctoring_interfaces/exam_proctoring_interfaces/action/detail
[2.320s] -- Up-to-date: /home/menna/Distributed-Smart-Exam-Proctoring-System-using-ROS2/install/exam_proctoring_interfaces/include/exam_proctoring_interfaces/exam_proctoring_interfaces/action/detail/alert__builder.hpp
[2.321s] -- Up-to-date: /home/menna/Distributed-Smart-Exam-Proctoring-System-using-ROS2/install/exam_proctoring_interfaces/include/exam_proctoring_interfaces/exam_proctoring_interfaces/action/detail/alert__type_support.hpp
[2.321s] -- Up-to-date: /home/menna/Distributed-Smart-Exam-Proctoring-System-using-ROS2/install/exam_proctoring_interfaces/include/exam_proctoring_interfaces/exam_proctoring_interfaces/action/detail/alert__struct.hpp
[2.321s] -- Up-to-date: /home/menna/Distributed-Smart-Exam-Proctoring-System-using-ROS2/install/exam_proctoring_interfaces/include/exam_proctoring_interfaces/exam_proctoring_interfaces/action/detail/alert__traits.hpp
[2.322s] -- Up-to-date: /home/menna/Distributed-Smart-Exam-Proctoring-System-using-ROS2/install/exam_proctoring_interfaces/include/exam_proctoring_interfaces/exam_proctoring_interfaces/action/alert.hpp
[2.322s] -- Up-to-date: /home/menna/Distributed-Smart-Exam-Proctoring-System-using-ROS2/install/exam_proctoring_interfaces/include/exam_proctoring_interfaces/exam_proctoring_interfaces
[2.322s] -- Up-to-date: /home/menna/Distributed-Smart-Exam-Proctoring-System-using-ROS2/install/exam_proctoring_interfaces/include/exam_proctoring_interfaces/exam_proctoring_interfaces/msg
[2.323s] -- Up-to-date: /home/menna/Distributed-Smart-Exam-Proctoring-System-using-ROS2/install/exam_proctoring_interfaces/include/exam_proctoring_interfaces/exam_proctoring_interfaces/msg/rosidl_typesupport_fastrtps_cpp__visibility_control.h
[2.323s] -- Up-to-date: /home/menna/Distributed-Smart-Exam-Proctoring-System-using-ROS2/install/exam_proctoring_interfaces/include/exam_proctoring_interfaces/exam_proctoring_interfaces/action
[2.323s] -- Up-to-date: /home/menna/Distributed-Smart-Exam-Proctoring-System-using-ROS2/install/exam_proctoring_interfaces/include/exam_proctoring_interfaces/exam_proctoring_interfaces/action/detail
[2.324s] -- Up-to-date: /home/menna/Distributed-Smart-Exam-Proctoring-System-using-ROS2/install/exam_proctoring_interfaces/include/exam_proctoring_interfaces/exam_proctoring_interfaces/action/detail/alert__rosidl_typesupport_fastrtps_cpp.hpp
[2.324s] -- Up-to-date: /home/menna/Distributed-Smart-Exam-Proctoring-System-using-ROS2/install/exam_proctoring_interfaces/include/exam_proctoring_interfaces/exam_proctoring_interfaces/action/detail/dds_fastrtps
[2.324s] -- Up-to-date: /home/menna/Distributed-Smart-Exam-Proctoring-System-using-ROS2/install/exam_proctoring_interfaces/lib/libexam_proctoring_interfaces__rosidl_typesupport_fastrtps_cpp.so
[2.325s] -- Up-to-date: /home/menna/Distributed-Smart-Exam-Proctoring-System-using-ROS2/install/exam_proctoring_interfaces/include/exam_proctoring_interfaces/exam_proctoring_interfaces
[2.325s] -- Up-to-date: /home/menna/Distributed-Smart-Exam-Proctoring-System-using-ROS2/install/exam_proctoring_interfaces/include/exam_proctoring_interfaces/exam_proctoring_interfaces/action
[2.325s] -- Up-to-date: /home/menna/Distributed-Smart-Exam-Proctoring-System-using-ROS2/install/exam_proctoring_interfaces/include/exam_proctoring_interfaces/exam_proctoring_interfaces/action/detail
[2.326s] -- Up-to-date: /home/menna/Distributed-Smart-Exam-Proctoring-System-using-ROS2/install/exam_proctoring_interfaces/include/exam_proctoring_interfaces/exam_proctoring_interfaces/action/detail/alert__rosidl_typesupport_introspection_cpp.hpp
[2.326s] -- Up-to-date: /home/menna/Distributed-Smart-Exam-Proctoring-System-using-ROS2/install/exam_proctoring_interfaces/include/exam_proctoring_interfaces/exam_proctoring_interfaces/action/detail/alert__type_support.cpp
[2.326s] -- Up-to-date: /home/menna/Distributed-Smart-Exam-Proctoring-System-using-ROS2/install/exam_proctoring_interfaces/lib/libexam_proctoring_interfaces__rosidl_typesupport_introspection_cpp.so
[2.327s] -- Up-to-date: /home/menna/Distributed-Smart-Exam-Proctoring-System-using-ROS2/install/exam_proctoring_interfaces/lib/libexam_proctoring_interfaces__rosidl_typesupport_cpp.so
[2.327s] -- Up-to-date: /home/menna/Distributed-Smart-Exam-Proctoring-System-using-ROS2/install/exam_proctoring_interfaces/share/exam_proctoring_interfaces/environment/pythonpath.sh
[2.327s] -- Up-to-date: /home/menna/Distributed-Smart-Exam-Proctoring-System-using-ROS2/install/exam_proctoring_interfaces/share/exam_proctoring_interfaces/environment/pythonpath.dsv
[2.328s] -- Up-to-date: /home/menna/Distributed-Smart-Exam-Proctoring-System-using-ROS2/install/exam_proctoring_interfaces/lib/python3.12/site-packages/exam_proctoring_interfaces-0.0.0-py3.12.egg-info
[2.328s] -- Installing: /home/menna/Distributed-Smart-Exam-Proctoring-System-using-ROS2/install/exam_proctoring_interfaces/lib/python3.12/site-packages/exam_proctoring_interfaces-0.0.0-py3.12.egg-info/SOURCES.txt
[2.328s] -- Installing: /home/menna/Distributed-Smart-Exam-Proctoring-System-using-ROS2/install/exam_proctoring_interfaces/lib/python3.12/site-packages/exam_proctoring_interfaces-0.0.0-py3.12.egg-info/top_level.txt
[2.329s] -- Installing: /home/menna/Distributed-Smart-Exam-Proctoring-System-using-ROS2/install/exam_proctoring_interfaces/lib/python3.12/site-packages/exam_proctoring_interfaces-0.0.0-py3.12.egg-info/dependency_links.txt
[2.329s] -- Installing: /home/menna/Distributed-Smart-Exam-Proctoring-System-using-ROS2/install/exam_proctoring_interfaces/lib/python3.12/site-packages/exam_proctoring_interfaces-0.0.0-py3.12.egg-info/PKG-INFO
[2.330s] -- Up-to-date: /home/menna/Distributed-Smart-Exam-Proctoring-System-using-ROS2/install/exam_proctoring_interfaces/lib/python3.12/site-packages/exam_proctoring_interfaces
[2.330s] -- Up-to-date: /home/menna/Distributed-Smart-Exam-Proctoring-System-using-ROS2/install/exam_proctoring_interfaces/lib/python3.12/site-packages/exam_proctoring_interfaces/exam_proctoring_interfaces_s__rosidl_typesupport_fastrtps_c.so
[2.330s] -- Up-to-date: /home/menna/Distributed-Smart-Exam-Proctoring-System-using-ROS2/install/exam_proctoring_interfaces/lib/python3.12/site-packages/exam_proctoring_interfaces/_exam_proctoring_interfaces_s.ep.rosidl_typesupport_fastrtps_c.c
[2.331s] -- Up-to-date: /home/menna/Distributed-Smart-Exam-Proctoring-System-using-ROS2/install/exam_proctoring_interfaces/lib/python3.12/site-packages/exam_proctoring_interfaces/exam_proctoring_interfaces_s__rosidl_typesupport_introspection_c.so
[2.331s] -- Up-to-date: /home/menna/Distributed-Smart-Exam-Proctoring-System-using-ROS2/install/exam_proctoring_interfaces/lib/python3.12/site-packages/exam_proctoring_interfaces/__init__.py
[2.331s] -- Up-to-date: /home/menna/Distributed-Smart-Exam-Proctoring-System-using-ROS2/install/exam_proctoring_interfaces/lib/python3.12/site-packages/exam_proctoring_interfaces/exam_proctoring_interfaces_s__rosidl_typesupport_c.so
[2.331s] -- Up-to-date: /home/menna/Distributed-Smart-Exam-Proctoring-System-using-ROS2/install/exam_proctoring_interfaces/lib/python3.12/site-packages/exam_proctoring_interfaces/_exam_proctoring_interfaces_s.ep.rosidl_typesupport_c.c
[2.332s] -- Up-to-date: /home/menna/Distributed-Smart-Exam-Proctoring-System-using-ROS2/install/exam_proctoring_interfaces/lib/python3.12/site-packages/exam_proctoring_interfaces/action
[2.332s] -- Up-to-date: /home/menna/Distributed-Smart-Exam-Proctoring-System-using-ROS2/install/exam_proctoring_interfaces/lib/python3.12/site-packages/exam_proctoring_interfaces/action/_alert_s.c
[2.332s] -- Up-to-date: /home/menna/Distributed-Smart-Exam-Proctoring-System-using-ROS2/install/exam_proctoring_interfaces/lib/python3.12/site-packages/exam_proctoring_interfaces/action/__init__.py
[2.332s] -- Up-to-date: /home/menna/Distributed-Smart-Exam-Proctoring-System-using-ROS2/install/exam_proctoring_interfaces/lib/python3.12/site-packages/exam_proctoring_interfaces/action/_alert.py
[2.333s] -- Up-to-date: /home/menna/Distributed-Smart-Exam-Proctoring-System-using-ROS2/install/exam_proctoring_interfaces/lib/python3.12/site-packages/exam_proctoring_interfaces/_exam_proctoring_interfaces_s.ep.rosidl_typesupport_introspection_c.c
[2.478s] Listing '/home/menna/Distributed-Smart-Exam-Proctoring-System-using-ROS2/install/exam_proctoring_interfaces/lib/python3.12/site-packages/exam_proctoring_interfaces'...
[2.478s] Listing '/home/menna/Distributed-Smart-Exam-Proctoring-System-using-ROS2/install/exam_proctoring_interfaces/lib/python3.12/site-packages/exam_proctoring_interfaces/action'...
[2.498s] -- Up-to-date: /home/menna/Distributed-Smart-Exam-Proctoring-System-using-ROS2/install/exam_proctoring_interfaces/lib/python3.12/site-packages/exam_proctoring_interfaces/exam_proctoring_interfaces_s__rosidl_typesupport_fastrtps_c.so
[2.500s] -- Up-to-date: /home/menna/Distributed-Smart-Exam-Proctoring-System-using-ROS2/install/exam_proctoring_interfaces/lib/python3.12/site-packages/exam_proctoring_interfaces/exam_proctoring_interfaces_s__rosidl_typesupport_introspection_c.so
[2.501s] -- Up-to-date: /home/menna/Distributed-Smart-Exam-Proctoring-System-using-ROS2/install/exam_proctoring_interfaces/lib/python3.12/site-packages/exam_proctoring_interfaces/exam_proctoring_interfaces_s__rosidl_typesupport_c.so
[2.503s] -- Up-to-date: /home/menna/Distributed-Smart-Exam-Proctoring-System-using-ROS2/install/exam_proctoring_interfaces/lib/libexam_proctoring_interfaces__rosidl_generator_py.so
[2.504s] -- Up-to-date: /home/menna/Distributed-Smart-Exam-Proctoring-System-using-ROS2/install/exam_proctoring_interfaces/share/exam_proctoring_interfaces/action/Alert.idl
[2.505s] -- Up-to-date: /home/menna/Distributed-Smart-Exam-Proctoring-System-using-ROS2/install/exam_proctoring_interfaces/share/exam_proctoring_interfaces/action/Alert.action
[2.505s] -- Up-to-date: /home/menna/Distributed-Smart-Exam-Proctoring-System-using-ROS2/install/exam_proctoring_interfaces/share/ament_index/resource_index/package_run_dependencies/exam_proctoring_interfaces
[2.507s] -- Up-to-date: /home/menna/Distributed-Smart-Exam-Proctoring-System-using-ROS2/install/exam_proctoring_interfaces/share/ament_index/resource_index/parent_prefix_path/exam_proctoring_interfaces
[2.507s] -- Up-to-date: /home/menna/Distributed-Smart-Exam-Proctoring-System-using-ROS2/install/exam_proctoring_interfaces/share/exam_proctoring_interfaces/environment/ament_prefix_path.sh
[2.508s] -- Up-to-date: /home/menna/Distributed-Smart-Exam-Proctoring-System-using-ROS2/install/exam_proctoring_interfaces/share/exam_proctoring_interfaces/environment/ament_prefix_path.dsv
[2.509s] -- Up-to-date: /home/menna/Distributed-Smart-Exam-Proctoring-System-using-ROS2/install/exam_proctoring_interfaces/share/exam_proctoring_interfaces/environment/path.sh
[2.509s] -- Up-to-date: /home/menna/Distributed-Smart-Exam-Proctoring-System-using-ROS2/install/exam_proctoring_interfaces/share/exam_proctoring_interfaces/environment/path.dsv
[2.510s] -- Up-to-date: /home/menna/Distributed-Smart-Exam-Proctoring-System-using-ROS2/install/exam_proctoring_interfaces/share/exam_proctoring_interfaces/local_setup.bash
[2.511s] -- Up-to-date: /home/menna/Distributed-Smart-Exam-Proctoring-System-using-ROS2/install/exam_proctoring_interfaces/share/exam_proctoring_interfaces/local_setup.sh
[2.511s] -- Up-to-date: /home/menna/Distributed-Smart-Exam-Proctoring-System-using-ROS2/install/exam_proctoring_interfaces/share/exam_proctoring_interfaces/local_setup.zsh
[2.511s] -- Up-to-date: /home/menna/Distributed-Smart-Exam-Proctoring-System-using-ROS2/install/exam_proctoring_interfaces/share/exam_proctoring_interfaces/local_setup.dsv
[2.512s] -- Installing: /home/menna/Distributed-Smart-Exam-Proctoring-System-using-ROS2/install/exam_proctoring_interfaces/share/exam_proctoring_interfaces/package.dsv
[2.513s] -- Up-to-date: /home/menna/Distributed-Smart-Exam-Proctoring-System-using-ROS2/install/exam_proctoring_interfaces/share/ament_index/resource_index/packages/exam_proctoring_interfaces
[2.514s] -- Up-to-date: /home/menna/Distributed-Smart-Exam-Proctoring-System-using-ROS2/install/exam_proctoring_interfaces/share/exam_proctoring_interfaces/cmake/export_exam_proctoring_interfaces__rosidl_generator_cExport.cmake
[2.515s] -- Up-to-date: /home/menna/Distributed-Smart-Exam-Proctoring-System-using-ROS2/install/exam_proctoring_interfaces/share/exam_proctoring_interfaces/cmake/export_exam_proctoring_interfaces__rosidl_generator_cExport-noconfig.cmake
[2.515s] -- Up-to-date: /home/menna/Distributed-Smart-Exam-Proctoring-System-using-ROS2/install/exam_proctoring_interfaces/share/exam_proctoring_interfaces/cmake/export_exam_proctoring_interfaces__rosidl_typesupport_fastrtps_cExport.cmake
[2.516s] -- Up-to-date: /home/menna/Distributed-Smart-Exam-Proctoring-System-using-ROS2/install/exam_proctoring_interfaces/share/exam_proctoring_interfaces/cmake/export_exam_proctoring_interfaces__rosidl_typesupport_fastrtps_cExport-noconfig.cmake
[2.516s] -- Up-to-date: /home/menna/Distributed-Smart-Exam-Proctoring-System-using-ROS2/install/exam_proctoring_interfaces/share/exam_proctoring_interfaces/cmake/exam_proctoring_interfaces__rosidl_typesupport_introspection_cExport.cmake
[2.517s] -- Up-to-date: /home/menna/Distributed-Smart-Exam-Proctoring-System-using-ROS2/install/exam_proctoring_interfaces/share/exam_proctoring_interfaces/cmake/exam_proctoring_interfaces__rosidl_typesupport_introspection_cExport-noconfig.cmake
[2.517s] -- Up-to-date: /home/menna/Distributed-Smart-Exam-Proctoring-System-using-ROS2/install/exam_proctoring_interfaces/share/exam_proctoring_interfaces/cmake/exam_proctoring_interfaces__rosidl_typesupport_cExport.cmake
[2.517s] -- Up-to-date: /home/menna/Distributed-Smart-Exam-Proctoring-System-using-ROS2/install/exam_proctoring_interfaces/share/exam_proctoring_interfaces/cmake/exam_proctoring_interfaces__rosidl_typesupport_cExport-noconfig.cmake
[2.518s] -- Up-to-date: /home/menna/Distributed-Smart-Exam-Proctoring-System-using-ROS2/install/exam_proctoring_interfaces/share/exam_proctoring_interfaces/cmake/export_exam_proctoring_interfaces__rosidl_generator_cppExport.cmake
[2.518s] -- Up-to-date: /home/menna/Distributed-Smart-Exam-Proctoring-System-using-ROS2/install/exam_proctoring_interfaces/share/exam_proctoring_interfaces/cmake/export_exam_proctoring_interfaces__rosidl_typesupport_fastrtps_cppExport.cmake
[2.518s] -- Up-to-date: /home/menna/Distributed-Smart-Exam-Proctoring-System-using-ROS2/install/exam_proctoring_interfaces/share/exam_proctoring_interfaces/cmake/export_exam_proctoring_interfaces__rosidl_typesupport_fastrtps_cppExport-noconfig.cmake
[2.518s] -- Up-to-date: /home/menna/Distributed-Smart-Exam-Proctoring-System-using-ROS2/install/exam_proctoring_interfaces/share/exam_proctoring_interfaces/cmake/exam_proctoring_interfaces__rosidl_typesupport_introspection_cppExport.cmake
[2.519s] -- Up-to-date: /home/menna/Distributed-Smart-Exam-Proctoring-System-using-ROS2/install/exam_proctoring_interfaces/share/exam_proctoring_interfaces/cmake/exam_proctoring_interfaces__rosidl_typesupport_introspection_cppExport-noconfig.cmake
[2.519s] -- Up-to-date: /home/menna/Distributed-Smart-Exam-Proctoring-System-using-ROS2/install/exam_proctoring_interfaces/share/exam_proctoring_interfaces/cmake/exam_proctoring_interfaces__rosidl_typesupport_cppExport.cmake
[2.519s] -- Up-to-date: /home/menna/Distributed-Smart-Exam-Proctoring-System-using-ROS2/install/exam_proctoring_interfaces/share/exam_proctoring_interfaces/cmake/exam_proctoring_interfaces__rosidl_typesupport_cppExport-noconfig.cmake
[2.520s] -- Up-to-date: /home/menna/Distributed-Smart-Exam-Proctoring-System-using-ROS2/install/exam_proctoring_interfaces/share/exam_proctoring_interfaces/cmake/export_exam_proctoring_interfaces__rosidl_generator_pyExport.cmake
[2.520s] -- Up-to-date: /home/menna/Distributed-Smart-Exam-Proctoring-System-using-ROS2/install/exam_proctoring_interfaces/share/exam_proctoring_interfaces/cmake/export_exam_proctoring_interfaces__rosidl_generator_pyExport-noconfig.cmake
[2.520s] -- Up-to-date: /home/menna/Distributed-Smart-Exam-Proctoring-System-using-ROS2/install/exam_proctoring_interfaces/share/exam_proctoring_interfaces/cmake/rosidl_cmake-extras.cmake
[2.520s] -- Up-to-date: /home/menna/Distributed-Smart-Exam-Proctoring-System-using-ROS2/install/exam_proctoring_interfaces/share/exam_proctoring_interfaces/cmake/ament_cmake_export_dependencies-extras.cmake
[2.521s] -- Up-to-date: /home/menna/Distributed-Smart-Exam-Proctoring-System-using-ROS2/install/exam_proctoring_interfaces/share/exam_proctoring_interfaces/cmake/ament_cmake_export_include_directories-extras.cmake
[2.521s] -- Up-to-date: /home/menna/Distributed-Smart-Exam-Proctoring-System-using-ROS2/install/exam_proctoring_interfaces/share/exam_proctoring_interfaces/cmake/ament_cmake_export_libraries-extras.cmake
[2.521s] -- Up-to-date: /home/menna/Distributed-Smart-Exam-Proctoring-System-using-ROS2/install/exam_proctoring_interfaces/share/exam_proctoring_interfaces/cmake/ament_cmake_export_targets-extras.cmake
[2.522s] -- Up-to-date: /home/menna/Distributed-Smart-Exam-Proctoring-System-using-ROS2/install/exam_proctoring_interfaces/share/exam_proctoring_interfaces/cmake/rosidl_cmake_export_typesupport_targets-extras.cmake
[2.522s] -- Up-to-date: /home/menna/Distributed-Smart-Exam-Proctoring-System-using-ROS2/install/exam_proctoring_interfaces/share/exam_proctoring_interfaces/cmake/rosidl_cmake_export_typesupport_libraries-extras.cmake
[2.522s] -- Up-to-date: /home/menna/Distributed-Smart-Exam-Proctoring-System-using-ROS2/install/exam_proctoring_interfaces/share/exam_proctoring_interfaces/cmake/exam_proctoring_interfacesConfig.cmake
[2.523s] -- Up-to-date: /home/menna/Distributed-Smart-Exam-Proctoring-System-using-ROS2/install/exam_proctoring_interfaces/share/exam_proctoring_interfaces/cmake/exam_proctoring_interfacesConfig-version.cmake
[2.523s] -- Up-to-date: /home/menna/Distributed-Smart-Exam-Proctoring-System-using-ROS2/install/exam_proctoring_interfaces/share/exam_proctoring_interfaces/package.xml
[2.526s] Invoked command in '/home/menna/Distributed-Smart-Exam-Proctoring-System-using-ROS2/build/exam_proctoring_interfaces' returned '0': CMAKE_PREFIX_PATH=${CMAKE_PREFIX_PATH}:/home/menna/Distributed-Smart-Exam-Proctoring-System-using-ROS2/install/exam_proctoring_pkg:/opt/ros/jazzy DEBUGINFOD_URLS=https://debuginfod.ubuntu.com PS1=${debian_chroot:+($debian_chroot)}\[\033[01;32m\]\u@\h\[\033[00m\]:\[\033[01;34m\]\w\[\033[00m\]\$ VIRTUAL_ENV_PROMPT=(venv-ardupilot) /usr/bin/cmake --install /home/menna/Distributed-Smart-Exam-Proctoring-System-using-ROS2/build/exam_proctoring_interfaces
