[0.497s] DEBUG:colcon:Command line arguments: ['/usr/bin/colcon', 'build']
[0.498s] DEBUG:colcon:Parsed command line arguments: Namespace(log_base=None, log_level=None, verb_name='build', build_base='build', install_base='install', merge_install=False, symlink_install=False, test_result_base=None, continue_on_error=False, executor='parallel', parallel_workers=8, event_handlers=None, ignore_user_meta=False, metas=['./colcon.meta'], base_paths=['.'], packages_ignore=None, packages_ignore_regex=None, paths=None, packages_up_to=None, packages_up_to_regex=None, packages_above=None, packages_above_and_dependencies=None, packages_above_depth=None, packages_select_by_dep=None, packages_skip_by_dep=None, packages_skip_up_to=None, packages_select_build_failed=False, packages_skip_build_finished=False, packages_select_test_failures=False, packages_skip_test_passed=False, packages_select=None, packages_skip=None, packages_select_regex=None, packages_skip_regex=None, packages_start=None, packages_end=None, allow_overriding=[], cmake_args=None, cmake_target=None, cmake_target_skip_unavailable=False, cmake_clean_cache=False, cmake_clean_first=False, cmake_force_configure=False, ament_cmake_args=None, catkin_cmake_args=None, catkin_skip_building_tests=False, mixin_files=None, mixin=None, verb_parser=<colcon_mixin.mixin.mixin_argument.MixinArgumentDecorator object at 0x7823af5a8200>, verb_extension=<colcon_core.verb.build.BuildVerb object at 0x7823af6a6570>, main=<bound method BuildVerb.main of <colcon_core.verb.build.BuildVerb object at 0x7823af6a6570>>, mixin_verb=('build',))
[0.656s] Level 1:colcon.colcon_core.package_discovery:discover_packages(colcon_meta) check parameters
[0.657s] Level 1:colcon.colcon_core.package_discovery:discover_packages(recursive) check parameters
[0.657s] Level 1:colcon.colcon_core.package_discovery:discover_packages(ignore) check parameters
[0.657s] Level 1:colcon.colcon_core.package_discovery:discover_packages(path) check parameters
[0.657s] Level 1:colcon.colcon_core.package_discovery:discover_packages(colcon_meta) discover
[0.657s] Level 1:colcon.colcon_core.package_discovery:discover_packages(recursive) discover
[0.657s] INFO:colcon.colcon_core.package_discovery:Crawling recursively for packages in '/home/menna/Distributed-Smart-Exam-Proctoring-System-using-ROS2'
[0.658s] Level 1:colcon.colcon_core.package_identification:_identify(.) by extensions ['ignore', 'ignore_ament_install']
[0.658s] Level 1:colcon.colcon_core.package_identification:_identify(.) by extension 'ignore'
[0.658s] Level 1:colcon.colcon_core.package_identification:_identify(.) by extension 'ignore_ament_install'
[0.659s] Level 1:colcon.colcon_core.package_identification:_identify(.) by extensions ['colcon_pkg']
[0.659s] Level 1:colcon.colcon_core.package_identification:_identify(.) by extension 'colcon_pkg'
[0.659s] Level 1:colcon.colcon_core.package_identification:_identify(.) by extensions ['colcon_meta']
[0.659s] Level 1:colcon.colcon_core.package_identification:_identify(.) by extension 'colcon_meta'
[0.659s] Level 1:colcon.colcon_core.package_identification:_identify(.) by extensions ['ros']
[0.659s] Level 1:colcon.colcon_core.package_identification:_identify(.) by extension 'ros'
[0.758s] Level 1:colcon.colcon_core.package_identification:_identify(.) by extensions ['cmake', 'python']
[0.758s] Level 1:colcon.colcon_core.package_identification:_identify(.) by extension 'cmake'
[0.759s] Level 1:colcon.colcon_core.package_identification:_identify(.) by extension 'python'
[0.759s] Level 1:colcon.colcon_core.package_identification:_identify(.) by extensions ['python_setup_py']
[0.759s] Level 1:colcon.colcon_core.package_identification:_identify(.) by extension 'python_setup_py'
[0.759s] Level 1:colcon.colcon_core.package_identification:_identify(build) by extensions ['ignore', 'ignore_ament_install']
[0.760s] Level 1:colcon.colcon_core.package_identification:_identify(build) by extension 'ignore'
[0.760s] Level 1:colcon.colcon_core.package_identification:_identify(build) ignored
[0.760s] Level 1:colcon.colcon_core.package_identification:_identify(install) by extensions ['ignore', 'ignore_ament_install']
[0.761s] Level 1:colcon.colcon_core.package_identification:_identify(install) by extension 'ignore'
[0.761s] Level 1:colcon.colcon_core.package_identification:_identify(install) ignored
[0.761s] Level 1:colcon.colcon_core.package_identification:_identify(log) by extensions ['ignore', 'ignore_ament_install']
[0.762s] Level 1:colcon.colcon_core.package_identification:_identify(log) by extension 'ignore'
[0.762s] Level 1:colcon.colcon_core.package_identification:_identify(log) ignored
[0.762s] Level 1:colcon.colcon_core.package_identification:_identify(models) by extensions ['ignore', 'ignore_ament_install']
[0.763s] Level 1:colcon.colcon_core.package_identification:_identify(models) by extension 'ignore'
[0.763s] Level 1:colcon.colcon_core.package_identification:_identify(models) by extension 'ignore_ament_install'
[0.763s] Level 1:colcon.colcon_core.package_identification:_identify(models) by extensions ['colcon_pkg']
[0.763s] Level 1:colcon.colcon_core.package_identification:_identify(models) by extension 'colcon_pkg'
[0.763s] Level 1:colcon.colcon_core.package_identification:_identify(models) by extensions ['colcon_meta']
[0.763s] Level 1:colcon.colcon_core.package_identification:_identify(models) by extension 'colcon_meta'
[0.764s] Level 1:colcon.colcon_core.package_identification:_identify(models) by extensions ['ros']
[0.764s] Level 1:colcon.colcon_core.package_identification:_identify(models) by extension 'ros'
[0.764s] Level 1:colcon.colcon_core.package_identification:_identify(models) by extensions ['cmake', 'python']
[0.764s] Level 1:colcon.colcon_core.package_identification:_identify(models) by extension 'cmake'
[0.764s] Level 1:colcon.colcon_core.package_identification:_identify(models) by extension 'python'
[0.764s] Level 1:colcon.colcon_core.package_identification:_identify(models) by extensions ['python_setup_py']
[0.765s] Level 1:colcon.colcon_core.package_identification:_identify(models) by extension 'python_setup_py'
[0.765s] Level 1:colcon.colcon_core.package_identification:_identify(models/depth_anything) by extensions ['ignore', 'ignore_ament_install']
[0.765s] Level 1:colcon.colcon_core.package_identification:_identify(models/depth_anything) by extension 'ignore'
[0.766s] Level 1:colcon.colcon_core.package_identification:_identify(models/depth_anything) by extension 'ignore_ament_install'
[0.766s] Level 1:colcon.colcon_core.package_identification:_identify(models/depth_anything) by extensions ['colcon_pkg']
[0.766s] Level 1:colcon.colcon_core.package_identification:_identify(models/depth_anything) by extension 'colcon_pkg'
[0.766s] Level 1:colcon.colcon_core.package_identification:_identify(models/depth_anything) by extensions ['colcon_meta']
[0.766s] Level 1:colcon.colcon_core.package_identification:_identify(models/depth_anything) by extension 'colcon_meta'
[0.766s] Level 1:colcon.colcon_core.package_identification:_identify(models/depth_anything) by extensions ['ros']
[0.766s] Level 1:colcon.colcon_core.package_identification:_identify(models/depth_anything) by extension 'ros'
[0.767s] Level 1:colcon.colcon_core.package_identification:_identify(models/depth_anything) by extensions ['cmake', 'python']
[0.767s] Level 1:colcon.colcon_core.package_identification:_identify(models/depth_anything) by extension 'cmake'
[0.767s] Level 1:colcon.colcon_core.package_identification:_identify(models/depth_anything) by extension 'python'
[0.767s] Level 1:colcon.colcon_core.package_identification:_identify(models/depth_anything) by extensions ['python_setup_py']
[0.767s] Level 1:colcon.colcon_core.package_identification:_identify(models/depth_anything) by extension 'python_setup_py'
[0.768s] Level 1:colcon.colcon_core.package_identification:_identify(models/yolo) by extensions ['ignore', 'ignore_ament_install']
[0.768s] Level 1:colcon.colcon_core.package_identification:_identify(models/yolo) by extension 'ignore'
[0.768s] Level 1:colcon.colcon_core.package_identification:_identify(models/yolo) by extension 'ignore_ament_install'
[0.769s] Level 1:colcon.colcon_core.package_identification:_identify(models/yolo) by extensions ['colcon_pkg']
[0.769s] Level 1:colcon.colcon_core.package_identification:_identify(models/yolo) by extension 'colcon_pkg'
[0.769s] Level 1:colcon.colcon_core.package_identification:_identify(models/yolo) by extensions ['colcon_meta']
[0.769s] Level 1:colcon.colcon_core.package_identification:_identify(models/yolo) by extension 'colcon_meta'
[0.769s] Level 1:colcon.colcon_core.package_identification:_identify(models/yolo) by extensions ['ros']
[0.769s] Level 1:colcon.colcon_core.package_identification:_identify(models/yolo) by extension 'ros'
[0.770s] Level 1:colcon.colcon_core.package_identification:_identify(models/yolo) by extensions ['cmake', 'python']
[0.770s] Level 1:colcon.colcon_core.package_identification:_identify(models/yolo) by extension 'cmake'
[0.770s] Level 1:colcon.colcon_core.package_identification:_identify(models/yolo) by extension 'python'
[0.770s] Level 1:colcon.colcon_core.package_identification:_identify(models/yolo) by extensions ['python_setup_py']
[0.770s] Level 1:colcon.colcon_core.package_identification:_identify(models/yolo) by extension 'python_setup_py'
[0.771s] Level 1:colcon.colcon_core.package_identification:_identify(src) by extensions ['ignore', 'ignore_ament_install']
[0.771s] Level 1:colcon.colcon_core.package_identification:_identify(src) by extension 'ignore'
[0.771s] Level 1:colcon.colcon_core.package_identification:_identify(src) by extension 'ignore_ament_install'
[0.771s] Level 1:colcon.colcon_core.package_identification:_identify(src) by extensions ['colcon_pkg']
[0.771s] Level 1:colcon.colcon_core.package_identification:_identify(src) by extension 'colcon_pkg'
[0.772s] Level 1:colcon.colcon_core.package_identification:_identify(src) by extensions ['colcon_meta']
[0.772s] Level 1:colcon.colcon_core.package_identification:_identify(src) by extension 'colcon_meta'
[0.772s] Level 1:colcon.colcon_core.package_identification:_identify(src) by extensions ['ros']
[0.772s] Level 1:colcon.colcon_core.package_identification:_identify(src) by extension 'ros'
[0.772s] Level 1:colcon.colcon_core.package_identification:_identify(src) by extensions ['cmake', 'python']
[0.772s] Level 1:colcon.colcon_core.package_identification:_identify(src) by extension 'cmake'
[0.773s] Level 1:colcon.colcon_core.package_identification:_identify(src) by extension 'python'
[0.773s] Level 1:colcon.colcon_core.package_identification:_identify(src) by extensions ['python_setup_py']
[0.773s] Level 1:colcon.colcon_core.package_identification:_identify(src) by extension 'python_setup_py'
[0.773s] Level 1:colcon.colcon_core.package_identification:_identify(src/exam_proctoring_interfaces) by extensions ['ignore', 'ignore_ament_install']
[0.774s] Level 1:colcon.colcon_core.package_identification:_identify(src/exam_proctoring_interfaces) by extension 'ignore'
[0.774s] Level 1:colcon.colcon_core.package_identification:_identify(src/exam_proctoring_interfaces) by extension 'ignore_ament_install'
[0.774s] Level 1:colcon.colcon_core.package_identification:_identify(src/exam_proctoring_interfaces) by extensions ['colcon_pkg']
[0.774s] Level 1:colcon.colcon_core.package_identification:_identify(src/exam_proctoring_interfaces) by extension 'colcon_pkg'
[0.774s] Level 1:colcon.colcon_core.package_identification:_identify(src/exam_proctoring_interfaces) by extensions ['colcon_meta']
[0.774s] Level 1:colcon.colcon_core.package_identification:_identify(src/exam_proctoring_interfaces) by extension 'colcon_meta'
[0.775s] Level 1:colcon.colcon_core.package_identification:_identify(src/exam_proctoring_interfaces) by extensions ['ros']
[0.775s] Level 1:colcon.colcon_core.package_identification:_identify(src/exam_proctoring_interfaces) by extension 'ros'
[0.784s] DEBUG:colcon.colcon_core.package_identification:Package 'src/exam_proctoring_interfaces' with type 'ros.ament_cmake' and name 'exam_proctoring_interfaces'
[0.784s] Level 1:colcon.colcon_core.package_identification:_identify(src/exam_proctoring_pkg) by extensions ['ignore', 'ignore_ament_install']
[0.784s] Level 1:colcon.colcon_core.package_identification:_identify(src/exam_proctoring_pkg) by extension 'ignore'
[0.785s] Level 1:colcon.colcon_core.package_identification:_identify(src/exam_proctoring_pkg) by extension 'ignore_ament_install'
[0.785s] Level 1:colcon.colcon_core.package_identification:_identify(src/exam_proctoring_pkg) by extensions ['colcon_pkg']
[0.785s] Level 1:colcon.colcon_core.package_identification:_identify(src/exam_proctoring_pkg) by extension 'colcon_pkg'
[0.785s] Level 1:colcon.colcon_core.package_identification:_identify(src/exam_proctoring_pkg) by extensions ['colcon_meta']
[0.785s] Level 1:colcon.colcon_core.package_identification:_identify(src/exam_proctoring_pkg) by extension 'colcon_meta'
[0.785s] Level 1:colcon.colcon_core.package_identification:_identify(src/exam_proctoring_pkg) by extensions ['ros']
[0.786s] Level 1:colcon.colcon_core.package_identification:_identify(src/exam_proctoring_pkg) by extension 'ros'
[0.788s] DEBUG:colcon.colcon_core.package_identification:Package 'src/exam_proctoring_pkg' with type 'ros.ament_python' and name 'exam_proctoring_pkg'
[0.788s] Level 1:colcon.colcon_core.package_discovery:discover_packages(recursive) using defaults
[0.788s] Level 1:colcon.colcon_core.package_discovery:discover_packages(ignore) discover
[0.788s] Level 1:colcon.colcon_core.package_discovery:discover_packages(ignore) using defaults
[0.788s] Level 1:colcon.colcon_core.package_discovery:discover_packages(path) discover
[0.788s] Level 1:colcon.colcon_core.package_discovery:discover_packages(path) using defaults
[0.856s] Level 1:colcon.colcon_core.package_discovery:discover_packages(prefix_path) check parameters
[0.856s] Level 1:colcon.colcon_core.package_discovery:discover_packages(prefix_path) discover
[0.863s] DEBUG:colcon.colcon_installed_package_information.package_discovery:Found 2 installed packages in /home/menna/Distributed-Smart-Exam-Proctoring-System-using-ROS2/install
[0.869s] DEBUG:colcon.colcon_installed_package_information.package_discovery:Found 287 installed packages in /opt/ros/jazzy
[0.874s] Level 1:colcon.colcon_core.package_discovery:discover_packages(prefix_path) using defaults
[1.056s] Level 5:colcon.colcon_core.verb:set package 'exam_proctoring_interfaces' build argument 'cmake_args' from command line to 'None'
[1.056s] Level 5:colcon.colcon_core.verb:set package 'exam_proctoring_interfaces' build argument 'cmake_target' from command line to 'None'
[1.056s] Level 5:colcon.colcon_core.verb:set package 'exam_proctoring_interfaces' build argument 'cmake_target_skip_unavailable' from command line to 'False'
[1.056s] Level 5:colcon.colcon_core.verb:set package 'exam_proctoring_interfaces' build argument 'cmake_clean_cache' from command line to 'False'
[1.056s] Level 5:colcon.colcon_core.verb:set package 'exam_proctoring_interfaces' build argument 'cmake_clean_first' from command line to 'False'
[1.056s] Level 5:colcon.colcon_core.verb:set package 'exam_proctoring_interfaces' build argument 'cmake_force_configure' from command line to 'False'
[1.056s] Level 5:colcon.colcon_core.verb:set package 'exam_proctoring_interfaces' build argument 'ament_cmake_args' from command line to 'None'
[1.056s] Level 5:colcon.colcon_core.verb:set package 'exam_proctoring_interfaces' build argument 'catkin_cmake_args' from command line to 'None'
[1.057s] Level 5:colcon.colcon_core.verb:set package 'exam_proctoring_interfaces' build argument 'catkin_skip_building_tests' from command line to 'False'
[1.057s] DEBUG:colcon.colcon_core.verb:Building package 'exam_proctoring_interfaces' with the following arguments: {'ament_cmake_args': None, 'build_base': '/home/menna/Distributed-Smart-Exam-Proctoring-System-using-ROS2/build/exam_proctoring_interfaces', 'catkin_cmake_args': None, 'catkin_skip_building_tests': False, 'cmake_args': None, 'cmake_clean_cache': False, 'cmake_clean_first': False, 'cmake_force_configure': False, 'cmake_target': None, 'cmake_target_skip_unavailable': False, 'install_base': '/home/menna/Distributed-Smart-Exam-Proctoring-System-using-ROS2/install/exam_proctoring_interfaces', 'merge_install': False, 'path': '/home/menna/Distributed-Smart-Exam-Proctoring-System-using-ROS2/src/exam_proctoring_interfaces', 'symlink_install': False, 'test_result_base': None}
[1.058s] Level 5:colcon.colcon_core.verb:set package 'exam_proctoring_pkg' build argument 'cmake_args' from command line to 'None'
[1.058s] Level 5:colcon.colcon_core.verb:set package 'exam_proctoring_pkg' build argument 'cmake_target' from command line to 'None'
[1.058s] Level 5:colcon.colcon_core.verb:set package 'exam_proctoring_pkg' build argument 'cmake_target_skip_unavailable' from command line to 'False'
[1.058s] Level 5:colcon.colcon_core.verb:set package 'exam_proctoring_pkg' build argument 'cmake_clean_cache' from command line to 'False'
[1.058s] Level 5:colcon.colcon_core.verb:set package 'exam_proctoring_pkg' build argument 'cmake_clean_first' from command line to 'False'
[1.058s] Level 5:colcon.colcon_core.verb:set package 'exam_proctoring_pkg' build argument 'cmake_force_configure' from command line to 'False'
[1.058s] Level 5:colcon.colcon_core.verb:set package 'exam_proctoring_pkg' build argument 'ament_cmake_args' from command line to 'None'
[1.059s] Level 5:colcon.colcon_core.verb:set package 'exam_proctoring_pkg' build argument 'catkin_cmake_args' from command line to 'None'
[1.059s] Level 5:colcon.colcon_core.verb:set package 'exam_proctoring_pkg' build argument 'catkin_skip_building_tests' from command line to 'False'
[1.059s] DEBUG:colcon.colcon_core.verb:Building package 'exam_proctoring_pkg' with the following arguments: {'ament_cmake_args': None, 'build_base': '/home/menna/Distributed-Smart-Exam-Proctoring-System-using-ROS2/build/exam_proctoring_pkg', 'catkin_cmake_args': None, 'catkin_skip_building_tests': False, 'cmake_args': None, 'cmake_clean_cache': False, 'cmake_clean_first': False, 'cmake_force_configure': False, 'cmake_target': None, 'cmake_target_skip_unavailable': False, 'install_base': '/home/menna/Distributed-Smart-Exam-Proctoring-System-using-ROS2/install/exam_proctoring_pkg', 'merge_install': False, 'path': '/home/menna/Distributed-Smart-Exam-Proctoring-System-using-ROS2/src/exam_proctoring_pkg', 'symlink_install': False, 'test_result_base': None}
[1.059s] INFO:colcon.colcon_core.executor:Executing jobs using 'parallel' executor
[1.062s] DEBUG:colcon.colcon_parallel_executor.executor.parallel:run_until_complete
[1.063s] INFO:colcon.colcon_ros.task.ament_cmake.build:Building ROS package in '/home/menna/Distributed-Smart-Exam-Proctoring-System-using-ROS2/src/exam_proctoring_interfaces' with build type 'ament_cmake'
[1.064s] INFO:colcon.colcon_cmake.task.cmake.build:Building CMake package in '/home/menna/Distributed-Smart-Exam-Proctoring-System-using-ROS2/src/exam_proctoring_interfaces'
[1.073s] INFO:colcon.colcon_core.plugin_system:Skipping extension 'colcon_core.shell.bat': Not used on non-Windows systems
[1.073s] INFO:colcon.colcon_core.shell:Skip shell extension 'powershell' for command environment: Not usable outside of PowerShell
[1.073s] DEBUG:colcon.colcon_core.shell:Skip shell extension 'dsv' for command environment
[1.086s] INFO:colcon.colcon_ros.task.ament_python.build:Building ROS package in '/home/menna/Distributed-Smart-Exam-Proctoring-System-using-ROS2/src/exam_proctoring_pkg' with build type 'ament_python'
[1.087s] Level 1:colcon.colcon_core.shell:create_environment_hook('exam_proctoring_pkg', 'ament_prefix_path')
[1.087s] INFO:colcon.colcon_core.shell:Creating environment hook '/home/menna/Distributed-Smart-Exam-Proctoring-System-using-ROS2/install/exam_proctoring_pkg/share/exam_proctoring_pkg/hook/ament_prefix_path.ps1'
[1.091s] INFO:colcon.colcon_core.shell:Creating environment descriptor '/home/menna/Distributed-Smart-Exam-Proctoring-System-using-ROS2/install/exam_proctoring_pkg/share/exam_proctoring_pkg/hook/ament_prefix_path.dsv'
[1.093s] INFO:colcon.colcon_core.shell:Creating environment hook '/home/menna/Distributed-Smart-Exam-Proctoring-System-using-ROS2/install/exam_proctoring_pkg/share/exam_proctoring_pkg/hook/ament_prefix_path.sh'
[1.096s] INFO:colcon.colcon_core.shell:Skip shell extension 'powershell' for command environment: Not usable outside of PowerShell
[1.097s] DEBUG:colcon.colcon_core.shell:Skip shell extension 'dsv' for command environment
[1.124s] DEBUG:colcon.colcon_core.event_handler.log_command:Invoking command in '/home/menna/Distributed-Smart-Exam-Proctoring-System-using-ROS2/build/exam_proctoring_interfaces': CMAKE_PREFIX_PATH=${CMAKE_PREFIX_PATH}:/home/menna/Distributed-Smart-Exam-Proctoring-System-using-ROS2/install/exam_proctoring_pkg:/opt/ros/jazzy DEBUGINFOD_URLS=https://debuginfod.ubuntu.com PS1=${debian_chroot:+($debian_chroot)}\[\033[01;32m\]\u@\h\[\033[00m\]:\[\033[01;34m\]\w\[\033[00m\]\$ VIRTUAL_ENV_PROMPT=(venv-ardupilot) /usr/bin/cmake --build /home/menna/Distributed-Smart-Exam-Proctoring-System-using-ROS2/build/exam_proctoring_interfaces -- -j8 -l8
[2.209s] INFO:colcon.colcon_core.task.python.build:Building Python package in '/home/menna/Distributed-Smart-Exam-Proctoring-System-using-ROS2/src/exam_proctoring_pkg'
[2.209s] INFO:colcon.colcon_core.shell:Skip shell extension 'powershell' for command environment: Not usable outside of PowerShell
[2.210s] DEBUG:colcon.colcon_core.shell:Skip shell extension 'dsv' for command environment
[3.290s] DEBUG:colcon.colcon_core.event_handler.log_command:Invoked command in '/home/menna/Distributed-Smart-Exam-Proctoring-System-using-ROS2/build/exam_proctoring_interfaces' returned '0': CMAKE_PREFIX_PATH=${CMAKE_PREFIX_PATH}:/home/menna/Distributed-Smart-Exam-Proctoring-System-using-ROS2/install/exam_proctoring_pkg:/opt/ros/jazzy DEBUGINFOD_URLS=https://debuginfod.ubuntu.com PS1=${debian_chroot:+($debian_chroot)}\[\033[01;32m\]\u@\h\[\033[00m\]:\[\033[01;34m\]\w\[\033[00m\]\$ VIRTUAL_ENV_PROMPT=(venv-ardupilot) /usr/bin/cmake --build /home/menna/Distributed-Smart-Exam-Proctoring-System-using-ROS2/build/exam_proctoring_interfaces -- -j8 -l8
[3.332s] DEBUG:colcon.colcon_core.event_handler.log_command:Invoking command in '/home/menna/Distributed-Smart-Exam-Proctoring-System-using-ROS2/build/exam_proctoring_interfaces': CMAKE_PREFIX_PATH=${CMAKE_PREFIX_PATH}:/home/menna/Distributed-Smart-Exam-Proctoring-System-using-ROS2/install/exam_proctoring_pkg:/opt/ros/jazzy DEBUGINFOD_URLS=https://debuginfod.ubuntu.com PS1=${debian_chroot:+($debian_chroot)}\[\033[01;32m\]\u@\h\[\033[00m\]:\[\033[01;34m\]\w\[\033[00m\]\$ VIRTUAL_ENV_PROMPT=(venv-ardupilot) /usr/bin/cmake --install /home/menna/Distributed-Smart-Exam-Proctoring-System-using-ROS2/build/exam_proctoring_interfaces
[3.589s] Level 1:colcon.colcon_core.environment:create_environment_scripts_only(exam_proctoring_interfaces)
[3.591s] DEBUG:colcon.colcon_core.event_handler.log_command:Invoked command in '/home/menna/Distributed-Smart-Exam-Proctoring-System-using-ROS2/build/exam_proctoring_interfaces' returned '0': CMAKE_PREFIX_PATH=${CMAKE_PREFIX_PATH}:/home/menna/Distributed-Smart-Exam-Proctoring-System-using-ROS2/install/exam_proctoring_pkg:/opt/ros/jazzy DEBUGINFOD_URLS=https://debuginfod.ubuntu.com PS1=${debian_chroot:+($debian_chroot)}\[\033[01;32m\]\u@\h\[\033[00m\]:\[\033[01;34m\]\w\[\033[00m\]\$ VIRTUAL_ENV_PROMPT=(venv-ardupilot) /usr/bin/cmake --install /home/menna/Distributed-Smart-Exam-Proctoring-System-using-ROS2/build/exam_proctoring_interfaces
[3.604s] Level 1:colcon.colcon_core.environment:checking '/home/menna/Distributed-Smart-Exam-Proctoring-System-using-ROS2/install/exam_proctoring_interfaces' for CMake module files
[3.609s] Level 1:colcon.colcon_core.environment:checking '/home/menna/Distributed-Smart-Exam-Proctoring-System-using-ROS2/install/exam_proctoring_interfaces' for CMake config files
[3.611s] Level 1:colcon.colcon_core.shell:create_environment_hook('exam_proctoring_interfaces', 'cmake_prefix_path')
[3.611s] INFO:colcon.colcon_core.shell:Creating environment hook '/home/menna/Distributed-Smart-Exam-Proctoring-System-using-ROS2/install/exam_proctoring_interfaces/share/exam_proctoring_interfaces/hook/cmake_prefix_path.ps1'
[3.613s] INFO:colcon.colcon_core.shell:Creating environment descriptor '/home/menna/Distributed-Smart-Exam-Proctoring-System-using-ROS2/install/exam_proctoring_interfaces/share/exam_proctoring_interfaces/hook/cmake_prefix_path.dsv'
[3.614s] INFO:colcon.colcon_core.shell:Creating environment hook '/home/menna/Distributed-Smart-Exam-Proctoring-System-using-ROS2/install/exam_proctoring_interfaces/share/exam_proctoring_interfaces/hook/cmake_prefix_path.sh'
[3.616s] Level 1:colcon.colcon_core.environment:checking '/home/menna/Distributed-Smart-Exam-Proctoring-System-using-ROS2/install/exam_proctoring_interfaces/lib'
[3.617s] Level 1:colcon.colcon_core.shell:create_environment_hook('exam_proctoring_interfaces', 'ld_library_path_lib')
[3.618s] INFO:colcon.colcon_core.shell:Creating environment hook '/home/menna/Distributed-Smart-Exam-Proctoring-System-using-ROS2/install/exam_proctoring_interfaces/share/exam_proctoring_interfaces/hook/ld_library_path_lib.ps1'
[3.619s] INFO:colcon.colcon_core.shell:Creating environment descriptor '/home/menna/Distributed-Smart-Exam-Proctoring-System-using-ROS2/install/exam_proctoring_interfaces/share/exam_proctoring_interfaces/hook/ld_library_path_lib.dsv'
[3.620s] INFO:colcon.colcon_core.shell:Creating environment hook '/home/menna/Distributed-Smart-Exam-Proctoring-System-using-ROS2/install/exam_proctoring_interfaces/share/exam_proctoring_interfaces/hook/ld_library_path_lib.sh'
[3.622s] Level 1:colcon.colcon_core.environment:checking '/home/menna/Distributed-Smart-Exam-Proctoring-System-using-ROS2/install/exam_proctoring_interfaces/bin'
[3.622s] Level 1:colcon.colcon_core.environment:checking '/home/menna/Distributed-Smart-Exam-Proctoring-System-using-ROS2/install/exam_proctoring_interfaces/lib/pkgconfig/exam_proctoring_interfaces.pc'
[3.623s] Level 1:colcon.colcon_core.environment:checking '/home/menna/Distributed-Smart-Exam-Proctoring-System-using-ROS2/install/exam_proctoring_interfaces/lib/python3.12/site-packages'
[3.623s] Level 1:colcon.colcon_core.shell:create_environment_hook('exam_proctoring_interfaces', 'pythonpath')
[3.624s] INFO:colcon.colcon_core.shell:Creating environment hook '/home/menna/Distributed-Smart-Exam-Proctoring-System-using-ROS2/install/exam_proctoring_interfaces/share/exam_proctoring_interfaces/hook/pythonpath.ps1'
[3.625s] INFO:colcon.colcon_core.shell:Creating environment descriptor '/home/menna/Distributed-Smart-Exam-Proctoring-System-using-ROS2/install/exam_proctoring_interfaces/share/exam_proctoring_interfaces/hook/pythonpath.dsv'
[3.627s] INFO:colcon.colcon_core.shell:Creating environment hook '/home/menna/Distributed-Smart-Exam-Proctoring-System-using-ROS2/install/exam_proctoring_interfaces/share/exam_proctoring_interfaces/hook/pythonpath.sh'
[3.629s] Level 1:colcon.colcon_core.environment:checking '/home/menna/Distributed-Smart-Exam-Proctoring-System-using-ROS2/install/exam_proctoring_interfaces/bin'
[3.630s] INFO:colcon.colcon_core.shell:Creating package script '/home/menna/Distributed-Smart-Exam-Proctoring-System-using-ROS2/install/exam_proctoring_interfaces/share/exam_proctoring_interfaces/package.ps1'
[3.633s] INFO:colcon.colcon_core.shell:Creating package descriptor '/home/menna/Distributed-Smart-Exam-Proctoring-System-using-ROS2/install/exam_proctoring_interfaces/share/exam_proctoring_interfaces/package.dsv'
[3.635s] INFO:colcon.colcon_core.shell:Creating package script '/home/menna/Distributed-Smart-Exam-Proctoring-System-using-ROS2/install/exam_proctoring_interfaces/share/exam_proctoring_interfaces/package.sh'
[3.638s] INFO:colcon.colcon_core.shell:Creating package script '/home/menna/Distributed-Smart-Exam-Proctoring-System-using-ROS2/install/exam_proctoring_interfaces/share/exam_proctoring_interfaces/package.bash'
[3.640s] INFO:colcon.colcon_core.shell:Creating package script '/home/menna/Distributed-Smart-Exam-Proctoring-System-using-ROS2/install/exam_proctoring_interfaces/share/exam_proctoring_interfaces/package.zsh'
[3.642s] Level 1:colcon.colcon_core.environment:create_file_with_runtime_dependencies(/home/menna/Distributed-Smart-Exam-Proctoring-System-using-ROS2/install/exam_proctoring_interfaces/share/colcon-core/packages/exam_proctoring_interfaces)
[3.644s] Level 1:colcon.colcon_core.environment:create_environment_scripts_only(exam_proctoring_interfaces)
[3.645s] Level 1:colcon.colcon_core.environment:checking '/home/menna/Distributed-Smart-Exam-Proctoring-System-using-ROS2/install/exam_proctoring_interfaces' for CMake module files
[3.647s] Level 1:colcon.colcon_core.environment:checking '/home/menna/Distributed-Smart-Exam-Proctoring-System-using-ROS2/install/exam_proctoring_interfaces' for CMake config files
[3.649s] Level 1:colcon.colcon_core.shell:create_environment_hook('exam_proctoring_interfaces', 'cmake_prefix_path')
[3.649s] INFO:colcon.colcon_core.shell:Creating environment hook '/home/menna/Distributed-Smart-Exam-Proctoring-System-using-ROS2/install/exam_proctoring_interfaces/share/exam_proctoring_interfaces/hook/cmake_prefix_path.ps1'
[3.651s] INFO:colcon.colcon_core.shell:Creating environment descriptor '/home/menna/Distributed-Smart-Exam-Proctoring-System-using-ROS2/install/exam_proctoring_interfaces/share/exam_proctoring_interfaces/hook/cmake_prefix_path.dsv'
[3.652s] INFO:colcon.colcon_core.shell:Creating environment hook '/home/menna/Distributed-Smart-Exam-Proctoring-System-using-ROS2/install/exam_proctoring_interfaces/share/exam_proctoring_interfaces/hook/cmake_prefix_path.sh'
[3.654s] Level 1:colcon.colcon_core.environment:checking '/home/menna/Distributed-Smart-Exam-Proctoring-System-using-ROS2/install/exam_proctoring_interfaces/lib'
[3.654s] Level 1:colcon.colcon_core.shell:create_environment_hook('exam_proctoring_interfaces', 'ld_library_path_lib')
[3.655s] INFO:colcon.colcon_core.shell:Creating environment hook '/home/menna/Distributed-Smart-Exam-Proctoring-System-using-ROS2/install/exam_proctoring_interfaces/share/exam_proctoring_interfaces/hook/ld_library_path_lib.ps1'
[3.656s] INFO:colcon.colcon_core.shell:Creating environment descriptor '/home/menna/Distributed-Smart-Exam-Proctoring-System-using-ROS2/install/exam_proctoring_interfaces/share/exam_proctoring_interfaces/hook/ld_library_path_lib.dsv'
[3.657s] INFO:colcon.colcon_core.shell:Creating environment hook '/home/menna/Distributed-Smart-Exam-Proctoring-System-using-ROS2/install/exam_proctoring_interfaces/share/exam_proctoring_interfaces/hook/ld_library_path_lib.sh'
[3.659s] Level 1:colcon.colcon_core.environment:checking '/home/menna/Distributed-Smart-Exam-Proctoring-System-using-ROS2/install/exam_proctoring_interfaces/bin'
[3.659s] Level 1:colcon.colcon_core.environment:checking '/home/menna/Distributed-Smart-Exam-Proctoring-System-using-ROS2/install/exam_proctoring_interfaces/lib/pkgconfig/exam_proctoring_interfaces.pc'
[3.660s] Level 1:colcon.colcon_core.environment:checking '/home/menna/Distributed-Smart-Exam-Proctoring-System-using-ROS2/install/exam_proctoring_interfaces/lib/python3.12/site-packages'
[3.660s] Level 1:colcon.colcon_core.shell:create_environment_hook('exam_proctoring_interfaces', 'pythonpath')
[3.661s] INFO:colcon.colcon_core.shell:Creating environment hook '/home/menna/Distributed-Smart-Exam-Proctoring-System-using-ROS2/install/exam_proctoring_interfaces/share/exam_proctoring_interfaces/hook/pythonpath.ps1'
[3.662s] INFO:colcon.colcon_core.shell:Creating environment descriptor '/home/menna/Distributed-Smart-Exam-Proctoring-System-using-ROS2/install/exam_proctoring_interfaces/share/exam_proctoring_interfaces/hook/pythonpath.dsv'
[3.663s] INFO:colcon.colcon_core.shell:Creating environment hook '/home/menna/Distributed-Smart-Exam-Proctoring-System-using-ROS2/install/exam_proctoring_interfaces/share/exam_proctoring_interfaces/hook/pythonpath.sh'
[3.666s] Level 1:colcon.colcon_core.environment:checking '/home/menna/Distributed-Smart-Exam-Proctoring-System-using-ROS2/install/exam_proctoring_interfaces/bin'
[3.667s] INFO:colcon.colcon_core.shell:Creating package script '/home/menna/Distributed-Smart-Exam-Proctoring-System-using-ROS2/install/exam_proctoring_interfaces/share/exam_proctoring_interfaces/package.ps1'
[3.669s] INFO:colcon.colcon_core.shell:Creating package descriptor '/home/menna/Distributed-Smart-Exam-Proctoring-System-using-ROS2/install/exam_proctoring_interfaces/share/exam_proctoring_interfaces/package.dsv'
[3.671s] INFO:colcon.colcon_core.shell:Creating package script '/home/menna/Distributed-Smart-Exam-Proctoring-System-using-ROS2/install/exam_proctoring_interfaces/share/exam_proctoring_interfaces/package.sh'
[3.673s] INFO:colcon.colcon_core.shell:Creating package script '/home/menna/Distributed-Smart-Exam-Proctoring-System-using-ROS2/install/exam_proctoring_interfaces/share/exam_proctoring_interfaces/package.bash'
[3.675s] INFO:colcon.colcon_core.shell:Creating package script '/home/menna/Distributed-Smart-Exam-Proctoring-System-using-ROS2/install/exam_proctoring_interfaces/share/exam_proctoring_interfaces/package.zsh'
[3.676s] Level 1:colcon.colcon_core.environment:create_file_with_runtime_dependencies(/home/menna/Distributed-Smart-Exam-Proctoring-System-using-ROS2/install/exam_proctoring_interfaces/share/colcon-core/packages/exam_proctoring_interfaces)
[4.990s] DEBUG:colcon.colcon_core.event_handler.log_command:Invoking command in '/home/menna/Distributed-Smart-Exam-Proctoring-System-using-ROS2/src/exam_proctoring_pkg': DEBUGINFOD_URLS=https://debuginfod.ubuntu.com PS1=${debian_chroot:+($debian_chroot)}\[\033[01;32m\]\u@\h\[\033[00m\]:\[\033[01;34m\]\w\[\033[00m\]\$ PYTHONPATH=/home/menna/Distributed-Smart-Exam-Proctoring-System-using-ROS2/build/exam_proctoring_pkg/prefix_override:/usr/lib/python3/dist-packages/colcon_core/task/python/colcon_distutils_commands:/home/menna/Distributed-Smart-Exam-Proctoring-System-using-ROS2/install/exam_proctoring_pkg/lib/python3.12/site-packages:${PYTHONPATH} VIRTUAL_ENV_PROMPT=(venv-ardupilot) /usr/bin/python3 -W ignore:setup.py install is deprecated -W ignore:easy_install command is deprecated setup.py egg_info --egg-base ../../build/exam_proctoring_pkg build --build-base /home/menna/Distributed-Smart-Exam-Proctoring-System-using-ROS2/build/exam_proctoring_pkg/build install --record /home/menna/Distributed-Smart-Exam-Proctoring-System-using-ROS2/build/exam_proctoring_pkg/install.log --single-version-externally-managed install_data
[7.397s] Level 1:colcon.colcon_core.environment:checking '/home/menna/Distributed-Smart-Exam-Proctoring-System-using-ROS2/install/exam_proctoring_pkg' for CMake module files
[7.399s] DEBUG:colcon.colcon_core.event_handler.log_command:Invoked command in '/home/menna/Distributed-Smart-Exam-Proctoring-System-using-ROS2/src/exam_proctoring_pkg' returned '0': DEBUGINFOD_URLS=https://debuginfod.ubuntu.com PS1=${debian_chroot:+($debian_chroot)}\[\033[01;32m\]\u@\h\[\033[00m\]:\[\033[01;34m\]\w\[\033[00m\]\$ PYTHONPATH=/home/menna/Distributed-Smart-Exam-Proctoring-System-using-ROS2/build/exam_proctoring_pkg/prefix_override:/usr/lib/python3/dist-packages/colcon_core/task/python/colcon_distutils_commands:/home/menna/Distributed-Smart-Exam-Proctoring-System-using-ROS2/install/exam_proctoring_pkg/lib/python3.12/site-packages:${PYTHONPATH} VIRTUAL_ENV_PROMPT=(venv-ardupilot) /usr/bin/python3 -W ignore:setup.py install is deprecated -W ignore:easy_install command is deprecated setup.py egg_info --egg-base ../../build/exam_proctoring_pkg build --build-base /home/menna/Distributed-Smart-Exam-Proctoring-System-using-ROS2/build/exam_proctoring_pkg/build install --record /home/menna/Distributed-Smart-Exam-Proctoring-System-using-ROS2/build/exam_proctoring_pkg/install.log --single-version-externally-managed install_data
[7.401s] Level 1:colcon.colcon_core.environment:checking '/home/menna/Distributed-Smart-Exam-Proctoring-System-using-ROS2/install/exam_proctoring_pkg' for CMake config files
[7.403s] Level 1:colcon.colcon_core.environment:checking '/home/menna/Distributed-Smart-Exam-Proctoring-System-using-ROS2/install/exam_proctoring_pkg/lib'
[7.403s] Level 1:colcon.colcon_core.environment:checking '/home/menna/Distributed-Smart-Exam-Proctoring-System-using-ROS2/install/exam_proctoring_pkg/bin'
[7.403s] Level 1:colcon.colcon_core.environment:checking '/home/menna/Distributed-Smart-Exam-Proctoring-System-using-ROS2/install/exam_proctoring_pkg/lib/pkgconfig/exam_proctoring_pkg.pc'
[7.404s] Level 1:colcon.colcon_core.environment:checking '/home/menna/Distributed-Smart-Exam-Proctoring-System-using-ROS2/install/exam_proctoring_pkg/lib/python3.12/site-packages'
[7.405s] Level 1:colcon.colcon_core.shell:create_environment_hook('exam_proctoring_pkg', 'pythonpath')
[7.405s] INFO:colcon.colcon_core.shell:Creating environment hook '/home/menna/Distributed-Smart-Exam-Proctoring-System-using-ROS2/install/exam_proctoring_pkg/share/exam_proctoring_pkg/hook/pythonpath.ps1'
[7.407s] INFO:colcon.colcon_core.shell:Creating environment descriptor '/home/menna/Distributed-Smart-Exam-Proctoring-System-using-ROS2/install/exam_proctoring_pkg/share/exam_proctoring_pkg/hook/pythonpath.dsv'
[7.408s] INFO:colcon.colcon_core.shell:Creating environment hook '/home/menna/Distributed-Smart-Exam-Proctoring-System-using-ROS2/install/exam_proctoring_pkg/share/exam_proctoring_pkg/hook/pythonpath.sh'
[7.411s] Level 1:colcon.colcon_core.environment:checking '/home/menna/Distributed-Smart-Exam-Proctoring-System-using-ROS2/install/exam_proctoring_pkg/bin'
[7.411s] Level 1:colcon.colcon_core.environment:create_environment_scripts_only(exam_proctoring_pkg)
[7.412s] INFO:colcon.colcon_core.shell:Creating package script '/home/menna/Distributed-Smart-Exam-Proctoring-System-using-ROS2/install/exam_proctoring_pkg/share/exam_proctoring_pkg/package.ps1'
[7.413s] INFO:colcon.colcon_core.shell:Creating package descriptor '/home/menna/Distributed-Smart-Exam-Proctoring-System-using-ROS2/install/exam_proctoring_pkg/share/exam_proctoring_pkg/package.dsv'
[7.415s] INFO:colcon.colcon_core.shell:Creating package script '/home/menna/Distributed-Smart-Exam-Proctoring-System-using-ROS2/install/exam_proctoring_pkg/share/exam_proctoring_pkg/package.sh'
[7.417s] INFO:colcon.colcon_core.shell:Creating package script '/home/menna/Distributed-Smart-Exam-Proctoring-System-using-ROS2/install/exam_proctoring_pkg/share/exam_proctoring_pkg/package.bash'
[7.418s] INFO:colcon.colcon_core.shell:Creating package script '/home/menna/Distributed-Smart-Exam-Proctoring-System-using-ROS2/install/exam_proctoring_pkg/share/exam_proctoring_pkg/package.zsh'
[7.419s] Level 1:colcon.colcon_core.environment:create_file_with_runtime_dependencies(/home/menna/Distributed-Smart-Exam-Proctoring-System-using-ROS2/install/exam_proctoring_pkg/share/colcon-core/packages/exam_proctoring_pkg)
[7.420s] DEBUG:colcon.colcon_parallel_executor.executor.parallel:closing loop
[7.421s] DEBUG:colcon.colcon_parallel_executor.executor.parallel:loop closed
[7.421s] DEBUG:colcon.colcon_parallel_executor.executor.parallel:run_until_complete finished with '0'
[7.422s] DEBUG:colcon.colcon_core.event_reactor:joining thread
[7.445s] INFO:colcon.colcon_core.plugin_system:Skipping extension 'colcon_notification.desktop_notification.terminal_notifier': Not used on non-Darwin systems
[7.446s] INFO:colcon.colcon_core.plugin_system:Skipping extension 'colcon_notification.desktop_notification.win32': Not used on non-Windows systems
[7.446s] INFO:colcon.colcon_notification.desktop_notification:Sending desktop notification using 'notify2'
[7.518s] DEBUG:colcon.colcon_core.event_reactor:joined thread
[7.519s] INFO:colcon.colcon_core.shell:Creating prefix script '/home/menna/Distributed-Smart-Exam-Proctoring-System-using-ROS2/install/local_setup.ps1'
[7.522s] INFO:colcon.colcon_core.shell:Creating prefix util module '/home/menna/Distributed-Smart-Exam-Proctoring-System-using-ROS2/install/_local_setup_util_ps1.py'
[7.526s] INFO:colcon.colcon_core.shell:Creating prefix chain script '/home/menna/Distributed-Smart-Exam-Proctoring-System-using-ROS2/install/setup.ps1'
[7.530s] INFO:colcon.colcon_core.shell:Creating prefix script '/home/menna/Distributed-Smart-Exam-Proctoring-System-using-ROS2/install/local_setup.sh'
[7.532s] INFO:colcon.colcon_core.shell:Creating prefix util module '/home/menna/Distributed-Smart-Exam-Proctoring-System-using-ROS2/install/_local_setup_util_sh.py'
[7.534s] INFO:colcon.colcon_core.shell:Creating prefix chain script '/home/menna/Distributed-Smart-Exam-Proctoring-System-using-ROS2/install/setup.sh'
[7.538s] INFO:colcon.colcon_core.shell:Creating prefix script '/home/menna/Distributed-Smart-Exam-Proctoring-System-using-ROS2/install/local_setup.bash'
[7.540s] INFO:colcon.colcon_core.shell:Creating prefix chain script '/home/menna/Distributed-Smart-Exam-Proctoring-System-using-ROS2/install/setup.bash'
[7.543s] INFO:colcon.colcon_core.shell:Creating prefix script '/home/menna/Distributed-Smart-Exam-Proctoring-System-using-ROS2/install/local_setup.zsh'
[7.545s] INFO:colcon.colcon_core.shell:Creating prefix chain script '/home/menna/Distributed-Smart-Exam-Proctoring-System-using-ROS2/install/setup.zsh'
