[2.104s] Invoking command in '/home/menna/Distributed-Smart-Exam-Proctoring-System-using-ROS2/src/exam_proctoring_pkg': DEBUGINFOD_URLS=https://debuginfod.ubuntu.com PS1=${debian_chroot:+($debian_chroot)}\[\033[01;32m\]\u@\h\[\033[00m\]:\[\033[01;34m\]\w\[\033[00m\]\$ PYTHONPATH=/home/menna/Distributed-Smart-Exam-Proctoring-System-using-ROS2/build/exam_proctoring_pkg/prefix_override:/usr/lib/python3/dist-packages/colcon_core/task/python/colcon_distutils_commands:/home/menna/Distributed-Smart-Exam-Proctoring-System-using-ROS2/install/exam_proctoring_pkg/lib/python3.12/site-packages:${PYTHONPATH} VIRTUAL_ENV_PROMPT=(venv-ardupilot) /usr/bin/python3 -W ignore:setup.py install is deprecated -W ignore:easy_install command is deprecated setup.py egg_info --egg-base ../../build/exam_proctoring_pkg build --build-base /home/menna/Distributed-Smart-Exam-Proctoring-System-using-ROS2/build/exam_proctoring_pkg/build install --record /home/menna/Distributed-Smart-Exam-Proctoring-System-using-ROS2/build/exam_proctoring_pkg/install.log --single-version-externally-managed install_data
[2.610s] running egg_info
[2.644s] writing ../../build/exam_proctoring_pkg/exam_proctoring_pkg.egg-info/PKG-INFO
[2.644s] writing dependency_links to ../../build/exam_proctoring_pkg/exam_proctoring_pkg.egg-info/dependency_links.txt
[2.644s] writing entry points to ../../build/exam_proctoring_pkg/exam_proctoring_pkg.egg-info/entry_points.txt
[2.644s] writing requirements to ../../build/exam_proctoring_pkg/exam_proctoring_pkg.egg-info/requires.txt
[2.645s] writing top-level names to ../../build/exam_proctoring_pkg/exam_proctoring_pkg.egg-info/top_level.txt
[2.715s] reading manifest file '../../build/exam_proctoring_pkg/exam_proctoring_pkg.egg-info/SOURCES.txt'
[2.717s] writing manifest file '../../build/exam_proctoring_pkg/exam_proctoring_pkg.egg-info/SOURCES.txt'
[2.717s] running build
[2.717s] running build_py
[2.718s] copying exam_proctoring_pkg/face_detector.py -> /home/menna/Distributed-Smart-Exam-Proctoring-System-using-ROS2/build/exam_proctoring_pkg/build/lib/exam_proctoring_pkg
[2.718s] running install
[2.726s] running install_lib
[2.762s] copying /home/menna/Distributed-Smart-Exam-Proctoring-System-using-ROS2/build/exam_proctoring_pkg/build/lib/exam_proctoring_pkg/face_detector.py -> /home/menna/Distributed-Smart-Exam-Proctoring-System-using-ROS2/install/exam_proctoring_pkg/lib/python3.12/site-packages/exam_proctoring_pkg
[2.763s] byte-compiling /home/menna/Distributed-Smart-Exam-Proctoring-System-using-ROS2/install/exam_proctoring_pkg/lib/python3.12/site-packages/exam_proctoring_pkg/face_detector.py to face_detector.cpython-312.pyc
[2.765s] running install_data
[2.765s] running install_egg_info
[2.801s] removing '/home/menna/Distributed-Smart-Exam-Proctoring-System-using-ROS2/install/exam_proctoring_pkg/lib/python3.12/site-packages/exam_proctoring_pkg-0.0.0-py3.12.egg-info' (and everything under it)
[2.801s] Copying ../../build/exam_proctoring_pkg/exam_proctoring_pkg.egg-info to /home/menna/Distributed-Smart-Exam-Proctoring-System-using-ROS2/install/exam_proctoring_pkg/lib/python3.12/site-packages/exam_proctoring_pkg-0.0.0-py3.12.egg-info
[2.803s] running install_scripts
[3.021s] Installing camera_streamer script to /home/menna/Distributed-Smart-Exam-Proctoring-System-using-ROS2/install/exam_proctoring_pkg/lib/exam_proctoring_pkg
[3.021s] Installing depth_estimator script to /home/menna/Distributed-Smart-Exam-Proctoring-System-using-ROS2/install/exam_proctoring_pkg/lib/exam_proctoring_pkg
[3.021s] Installing face_detector script to /home/menna/Distributed-Smart-Exam-Proctoring-System-using-ROS2/install/exam_proctoring_pkg/lib/exam_proctoring_pkg
[3.022s] writing list of installed files to '/home/menna/Distributed-Smart-Exam-Proctoring-System-using-ROS2/build/exam_proctoring_pkg/install.log'
[3.064s] Invoked command in '/home/menna/Distributed-Smart-Exam-Proctoring-System-using-ROS2/src/exam_proctoring_pkg' returned '0': DEBUGINFOD_URLS=https://debuginfod.ubuntu.com PS1=${debian_chroot:+($debian_chroot)}\[\033[01;32m\]\u@\h\[\033[00m\]:\[\033[01;34m\]\w\[\033[00m\]\$ PYTHONPATH=/home/menna/Distributed-Smart-Exam-Proctoring-System-using-ROS2/build/exam_proctoring_pkg/prefix_override:/usr/lib/python3/dist-packages/colcon_core/task/python/colcon_distutils_commands:/home/menna/Distributed-Smart-Exam-Proctoring-System-using-ROS2/install/exam_proctoring_pkg/lib/python3.12/site-packages:${PYTHONPATH} VIRTUAL_ENV_PROMPT=(venv-ardupilot) /usr/bin/python3 -W ignore:setup.py install is deprecated -W ignore:easy_install command is deprecated setup.py egg_info --egg-base ../../build/exam_proctoring_pkg build --build-base /home/menna/Distributed-Smart-Exam-Proctoring-System-using-ROS2/build/exam_proctoring_pkg/build install --record /home/menna/Distributed-Smart-Exam-Proctoring-System-using-ROS2/build/exam_proctoring_pkg/install.log --single-version-externally-managed install_data
